#
# A fatal error has been detected by the Java Runtime Environment:
#
#  SIGSEGV (0xb) at pc=0x00002b5d81ab70c7, pid=32705, tid=47680681113920
#
# JRE version: Java(TM) SE Runtime Environment (7.0_72-b14) (build 1.7.0_72-b14)
# Java VM: Java HotSpot(TM) 64-Bit Server VM (24.72-b04 mixed mode linux-amd64 compressed oops)
# Problematic frame:
# V  [libjvm.so+0x8870c7]  oopDesc* PSPromotionManager::copy_to_survivor_space<false>(oopDesc*)+0x177
#
# Failed to write core dump. Core dumps have been disabled. To enable core dumping, try "ulimit -c unlimited" before starting Java again
#
# If you would like to submit a bug report, please visit:
#   http://bugreport.sun.com/bugreport/crash.jsp
#

---------------  T H R E A D  ---------------

Current thread (0x000000001a788800):  GCTaskThread [stack: 0x00002b5d85ff7000,0x00002b5d860f8000] [id=32709]

siginfo:si_signo=SIGSEGV: si_errno=0, si_code=1 (SEGV_MAPERR), si_addr=0x000000076f62e010

Registers:
RAX=0x00002b5d82053220, RBX=0x00000007ff879edc, RCX=0x0000000000000003, RDX=0x000000076f62dff8
RSP=0x00002b5d860f6d00, RBP=0x00002b5d860f6d70, RSI=0x00000007ffe9f180, RDI=0x000000076f62e008
R8 =0x0000000000000001, R9 =0x00002b5d8206e9f8, R10=0x00000000ffeaf5fe, R11=0x00002b5d860f6e20
R12=0x00000007ffe9f180, R13=0x000000000000002d, R14=0x0000000000000000, R15=0x000000001a7cfd50
RIP=0x00002b5d81ab70c7, EFLAGS=0x0000000000010202, CSGSFS=0x0000000000000033, ERR=0x0000000000000004
  TRAPNO=0x000000000000000e

Top of Stack: (sp=0x00002b5d860f6d00)
0x00002b5d860f6d00:   00002b5d860f6d80 00002b5d8206e9f8
0x00002b5d860f6d10:   0000000000000018 000000001a7cfce0
0x00002b5d860f6d20:   00000007b1e06a88 0000000000000400
0x00002b5d860f6d30:   00000007ff875770 0000000000001000
0x00002b5d860f6d40:   000000001a7cfd10 00000007ff879edc
0x00002b5d860f6d50:   000000001a7cfce0 00002b5d82053220
0x00002b5d860f6d60:   0000000000000000 000000001a7cfd50
0x00002b5d860f6d70:   00002b5d860f6e60 00002b5d81ab68a0
0x00002b5d860f6d80:   0000003c87810341 00002b5d860f6df0
0x00002b5d860f6d90:   00002b5d860f6e00 00002b5d860f6dc0
0x00002b5d860f6da0:   00002b5d860f6dd0 00002b5d860f6e20
0x00002b5d860f6db0:   00000007b1b5e788 000000001a7cfd80
0x00002b5d860f6dc0:   00000007a7a3eb10 000000001a7cfce0
0x00002b5d860f6dd0:   000000001a783850 00002b5d85a76201
0x00002b5d860f6de0:   00002b5d860f6e60 00002b5d81a2ce4f
0x00002b5d860f6df0:   00000007a7a3eca1 00002b5d8181713e
0x00002b5d860f6e00:   000000077f62d450 00000007a7a3eca0
0x00002b5d860f6e10:   00002b5d860f6e60 00002b5d817e2d68
0x00002b5d860f6e20:   00000007ff879edd 000000001a7cfd48
0x00002b5d860f6e30:   0000003c8780ae70 00000007a7a3ee00
0x00002b5d860f6e40:   00000007a7a3ee00 00002b5d85a761f7
0x00002b5d860f6e50:   000000001a783850 00002b5d85a76201
0x00002b5d860f6e60:   00002b5d860f6f20 00002b5d815ecbd6
0x00002b5d860f6e70:   000000001a787e60 00002b5d85a76200
0x00002b5d860f6e80:   00002b5d85a76181 00002b5d8206e9f8
0x00002b5d860f6e90:   000000001a7cfce0 00000007b1dbea88
0x00002b5d860f6ea0:   000000001a783580 00002b5d85ac7df6
0x00002b5d860f6eb0:   00000007a7a30208 0000000000000200
0x00002b5d860f6ec0:   00000007a7a40020 00002b5d85a761f5
0x00002b5d860f6ed0:   0000000000000240 00002b5d85a76200
0x00002b5d860f6ee0:   00002b5d85a76380 00002b5d85a761f7
0x00002b5d860f6ef0:   00002b5d85a761f5 000000001a790310 

Instructions: (pc=0x00002b5d81ab70c7)
0x00002b5d81ab70a7:   83 f8 05 75 d3 31 db eb d6 48 8b 05 01 f4 57 00
0x00002b5d81ab70b7:   8b 56 08 8b 48 08 48 d3 e2 48 03 10 48 8d 7a 10
0x00002b5d81ab70c7:   8b 77 08 83 fe 00 0f 8f db fe ff ff 0f 85 07 03
0x00002b5d81ab70d7:   00 00 0f 1f 80 00 00 00 00 48 8b 07 4c 89 e6 4c 

Register to memory mapping:

RAX=0x00002b5d82053220: <offset 0xe23220> in /usr/java/jdk1.7.0_72/jre/lib/amd64/server/libjvm.so at 0x00002b5d81230000
RBX=0x00000007ff879edc is an unknown value
RCX=0x0000000000000003 is an unknown value
RDX=0x000000076f62dff8 is an unknown value
RSP=0x00002b5d860f6d00 is an unknown value
RBP=0x00002b5d860f6d70 is an unknown value
RSI=0x00000007ffe9f180 is an unknown value
RDI=0x000000076f62e008 is an unknown value
R8 =0x0000000000000001 is an unknown value
R9 =0x00002b5d8206e9f8: <offset 0xe3e9f8> in /usr/java/jdk1.7.0_72/jre/lib/amd64/server/libjvm.so at 0x00002b5d81230000
R10=0x00000000ffeaf5fe is an unknown value
R11=0x00002b5d860f6e20 is an unknown value
R12=0x00000007ffe9f180 is an unknown value
R13=0x000000000000002d is an unknown value
R14=0x0000000000000000 is an unknown value
R15=0x000000001a7cfd50 is an unknown value


Stack: [0x00002b5d85ff7000,0x00002b5d860f8000],  sp=0x00002b5d860f6d00,  free space=1023k
Native frames: (J=compiled Java code, j=interpreted, Vv=VM code, C=native code)
V  [libjvm.so+0x8870c7]  oopDesc* PSPromotionManager::copy_to_survivor_space<false>(oopDesc*)+0x177
V  [libjvm.so+0x8868a0]  PSPromotionManager::drain_stacks_depth(bool)+0x7c0
V  [libjvm.so+0x3bcbd6]  CardTableExtension::scavenge_contents_parallel(ObjectStartArray*, MutableSpace*, HeapWord*, PSPromotionManager*, unsigned int, unsigned int)+0xb56
V  [libjvm.so+0x88a26b]  OldToYoungRootsTask::do_it(GCTaskManager*, unsigned int)+0x4b
V  [libjvm.so+0x55737f]  GCTaskThread::run()+0x12f
V  [libjvm.so+0x820c28]  java_start(Thread*)+0x108


---------------  P R O C E S S  ---------------

Java Threads: ( => current thread )
  0x000000001ae80000 JavaThread "WeakCollectionCleaner" daemon [_thread_blocked, id=32725, stack(0x00002b5d95005000,0x00002b5d95106000)]
  0x000000001abae800 JavaThread "GT authority factory disposer" daemon [_thread_blocked, id=32722, stack(0x00002b5d8fe7e000,0x00002b5d8ff7f000)]
  0x000000001a810000 JavaThread "Service Thread" daemon [_thread_blocked, id=32720, stack(0x00002b5d8f730000,0x00002b5d8f831000)]
  0x000000001a80d800 JavaThread "C2 CompilerThread1" daemon [_thread_blocked, id=32719, stack(0x00002b5d8f62f000,0x00002b5d8f730000)]
  0x000000001a802000 JavaThread "C2 CompilerThread0" daemon [_thread_blocked, id=32718, stack(0x00002b5d8f52e000,0x00002b5d8f62f000)]
  0x000000001a7ff800 JavaThread "Signal Dispatcher" daemon [_thread_blocked, id=32717, stack(0x00002b5d8f42d000,0x00002b5d8f52e000)]
  0x000000001a7d8800 JavaThread "Finalizer" daemon [_thread_blocked, id=32716, stack(0x00002b5d8bd55000,0x00002b5d8be56000)]
  0x000000001a7d6800 JavaThread "Reference Handler" daemon [_thread_blocked, id=32715, stack(0x00002b5d8bc54000,0x00002b5d8bd55000)]
  0x000000001a772800 JavaThread "main" [_thread_blocked, id=32708, stack(0x00002b5d820a7000,0x00002b5d821a8000)]

Other Threads:
  0x000000001a7d2000 VMThread [stack: 0x00002b5d8bb53000,0x00002b5d8bc54000] [id=32714]
  0x000000001a88f000 WatcherThread [stack: 0x00002b5d8f831000,0x00002b5d8f932000] [id=32721]

=>0x000000001a788800 (exited) GCTaskThread [stack: 0x00002b5d85ff7000,0x00002b5d860f8000] [id=32709]

VM state:at safepoint (normal execution)

VM Mutex/Monitor currently owned by a thread:  ([mutex/lock_event])
[0x000000001a770ff0] Threads_lock - owner thread: 0x000000001a7d2000
[0x000000001a7714f0] Heap_lock - owner thread: 0x000000001a772800

Heap
 PSYoungGen      total 669184K, used 667774K [0x00000007d6c00000, 0x0000000800000000, 0x0000000800000000)
  eden space 662528K, 99% used [0x00000007d6c00000,0x00000007ff23ab28,0x00000007ff300000)
  from space 6656K, 90% used [0x00000007ff980000,0x00000007fff64d38,0x0000000800000000)
  to   space 6656K, 88% used [0x00000007ff300000,0x00000007ff8c5770,0x00000007ff980000)
 ParOldGen       total 850432K, used 747594K [0x0000000784400000, 0x00000007b8280000, 0x00000007d6c00000)
  object space 850432K, 87% used [0x0000000784400000,0x00000007b1e12a88,0x00000007b8280000)
 PSPermGen       total 29184K, used 16112K [0x000000077f200000, 0x0000000780e80000, 0x0000000784400000)
  object space 29184K, 55% used [0x000000077f200000,0x00000007801bc0f8,0x0000000780e80000)

Card table byte_map: [0x00002b5d85932000,0x00002b5d85d3a000] byte_map_base: 0x00002b5d81d39000

Polling page: 0x00002b5d825e1000

Code Cache  [0x00002b5d82872000, 0x00002b5d82ae2000, 0x00002b5d85872000)
 total_blobs=953 nmethods=590 adapters=317 free_code_cache=47304Kb largest_free_block=48404096

Compilation events (10 events):
Event: 29.664 Thread 0x000000001a80d800 nmethod 625 0x00002b5d82a31850 code [0x00002b5d82a31a40, 0x00002b5d82a31ff0]
Event: 29.664 Thread 0x000000001a80d800  626             com.vividsolutions.jts.index.quadtree.NodeBase::add (12 bytes)
Event: 29.666 Thread 0x000000001a802000 nmethod 624 0x00002b5d82a44150 code [0x00002b5d82a44380, 0x00002b5d82a44c30]
Event: 29.666 Thread 0x000000001a802000  627             org.geotools.data.store.ContentState::fireFeatureAdded (67 bytes)
Event: 29.668 Thread 0x000000001a80d800 nmethod 626 0x00002b5d82a347d0 code [0x00002b5d82a34940, 0x00002b5d82a34b98]
Event: 29.668 Thread 0x000000001a80d800  628   !         java.util.Collections$SynchronizedCollection::isEmpty (24 bytes)
Event: 29.669 Thread 0x000000001a802000 nmethod 627 0x00002b5d82a310d0 code [0x00002b5d82a31240, 0x00002b5d82a315e8]
Event: 29.669 Thread 0x000000001a802000  629 % !         org.geotools.data.store.ContentFeatureStore::addFeatures @ 21 (100 bytes)
Event: 29.671 Thread 0x000000001a80d800 nmethod 628 0x00002b5d82a30bd0 code [0x00002b5d82a30d20, 0x00002b5d82a30fb8]
Event: 29.678 Thread 0x000000001a802000 nmethod 629% 0x00002b5d82a45f90 code [0x00002b5d82a46140, 0x00002b5d82a466c8]

GC Heap History (10 events):
Event: 138.388 GC heap after
Heap after GC invocations=235 (full 5):
 PSYoungGen      total 668160K, used 6057K [0x00000007d6c00000, 0x0000000800000000, 0x0000000800000000)
  eden space 661504K, 0% used [0x00000007d6c00000,0x00000007d6c00000,0x00000007ff200000)
  from space 6656K, 91% used [0x00000007ff880000,0x00000007ffe6a428,0x00000007fff00000)
  to   space 6656K, 0% used [0x00000007ff200000,0x00000007ff200000,0x00000007ff880000)
 ParOldGen       total 850432K, used 744849K [0x0000000784400000, 0x00000007b8280000, 0x00000007d6c00000)
  object space 850432K, 87% used [0x0000000784400000,0x00000007b1b64788,0x00000007b8280000)
 PSPermGen       total 29184K, used 16112K [0x000000077f200000, 0x0000000780e80000, 0x0000000784400000)
  object space 29184K, 55% used [0x000000077f200000,0x00000007801bc0f8,0x0000000780e80000)
}
Event: 138.796 GC heap before
{Heap before GC invocations=236 (full 5):
 PSYoungGen      total 668160K, used 667133K [0x00000007d6c00000, 0x0000000800000000, 0x0000000800000000)
  eden space 661504K, 99% used [0x00000007d6c00000,0x00000007ff195138,0x00000007ff200000)
  from space 6656K, 91% used [0x00000007ff880000,0x00000007ffe6a428,0x00000007fff00000)
  to   space 6656K, 0% used [0x00000007ff200000,0x00000007ff200000,0x00000007ff880000)
 ParOldGen       total 850432K, used 744849K [0x0000000784400000, 0x00000007b8280000, 0x00000007d6c00000)
  object space 850432K, 87% used [0x0000000784400000,0x00000007b1b64788,0x00000007b8280000)
 PSPermGen       total 29184K, used 16112K [0x000000077f200000, 0x0000000780e80000, 0x0000000784400000)
  object space 29184K, 55% used [0x000000077f200000,0x00000007801bc0f8,0x0000000780e80000)
Event: 138.846 GC heap after
Heap after GC invocations=236 (full 5):
 PSYoungGen      total 668160K, used 5995K [0x00000007d6c00000, 0x0000000800000000, 0x0000000800000000)
  eden space 661504K, 0% used [0x00000007d6c00000,0x00000007d6c00000,0x00000007ff200000)
  from space 6656K, 90% used [0x00000007ff200000,0x00000007ff7dae78,0x00000007ff880000)
  to   space 6656K, 0% used [0x00000007ff980000,0x00000007ff980000,0x0000000800000000)
 ParOldGen       total 850432K, used 745201K [0x0000000784400000, 0x00000007b8280000, 0x00000007d6c00000)
  object space 850432K, 87% used [0x0000000784400000,0x00000007b1bbc788,0x00000007b8280000)
 PSPermGen       total 29184K, used 16112K [0x000000077f200000, 0x0000000780e80000, 0x0000000784400000)
  object space 29184K, 55% used [0x000000077f200000,0x00000007801bc0f8,0x0000000780e80000)
}
Event: 139.434 GC heap before
{Heap before GC invocations=237 (full 5):
 PSYoungGen      total 668160K, used 666739K [0x00000007d6c00000, 0x0000000800000000, 0x0000000800000000)
  eden space 661504K, 99% used [0x00000007d6c00000,0x00000007ff142028,0x00000007ff200000)
  from space 6656K, 90% used [0x00000007ff200000,0x00000007ff7dae78,0x00000007ff880000)
  to   space 6656K, 0% used [0x00000007ff980000,0x00000007ff980000,0x0000000800000000)
 ParOldGen       total 850432K, used 745201K [0x0000000784400000, 0x00000007b8280000, 0x00000007d6c00000)
  object space 850432K, 87% used [0x0000000784400000,0x00000007b1bbc788,0x00000007b8280000)
 PSPermGen       total 29184K, used 16112K [0x000000077f200000, 0x0000000780e80000, 0x0000000784400000)
  object space 29184K, 55% used [0x000000077f200000,0x00000007801bc0f8,0x0000000780e80000)
Event: 139.479 GC heap after
Heap after GC invocations=237 (full 5):
 PSYoungGen      total 669184K, used 5998K [0x00000007d6c00000, 0x0000000800000000, 0x0000000800000000)
  eden space 662528K, 0% used [0x00000007d6c00000,0x00000007d6c00000,0x00000007ff300000)
  from space 6656K, 90% used [0x00000007ff980000,0x00000007fff5b8b8,0x0000000800000000)
  to   space 6656K, 0% used [0x00000007ff300000,0x00000007ff300000,0x00000007ff980000)
 ParOldGen       total 850432K, used 745545K [0x0000000784400000, 0x00000007b8280000, 0x00000007d6c00000)
  object space 850432K, 87% used [0x0000000784400000,0x00000007b1c12788,0x00000007b8280000)
 PSPermGen       total 29184K, used 16112K [0x000000077f200000, 0x0000000780e80000, 0x0000000784400000)
  object space 29184K, 55% used [0x000000077f200000,0x00000007801bc0f8,0x0000000780e80000)
}
Event: 139.920 GC heap before
{Heap before GC invocations=238 (full 5):
 PSYoungGen      total 669184K, used 668425K [0x00000007d6c00000, 0x0000000800000000, 0x0000000800000000)
  eden space 662528K, 99% used [0x00000007d6c00000,0x00000007ff2e6c88,0x00000007ff300000)
  from space 6656K, 90% used [0x00000007ff980000,0x00000007fff5b8b8,0x0000000800000000)
  to   space 6656K, 0% used [0x00000007ff300000,0x00000007ff300000,0x00000007ff980000)
 ParOldGen       total 850432K, used 745545K [0x0000000784400000, 0x00000007b8280000, 0x00000007d6c00000)
  object space 850432K, 87% used [0x0000000784400000,0x00000007b1c12788,0x00000007b8280000)
 PSPermGen       total 29184K, used 16112K [0x000000077f200000, 0x0000000780e80000, 0x0000000784400000)
  object space 29184K, 55% used [0x000000077f200000,0x00000007801bc0f8,0x0000000780e80000)
Event: 139.999 GC heap after
Heap after GC invocations=238 (full 5):
 PSYoungGen      total 669184K, used 6032K [0x00000007d6c00000, 0x0000000800000000, 0x0000000800000000)
  eden space 662528K, 0% used [0x00000007d6c00000,0x00000007d6c00000,0x00000007ff300000)
  from space 6656K, 90% used [0x00000007ff300000,0x00000007ff8e4300,0x00000007ff980000)
  to   space 6656K, 0% used [0x00000007ff980000,0x00000007ff980000,0x0000000800000000)
 ParOldGen       total 850432K, used 746906K [0x0000000784400000, 0x00000007b8280000, 0x00000007d6c00000)
  object space 850432K, 87% used [0x0000000784400000,0x00000007b1d66a88,0x00000007b8280000)
 PSPermGen       total 29184K, used 16112K [0x000000077f200000, 0x0000000780e80000, 0x0000000784400000)
  object space 29184K, 55% used [0x000000077f200000,0x00000007801bc0f8,0x0000000780e80000)
}
Event: 140.774 GC heap before
{Heap before GC invocations=239 (full 5):
 PSYoungGen      total 669184K, used 668139K [0x00000007d6c00000, 0x0000000800000000, 0x0000000800000000)
  eden space 662528K, 99% used [0x00000007d6c00000,0x00000007ff296c88,0x00000007ff300000)
  from space 6656K, 90% used [0x00000007ff300000,0x00000007ff8e4300,0x00000007ff980000)
  to   space 6656K, 0% used [0x00000007ff980000,0x00000007ff980000,0x0000000800000000)
 ParOldGen       total 850432K, used 746906K [0x0000000784400000, 0x00000007b8280000, 0x00000007d6c00000)
  object space 850432K, 87% used [0x0000000784400000,0x00000007b1d66a88,0x00000007b8280000)
 PSPermGen       total 29184K, used 16112K [0x000000077f200000, 0x0000000780e80000, 0x0000000784400000)
  object space 29184K, 55% used [0x000000077f200000,0x00000007801bc0f8,0x0000000780e80000)
Event: 140.892 GC heap after
Heap after GC invocations=239 (full 5):
 PSYoungGen      total 669184K, used 6035K [0x00000007d6c00000, 0x0000000800000000, 0x0000000800000000)
  eden space 662528K, 0% used [0x00000007d6c00000,0x00000007d6c00000,0x00000007ff300000)
  from space 6656K, 90% used [0x00000007ff980000,0x00000007fff64d38,0x0000000800000000)
  to   space 6656K, 0% used [0x00000007ff300000,0x00000007ff300000,0x00000007ff980000)
 ParOldGen       total 850432K, used 747258K [0x0000000784400000, 0x00000007b8280000, 0x00000007d6c00000)
  object space 850432K, 87% used [0x0000000784400000,0x00000007b1dbea88,0x00000007b8280000)
 PSPermGen       total 29184K, used 16112K [0x000000077f200000, 0x0000000780e80000, 0x0000000784400000)
  object space 29184K, 55% used [0x000000077f200000,0x00000007801bc0f8,0x0000000780e80000)
}
Event: 141.335 GC heap before
{Heap before GC invocations=240 (full 5):
 PSYoungGen      total 669184K, used 667774K [0x00000007d6c00000, 0x0000000800000000, 0x0000000800000000)
  eden space 662528K, 99% used [0x00000007d6c00000,0x00000007ff23ab28,0x00000007ff300000)
  from space 6656K, 90% used [0x00000007ff980000,0x00000007fff64d38,0x0000000800000000)
  to   space 6656K, 0% used [0x00000007ff300000,0x00000007ff300000,0x00000007ff980000)
 ParOldGen       total 850432K, used 747258K [0x0000000784400000, 0x00000007b8280000, 0x00000007d6c00000)
  object space 850432K, 87% used [0x0000000784400000,0x00000007b1dbea88,0x00000007b8280000)
 PSPermGen       total 29184K, used 16112K [0x000000077f200000, 0x0000000780e80000, 0x0000000784400000)
  object space 29184K, 55% used [0x000000077f200000,0x00000007801bc0f8,0x0000000780e80000)

Deoptimization events (10 events):
Event: 24.625 Thread 0x000000001a772800 Uncommon trap: reason=predicate action=maybe_recompile pc=0x00002b5d829fc080 method=java.util.Arrays.fill([Ljava/lang/Object;Ljava/lang/Object;)V @ 10
Event: 24.651 Thread 0x000000001a772800 Uncommon trap: reason=class_check action=maybe_recompile pc=0x00002b5d829d0848 method=com.vividsolutions.jts.geom.Point.init(Lcom/vividsolutions/jts/geom/CoordinateSequence;)V @ 22
Event: 24.651 Thread 0x000000001a772800 Uncommon trap: reason=null_check action=make_not_entrant pc=0x00002b5d8294fb24 method=java.lang.Boolean.equals(Ljava/lang/Object;)Z @ 1
Event: 24.655 Thread 0x000000001a772800 Uncommon trap: reason=unreached action=reinterpret pc=0x00002b5d829cc564 method=org.geotools.feature.simple.SimpleFeatureBuilder.convert(Ljava/lang/Object;Lorg/opengis/feature/type/AttributeDescriptor;)Ljava/lang/Object; @ 1
Event: 24.655 Thread 0x000000001a772800 Uncommon trap: reason=unreached action=reinterpret pc=0x00002b5d829ca980 method=org.geotools.feature.simple.SimpleFeatureBuilder.convert(Ljava/lang/Object;Lorg/opengis/feature/type/AttributeDescriptor;)Ljava/lang/Object; @ 1
Event: 24.655 Thread 0x000000001a772800 Uncommon trap: reason=unreached action=reinterpret pc=0x00002b5d829d889c method=org.geotools.feature.simple.SimpleFeatureBuilder.buildFeature(Ljava/lang/String;)Lorg/opengis/feature/simple/SimpleFeature; @ 1
Event: 24.655 Thread 0x000000001a772800 Uncommon trap: reason=unreached action=reinterpret pc=0x00002b5d829c85c4 method=org.geotools.util.Converters.convert(Ljava/lang/Object;Ljava/lang/Class;Lorg/geotools/factory/Hints;)Ljava/lang/Object; @ 13
Event: 24.682 Thread 0x000000001a772800 Uncommon trap: reason=unreached action=reinterpret pc=0x00002b5d828efe9c method=java.util.HashMap.get(Ljava/lang/Object;)Ljava/lang/Object; @ 1
Event: 24.687 Thread 0x000000001a772800 Uncommon trap: reason=unreached action=reinterpret pc=0x00002b5d829c8c44 method=org.geotools.feature.simple.SimpleFeatureBuilder.convert(Ljava/lang/Object;Lorg/opengis/feature/type/AttributeDescriptor;)Ljava/lang/Object; @ 1
Event: 24.687 Thread 0x000000001a772800 Uncommon trap: reason=unreached action=reinterpret pc=0x00002b5d829cb64c method=org.geotools.util.Converters.convert(Ljava/lang/Object;Ljava/lang/Class;Lorg/geotools/factory/Hints;)Ljava/lang/Object; @ 13

Internal exceptions (10 events):
Event: 24.682 Thread 0x000000001a772800 Implicit null exception at 0x00002b5d828efcf5 to 0x00002b5d828efe8d
Event: 24.682 Thread 0x000000001a772800 Threw 0x00000007de458540 at /HUDSON/workspace/7u-2-build-linux-amd64/jdk7u72/1606/hotspot/src/share/vm/prims/jvm.cpp:1281
Event: 24.683 Thread 0x000000001a772800 Threw 0x00000007de471b00 at /HUDSON/workspace/7u-2-build-linux-amd64/jdk7u72/1606/hotspot/src/share/vm/prims/jvm.cpp:1281
Event: 24.684 Thread 0x000000001a772800 Threw 0x00000007de4763a8 at /HUDSON/workspace/7u-2-build-linux-amd64/jdk7u72/1606/hotspot/src/share/vm/prims/jvm.cpp:1281
Event: 24.684 Thread 0x000000001a772800 Threw 0x00000007de47a6e8 at /HUDSON/workspace/7u-2-build-linux-amd64/jdk7u72/1606/hotspot/src/share/vm/prims/jvm.cpp:1281
Event: 24.685 Thread 0x000000001a772800 Threw 0x00000007de4812e0 at /HUDSON/workspace/7u-2-build-linux-amd64/jdk7u72/1606/hotspot/src/share/vm/prims/jvm.cpp:1281
Event: 24.686 Thread 0x000000001a772800 Threw 0x00000007de487e48 at /HUDSON/workspace/7u-2-build-linux-amd64/jdk7u72/1606/hotspot/src/share/vm/prims/jvm.cpp:1281
Event: 24.686 Thread 0x000000001a772800 Threw 0x00000007de48e208 at /HUDSON/workspace/7u-2-build-linux-amd64/jdk7u72/1606/hotspot/src/share/vm/prims/jvm.cpp:1281
Event: 24.687 Thread 0x000000001a772800 Threw 0x00000007de4960d8 at /HUDSON/workspace/7u-2-build-linux-amd64/jdk7u72/1606/hotspot/src/share/vm/prims/jvm.cpp:1281
Event: 24.687 Thread 0x000000001a772800 Implicit null exception at 0x00002b5d829c89cc to 0x00002b5d829c8c31

Events (10 events):
Event: 138.388 Executing VM operation: ParallelGCFailedAllocation done
Event: 138.796 Executing VM operation: ParallelGCFailedAllocation
Event: 138.846 Executing VM operation: ParallelGCFailedAllocation done
Event: 139.433 Executing VM operation: ParallelGCFailedAllocation
Event: 139.479 Executing VM operation: ParallelGCFailedAllocation done
Event: 139.920 Executing VM operation: ParallelGCFailedAllocation
Event: 139.999 Executing VM operation: ParallelGCFailedAllocation done
Event: 140.774 Executing VM operation: ParallelGCFailedAllocation
Event: 140.892 Executing VM operation: ParallelGCFailedAllocation done
Event: 141.335 Executing VM operation: ParallelGCFailedAllocation


Dynamic libraries:
00400000-00401000 r-xp 00000000 08:01 69034                              /usr/java/jdk1.7.0_72/bin/java
00600000-00601000 rw-p 00000000 08:01 69034                              /usr/java/jdk1.7.0_72/bin/java
1a765000-1b2f1000 rw-p 1a765000 00:00 0                                  [heap]
77f200000-780e80000 rw-p 77f200000 00:00 0 
780e80000-781000000 ---p 780e80000 00:00 0 
781000000-784400000 rw-p 781000000 00:00 0 
784400000-7b8280000 rw-p 784400000 00:00 0 
7b8280000-7d6c00000 rw-p 7b8280000 00:00 0 
7d6c00000-800000000 rw-p 7d6c00000 00:00 0 
3c86400000-3c8641c000 r-xp 00000000 08:01 3953492                        /lib64/ld-2.5.so
3c8661c000-3c8661d000 r--p 0001c000 08:01 3953492                        /lib64/ld-2.5.so
3c8661d000-3c8661e000 rw-p 0001d000 08:01 3953492                        /lib64/ld-2.5.so
3c86800000-3c8694f000 r-xp 00000000 08:01 3953681                        /lib64/libc-2.5.so
3c8694f000-3c86b4f000 ---p 0014f000 08:01 3953681                        /lib64/libc-2.5.so
3c86b4f000-3c86b53000 r--p 0014f000 08:01 3953681                        /lib64/libc-2.5.so
3c86b53000-3c86b54000 rw-p 00153000 08:01 3953681                        /lib64/libc-2.5.so
3c86b54000-3c86b59000 rw-p 3c86b54000 00:00 0 
3c86c00000-3c86c82000 r-xp 00000000 08:01 3953698                        /lib64/libm-2.5.so
3c86c82000-3c86e81000 ---p 00082000 08:01 3953698                        /lib64/libm-2.5.so
3c86e81000-3c86e82000 r--p 00081000 08:01 3953698                        /lib64/libm-2.5.so
3c86e82000-3c86e83000 rw-p 00082000 08:01 3953698                        /lib64/libm-2.5.so
3c87000000-3c87002000 r-xp 00000000 08:01 3953699                        /lib64/libdl-2.5.so
3c87002000-3c87202000 ---p 00002000 08:01 3953699                        /lib64/libdl-2.5.so
3c87202000-3c87203000 r--p 00002000 08:01 3953699                        /lib64/libdl-2.5.so
3c87203000-3c87204000 rw-p 00003000 08:01 3953699                        /lib64/libdl-2.5.so
3c87800000-3c87816000 r-xp 00000000 08:01 3953709                        /lib64/libpthread-2.5.so
3c87816000-3c87a16000 ---p 00016000 08:01 3953709                        /lib64/libpthread-2.5.so
3c87a16000-3c87a17000 r--p 00016000 08:01 3953709                        /lib64/libpthread-2.5.so
3c87a17000-3c87a18000 rw-p 00017000 08:01 3953709                        /lib64/libpthread-2.5.so
3c87a18000-3c87a1c000 rw-p 3c87a18000 00:00 0 
3c8a400000-3c8a407000 r-xp 00000000 08:01 3953710                        /lib64/librt-2.5.so
3c8a407000-3c8a607000 ---p 00007000 08:01 3953710                        /lib64/librt-2.5.so
3c8a607000-3c8a608000 r--p 00007000 08:01 3953710                        /lib64/librt-2.5.so
3c8a608000-3c8a609000 rw-p 00008000 08:01 3953710                        /lib64/librt-2.5.so
2b5d80fe9000-2b5d80feb000 rw-p 2b5d80fe9000 00:00 0 
2b5d81016000-2b5d8102c000 r-xp 00000000 08:01 263891                     /usr/java/jdk1.7.0_72/lib/amd64/jli/libjli.so
2b5d8102c000-2b5d8122c000 ---p 00016000 08:01 263891                     /usr/java/jdk1.7.0_72/lib/amd64/jli/libjli.so
2b5d8122c000-2b5d8122d000 rw-p 00016000 08:01 263891                     /usr/java/jdk1.7.0_72/lib/amd64/jli/libjli.so
2b5d8122d000-2b5d81230000 rw-p 2b5d8122d000 00:00 0 
2b5d81230000-2b5d81da3000 r-xp 00000000 08:01 262465                     /usr/java/jdk1.7.0_72/jre/lib/amd64/server/libjvm.so
2b5d81da3000-2b5d81fa2000 ---p 00b73000 08:01 262465                     /usr/java/jdk1.7.0_72/jre/lib/amd64/server/libjvm.so
2b5d81fa2000-2b5d82066000 rw-p 00b72000 08:01 262465                     /usr/java/jdk1.7.0_72/jre/lib/amd64/server/libjvm.so
2b5d82066000-2b5d820a7000 rw-p 2b5d82066000 00:00 0 
2b5d820a7000-2b5d820aa000 ---p 2b5d820a7000 00:00 0 
2b5d820aa000-2b5d821a8000 rw-p 2b5d820aa000 00:00 0 
2b5d821a8000-2b5d821b5000 r-xp 00000000 08:01 262460                     /usr/java/jdk1.7.0_72/jre/lib/amd64/libverify.so
2b5d821b5000-2b5d823b4000 ---p 0000d000 08:01 262460                     /usr/java/jdk1.7.0_72/jre/lib/amd64/libverify.so
2b5d823b4000-2b5d823b6000 rw-p 0000c000 08:01 262460                     /usr/java/jdk1.7.0_72/jre/lib/amd64/libverify.so
2b5d823b6000-2b5d823df000 r-xp 00000000 08:01 262329                     /usr/java/jdk1.7.0_72/jre/lib/amd64/libjava.so
2b5d823df000-2b5d825df000 ---p 00029000 08:01 262329                     /usr/java/jdk1.7.0_72/jre/lib/amd64/libjava.so
2b5d825df000-2b5d825e1000 rw-p 00029000 08:01 262329                     /usr/java/jdk1.7.0_72/jre/lib/amd64/libjava.so
2b5d825e1000-2b5d825e2000 ---p 2b5d825e1000 00:00 0 
2b5d825e2000-2b5d825e3000 rw-p 2b5d825e2000 00:00 0 
2b5d825e3000-2b5d8264f000 r--s 00000000 08:01 425480                     /var/db/nscd/passwd
2b5d8264f000-2b5d82657000 rw-s 00000000 08:01 1078229                    /tmp/hsperfdata_geoagdt/32705
2b5d82657000-2b5d82671000 r-xp 00000000 08:01 262461                     /usr/java/jdk1.7.0_72/jre/lib/amd64/libzip.so
2b5d82671000-2b5d82871000 ---p 0001a000 08:01 262461                     /usr/java/jdk1.7.0_72/jre/lib/amd64/libzip.so
2b5d82871000-2b5d82872000 rw-p 0001a000 08:01 262461                     /usr/java/jdk1.7.0_72/jre/lib/amd64/libzip.so
2b5d82872000-2b5d82ae2000 rwxp 2b5d82872000 00:00 0 
2b5d82ae2000-2b5d85872000 rw-p 2b5d82ae2000 00:00 0 
2b5d85872000-2b5d8587c000 rw-p 2b5d85872000 00:00 0 
2b5d8587c000-2b5d85932000 rw-p 2b5d8587c000 00:00 0 
2b5d85932000-2b5d85941000 rw-p 2b5d85932000 00:00 0 
2b5d85941000-2b5d8595b000 rw-p 2b5d85941000 00:00 0 
2b5d8595b000-2b5d85afb000 rw-p 2b5d8595b000 00:00 0 
2b5d85afb000-2b5d85bef000 rw-p 2b5d85afb000 00:00 0 
2b5d85bef000-2b5d85d39000 rw-p 2b5d85bef000 00:00 0 
2b5d85d39000-2b5d85eda000 rw-p 2b5d85d39000 00:00 0 
2b5d85eda000-2b5d85fce000 rw-p 2b5d85eda000 00:00 0 
2b5d85fce000-2b5d85fdd000 rw-p 2b5d85fce000 00:00 0 
2b5d85fdd000-2b5d85ff7000 rw-p 2b5d85fdd000 00:00 0 
2b5d85ff7000-2b5d85ff8000 ---p 2b5d85ff7000 00:00 0 
2b5d85ff8000-2b5d860f8000 rw-p 2b5d85ff8000 00:00 0 
2b5d860f8000-2b5d860f9000 ---p 2b5d860f8000 00:00 0 
2b5d860f9000-2b5d861f9000 rw-p 2b5d860f9000 00:00 0 
2b5d861f9000-2b5d861fa000 ---p 2b5d861f9000 00:00 0 
2b5d861fa000-2b5d862fa000 rw-p 2b5d861fa000 00:00 0 
2b5d862fa000-2b5d862fb000 ---p 2b5d862fa000 00:00 0 
2b5d862fb000-2b5d8a994000 rw-p 2b5d862fb000 00:00 0 
2b5d8a994000-2b5d8ab54000 r--s 039ea000 08:01 265106                     /usr/java/jdk1.7.0_72/jre/lib/rt.jar
2b5d8ab54000-2b5d8bb53000 rw-p 2b5d8ab54000 00:00 0 
2b5d8bb53000-2b5d8bb54000 ---p 2b5d8bb53000 00:00 0 
2b5d8bb54000-2b5d8bc54000 rw-p 2b5d8bb54000 00:00 0 
2b5d8bc54000-2b5d8bc57000 ---p 2b5d8bc54000 00:00 0 
2b5d8bc57000-2b5d8bd55000 rw-p 2b5d8bc57000 00:00 0 
2b5d8bd55000-2b5d8bd58000 ---p 2b5d8bd55000 00:00 0 
2b5d8bd58000-2b5d8be56000 rw-p 2b5d8bd58000 00:00 0 
2b5d8be56000-2b5d8f42d000 r--p 00000000 08:01 5505922                    /usr/lib/locale/locale-archive
2b5d8f42d000-2b5d8f430000 ---p 2b5d8f42d000 00:00 0 
2b5d8f430000-2b5d8f52e000 rw-p 2b5d8f430000 00:00 0 
2b5d8f52e000-2b5d8f531000 ---p 2b5d8f52e000 00:00 0 
2b5d8f531000-2b5d8f62f000 rw-p 2b5d8f531000 00:00 0 
2b5d8f62f000-2b5d8f632000 ---p 2b5d8f62f000 00:00 0 
2b5d8f632000-2b5d8f730000 rw-p 2b5d8f632000 00:00 0 
2b5d8f730000-2b5d8f733000 ---p 2b5d8f730000 00:00 0 
2b5d8f733000-2b5d8f831000 rw-p 2b5d8f733000 00:00 0 
2b5d8f831000-2b5d8f832000 ---p 2b5d8f831000 00:00 0 
2b5d8f832000-2b5d8f932000 rw-p 2b5d8f832000 00:00 0 
2b5d8f932000-2b5d8f936000 r--s 0002e000 08:03 89736505                   /scratch01/.m2/repository/org/geotools/gt-shapefile/13-SNAPSHOT/gt-shapefile-13-SNAPSHOT.jar
2b5d8f936000-2b5d8f938000 r--s 00010000 08:03 89736500                   /scratch01/.m2/repository/org/geotools/gt-data/13-SNAPSHOT/gt-data-13-SNAPSHOT.jar
2b5d8f938000-2b5d8f93a000 r--s 00023000 08:03 92783346                   /scratch01/.m2/repository/org/jdom/jdom/1.1.3/jdom-1.1.3.jar
2b5d8f93a000-2b5d8f94e000 r--s 001bd000 08:03 89720347                   /scratch01/.m2/repository/javax/media/jai_core/1.1.3/jai_core-1.1.3.jar
2b5d8f94e000-2b5d8f950000 r--s 001dd000 08:03 89736287                   /scratch01/.m2/repository/org/geotools/gt-epsg-hsql/13-SNAPSHOT/gt-epsg-hsql-13-SNAPSHOT.jar
2b5d8f950000-2b5d8f95f000 r--s 00109000 08:03 89736256                   /scratch01/.m2/repository/org/geotools/gt-referencing/13-SNAPSHOT/gt-referencing-13-SNAPSHOT.jar
2b5d8f95f000-2b5d8f961000 r--s 0003b000 08:03 89719038                   /scratch01/.m2/repository/java3d/vecmath/1.3.2/vecmath-1.3.2.jar
2b5d8f961000-2b5d8f964000 r--s 00015000 08:03 89718910                   /scratch01/.m2/repository/commons-pool/commons-pool/1.5.4/commons-pool-1.5.4.jar
2b5d8f964000-2b5d8f96d000 r--s 00074000 08:03 89736251                   /scratch01/.m2/repository/org/geotools/gt-metadata/13-SNAPSHOT/gt-metadata-13-SNAPSHOT.jar
2b5d8f96d000-2b5d8f97b000 r--s 00047000 08:03 89736245                   /scratch01/.m2/repository/org/geotools/gt-opengis/13-SNAPSHOT/gt-opengis-13-SNAPSHOT.jar
2b5d8f97b000-2b5d8f97e000 r--s 00014000 08:03 89718882                   /scratch01/.m2/repository/net/java/dev/jsr-275/jsr-275/1.0-beta-2/jsr-275-1.0-beta-2.jar
2b5d8f97e000-2b5d8f97f000 r--s 00002000 08:03 91784286                   /scratch01/.m2/repository/jgridshift/jgridshift/1.0/jgridshift-1.0.jar
2b5d8f97f000-2b5d8f98c000 r--s 00148000 08:03 93045540                   /scratch01/.m2/repository/org/hsqldb/hsqldb/2.2.8/hsqldb-2.2.8.jar
2b5d8f98c000-2b5d8f994000 r--s 0004c000 08:03 89738093                   /scratch01/.m2/repository/org/geotools/gt-swing/13-SNAPSHOT/gt-swing-13-SNAPSHOT.jar
2b5d8f994000-2b5d8f99b000 r--s 00074000 08:03 89736625                   /scratch01/.m2/repository/org/geotools/gt-render/13-SNAPSHOT/gt-render-13-SNAPSHOT.jar
2b5d8f99b000-2b5d8f99d000 r--s 00011000 08:03 92160646                   /scratch01/.m2/repository/com/miglayout/miglayout/3.7/miglayout-3.7-swing.jar
2b5d8f99d000-2b5d8f9a2000 r--s 0002b000 08:03 89736261                   /scratch01/.m2/repository/org/geotools/gt-api/13-SNAPSHOT/gt-api-13-SNAPSHOT.jar
2b5d8f9a2000-2b5d8f9bc000 r--s 00186000 08:03 89736292                   /scratch01/.m2/repository/org/geotools/gt-main/13-SNAPSHOT/gt-main-13-SNAPSHOT.jar
2b5d8f9bc000-2b5d8f9bd000 rw-p 2b5d8f9bc000 00:00 0 
2b5d8f9d1000-2b5d8f9d4000 r--s 0001f000 08:03 89737970                   /scratch01/.m2/repository/org/geotools/gt-brewer/13-SNAPSHOT/gt-brewer-13-SNAPSHOT.jar
2b5d8f9d4000-2b5d8f9e4000 r-xp 00000000 08:01 262348                     /usr/java/jdk1.7.0_72/jre/lib/amd64/libnio.so
2b5d8f9e4000-2b5d8fbe4000 ---p 00010000 08:01 262348                     /usr/java/jdk1.7.0_72/jre/lib/amd64/libnio.so
2b5d8fbe4000-2b5d8fbe5000 rw-p 00010000 08:01 262348                     /usr/java/jdk1.7.0_72/jre/lib/amd64/libnio.so
2b5d8fbe5000-2b5d8fbfb000 r-xp 00000000 08:01 262347                     /usr/java/jdk1.7.0_72/jre/lib/amd64/libnet.so
2b5d8fbfb000-2b5d8fdfb000 ---p 00016000 08:01 262347                     /usr/java/jdk1.7.0_72/jre/lib/amd64/libnet.so
2b5d8fdfb000-2b5d8fdfc000 rw-p 00016000 08:01 262347                     /usr/java/jdk1.7.0_72/jre/lib/amd64/libnet.so
2b5d8fdfc000-2b5d8fdfe000 r--s 0002e000 08:03 89736494                   /scratch01/.m2/repository/org/geotools/gt-cql/13-SNAPSHOT/gt-cql-13-SNAPSHOT.jar
2b5d8fdfe000-2b5d8fe00000 r--s 00006000 08:03 89736522                   /scratch01/.m2/repository/org/geotools/gt-geotiff/13-SNAPSHOT/gt-geotiff-13-SNAPSHOT.jar
2b5d8fe00000-2b5d8fe11000 r--s 00106000 08:03 89720338                   /scratch01/.m2/repository/javax/media/jai_imageio/1.1/jai_imageio-1.1.jar
2b5d8fe11000-2b5d8fe19000 r--s 00046000 08:03 92849118                   /scratch01/.m2/repository/it/geosolutions/imageio-ext/imageio-ext-tiff/1.1.10/imageio-ext-tiff-1.1.10.jar
2b5d8fe19000-2b5d8fe1a000 r--s 00009000 08:03 92897972                   /scratch01/.m2/repository/it/geosolutions/imageio-ext/imageio-ext-utilities/1.1.10/imageio-ext-utilities-1.1.10.jar
2b5d8fe1a000-2b5d8fe1e000 r--s 0003c000 08:03 89720334                   /scratch01/.m2/repository/javax/media/jai_codec/1.1.3/jai_codec-1.1.3.jar
2b5d8fe1e000-2b5d8fe1f000 r--s 00005000 08:03 89736959                   /scratch01/.m2/repository/org/geotools/gt-image/13-SNAPSHOT/gt-image-13-SNAPSHOT.jar
2b5d8fe1f000-2b5d8fe27000 r--s 00079000 08:03 89736510                   /scratch01/.m2/repository/org/geotools/gt-coverage/13-SNAPSHOT/gt-coverage-13-SNAPSHOT.jar
2b5d8fe27000-2b5d8fe38000 r--s 000b2000 08:03 91669362                   /scratch01/.m2/repository/com/vividsolutions/jts/1.13/jts-1.13.jar
2b5d8fe38000-2b5d8fe39000 r--s 00004000 08:03 91980675                   /scratch01/.m2/repository/org/jaitools/jt-zonalstats/1.3.1/jt-zonalstats-1.3.1.jar
2b5d8fe39000-2b5d8fe3d000 r--s 0002e000 08:03 92078868                   /scratch01/.m2/repository/org/jaitools/jt-utils/1.3.1/jt-utils-1.3.1.jar
2b5d8fe3d000-2b5d8fe3f000 r--s 00012000 08:03 89737206                   /scratch01/.m2/repository/org/geotools/gt-imageio-ext-gdal/13-SNAPSHOT/gt-imageio-ext-gdal-13-SNAPSHOT.jar
2b5d8fe3f000-2b5d8fe41000 r--s 00000000 08:03 89737156                   /scratch01/.m2/repository/it/geosolutions/imageio-ext/imageio-ext-gdalarcbinarygrid/1.1.10/imageio-ext-gdalarcbinarygrid-1.1.10.jar
2b5d8fe41000-2b5d8fe43000 r--s 0000d000 08:03 89737159                   /scratch01/.m2/repository/it/geosolutions/imageio-ext/imageio-ext-gdalframework/1.1.10/imageio-ext-gdalframework-1.1.10.jar
2b5d8fe43000-2b5d8fe44000 r--s 00016000 08:03 89737162                   /scratch01/.m2/repository/it/geosolutions/imageio-ext/imageio-ext-gdal-bindings/1.9.2/imageio-ext-gdal-bindings-1.9.2.jar
2b5d8fe44000-2b5d8fe46000 r--s 00005000 08:03 89737055                   /scratch01/.m2/repository/it/geosolutions/imageio-ext/imageio-ext-geocore/1.1.10/imageio-ext-geocore-1.1.10.jar
2b5d8fe46000-2b5d8fe48000 r--s 00001000 08:03 89737165                   /scratch01/.m2/repository/it/geosolutions/imageio-ext/imageio-ext-gdalmrsid/1.1.10/imageio-ext-gdalmrsid-1.1.10.jar
2b5d8fe48000-2b5d8fe49000 r--s 00001000 08:03 89737168                   /scratch01/.m2/repository/it/geosolutions/imageio-ext/imageio-ext-gdalecw/1.1.10/imageio-ext-gdalecw-1.1.10.jar
2b5d8fe49000-2b5d8fe4b000 r--s 00000000 08:03 89737171                   /scratch01/.m2/repository/it/geosolutions/imageio-ext/imageio-ext-gdaldted/1.1.10/imageio-ext-gdaldted-1.1.10.jar
2b5d8fe4b000-2b5d8fe4c000 r--s 00003000 08:03 89737174                   /scratch01/.m2/repository/it/geosolutions/imageio-ext/imageio-ext-gdalkakadujp2/1.1.10/imageio-ext-gdalkakadujp2-1.1.10.jar
2b5d8fe4c000-2b5d8fe4e000 r--s 00000000 08:03 89737177                   /scratch01/.m2/repository/it/geosolutions/imageio-ext/imageio-ext-gdalmrsidjp2/1.1.10/imageio-ext-gdalmrsidjp2-1.1.10.jar
2b5d8fe4e000-2b5d8fe50000 r--s 00000000 08:03 89737180                   /scratch01/.m2/repository/it/geosolutions/imageio-ext/imageio-ext-gdalecwjp2/1.1.10/imageio-ext-gdalecwjp2-1.1.10.jar
2b5d8fe50000-2b5d8fe52000 r--s 00000000 08:03 89737183                   /scratch01/.m2/repository/it/geosolutions/imageio-ext/imageio-ext-gdalehdr/1.1.10/imageio-ext-gdalehdr-1.1.10.jar
2b5d8fe52000-2b5d8fe54000 r--s 00000000 08:03 89737186                   /scratch01/.m2/repository/it/geosolutions/imageio-ext/imageio-ext-gdalenvihdr/1.1.10/imageio-ext-gdalenvihdr-1.1.10.jar
2b5d8fe54000-2b5d8fe56000 r--s 00000000 08:03 89737189                   /scratch01/.m2/repository/it/geosolutions/imageio-ext/imageio-ext-gdalerdasimg/1.1.10/imageio-ext-gdalerdasimg-1.1.10.jar
2b5d8fe56000-2b5d8fe58000 r--s 00000000 08:03 89737192                   /scratch01/.m2/repository/it/geosolutions/imageio-ext/imageio-ext-gdalnitf/1.1.10/imageio-ext-gdalnitf-1.1.10.jar
2b5d8fe58000-2b5d8fe5a000 r--s 00000000 08:03 89737195                   /scratch01/.m2/repository/it/geosolutions/imageio-ext/imageio-ext-gdalrpftoc/1.1.10/imageio-ext-gdalrpftoc-1.1.10.jar
2b5d8fe5a000-2b5d8fe5c000 r--s 00000000 08:03 89737198                   /scratch01/.m2/repository/it/geosolutions/imageio-ext/imageio-ext-gdalidrisi/1.1.10/imageio-ext-gdalidrisi-1.1.10.jar
2b5d8fe5c000-2b5d8fe5e000 r--s 00005000 08:03 89737201                   /scratch01/.m2/repository/it/geosolutions/imageio-ext/imageio-ext-imagereadmt/1.1.10/imageio-ext-imagereadmt-1.1.10.jar
2b5d8fe5e000-2b5d8fe5f000 r--s 00005000 08:03 89736544                   /scratch01/.m2/repository/org/geotools/gt-arcgrid/13-SNAPSHOT/gt-arcgrid-13-SNAPSHOT.jar
2b5d8fe5f000-2b5d8fe61000 r--s 00008000 08:03 89736536                   /scratch01/.m2/repository/it/geosolutions/imageio-ext/imageio-ext-arcgrid/1.1.10/imageio-ext-arcgrid-1.1.10.jar
2b5d8fe61000-2b5d8fe63000 r--s 0000b000 08:03 89736539                   /scratch01/.m2/repository/it/geosolutions/imageio-ext/imageio-ext-streams/1.1.10/imageio-ext-streams-1.1.10.jar
2b5d8fe63000-2b5d8fe76000 r--s 000df000 08:03 91849755                   /scratch01/.m2/repository/org/apache/commons/commons-math/2.2/commons-math-2.2.jar
2b5d8fe76000-2b5d8fe7e000 r--s 00051000 08:03 89736105                   /scratch01/.m2/repository/trove/trove/1.0.2/trove-1.0.2.jar
2b5d8fe7e000-2b5d8fe81000 ---p 2b5d8fe7e000 00:00 0 
2b5d8fe81000-2b5d8ff7f000 rw-p 2b5d8fe81000 00:00 0 
2b5d8ff7f000-2b5d8ff80000 r--p 00000000 08:01 5505897                    /usr/share/locale/en_GB/LC_MESSAGES/libc.mo
2b5d8ff80000-2b5d8ff8c000 r--s 000af000 08:01 263383                     /usr/java/jdk1.7.0_72/jre/lib/resources.jar
2b5d90000000-2b5d907b6000 rw-p 2b5d90000000 00:00 0 
2b5d907b6000-2b5d94000000 ---p 2b5d907b6000 00:00 0 
2b5d94000000-2b5d95000000 r--s 00000000 08:01 1111012                    /tmp/Geotools/Databases/HSQL/v7.9.0.1/EPSG.data
2b5d95000000-2b5d95005000 r--s 0008a000 08:01 263384                     /usr/java/jdk1.7.0_72/jre/lib/jsse.jar
2b5d95005000-2b5d95008000 ---p 2b5d95005000 00:00 0 
2b5d95008000-2b5d95272000 rw-p 2b5d95008000 00:00 0 
7fff5df3a000-7fff5df51000 rw-p 7ffffffe7000 00:00 0                      [stack]
7fff5dffd000-7fff5e000000 r-xp 7fff5dffd000 00:00 0                      [vdso]
ffffffffff600000-ffffffffffe00000 ---p 00000000 00:00 0                  [vsyscall]

VM Arguments:
java_command: uk.ac.leeds.ccg.andyt.projects.digitalwelfare.process.DW_PostcodeMaps
Launcher Type: SUN_STANDARD

Environment Variables:
JAVA_HOME=/usr/java/latest
PATH=/usr/lib64/qt-3.3/bin:/opt/netbeans/bin:/usr/lib64/openmpi/1.4-gcc/bin:/opt/apache-maven/bin:/usr/kerberos/bin:/usr/local/bin:/usr/bin:/bin:/usr/X11R6/bin:.
USERNAME=geoagdt
LD_LIBRARY_PATH=/usr/java/latest/jre/lib/amd64:/usr/java/latest/jre/lib/i386:/usr/lib64/openmpi/1.4-gcc/lib:/opt/apache-maven/lib64
SHELL=/bin/csh
DISPLAY=:0.0
HOSTTYPE=x86_64-linux
OSTYPE=linux
MACHTYPE=x86_64

Signal Handlers:
SIGSEGV: [libjvm.so+0x9a1a10], sa_mask[0]=0x7ffbfeff, sa_flags=0x10000004
SIGBUS: [libjvm.so+0x9a1a10], sa_mask[0]=0x7ffbfeff, sa_flags=0x10000004
SIGFPE: [libjvm.so+0x81bae0], sa_mask[0]=0x7ffbfeff, sa_flags=0x10000004
SIGPIPE: [libjvm.so+0x81bae0], sa_mask[0]=0x7ffbfeff, sa_flags=0x10000004
SIGXFSZ: [libjvm.so+0x81bae0], sa_mask[0]=0x7ffbfeff, sa_flags=0x10000004
SIGILL: [libjvm.so+0x81bae0], sa_mask[0]=0x7ffbfeff, sa_flags=0x10000004
SIGUSR1: SIG_DFL, sa_mask[0]=0x00000000, sa_flags=0x00000000
SIGUSR2: [libjvm.so+0x81d2e0], sa_mask[0]=0x00000004, sa_flags=0x10000004
SIGHUP: [libjvm.so+0x81e400], sa_mask[0]=0x7ffbfeff, sa_flags=0x10000004
SIGINT: SIG_IGN, sa_mask[0]=0x00000000, sa_flags=0x00000000
SIGTERM: [libjvm.so+0x81e400], sa_mask[0]=0x7ffbfeff, sa_flags=0x10000004
SIGQUIT: [libjvm.so+0x81e400], sa_mask[0]=0x7ffbfeff, sa_flags=0x10000004


---------------  S Y S T E M  ---------------

OS:CentOS release 5.11 (Final)

uname:Linux 2.6.18-400.el5 #1 SMP Thu Dec 4 12:48:38 EST 2014 x86_64
libc:glibc 2.5 NPTL 2.5 
rlimit: STACK 10240k, CORE 0k, NPROC 63324, NOFILE 1024, AS infinity
load average:5.47 4.81 4.42

/proc/meminfo:
MemTotal:      8108456 kB
MemFree:         45292 kB
Buffers:          6504 kB
Cached:        1032808 kB
SwapCached:      87120 kB
Active:        5723192 kB
Inactive:      1094192 kB
HighTotal:           0 kB
HighFree:            0 kB
LowTotal:      8108456 kB
LowFree:         45292 kB
SwapTotal:    10153072 kB
SwapFree:      9590880 kB
Dirty:            1216 kB
Writeback:           0 kB
AnonPages:     5751732 kB
Mapped:         944876 kB
Slab:          1134944 kB
PageTables:      36188 kB
NFS_Unstable:        0 kB
Bounce:              0 kB
CommitLimit:  14207300 kB
Committed_AS:  7881980 kB
VmallocTotal: 34359738367 kB
VmallocUsed:     25628 kB
VmallocChunk: 34359712675 kB
HugePages_Total:     0
HugePages_Free:      0
HugePages_Rsvd:      0
Hugepagesize:     2048 kB


CPU:total 4 (4 cores per cpu, 1 threads per core) family 6 model 23 stepping 10, cmov, cx8, fxsr, mmx, sse, sse2, sse3, ssse3, sse4.1, tsc

/proc/cpuinfo:
processor	: 0
vendor_id	: GenuineIntel
cpu family	: 6
model		: 23
model name	: Intel(R) Core(TM)2 Quad CPU    Q9400  @ 2.66GHz
stepping	: 10
cpu MHz		: 2664.000
cache size	: 3072 KB
physical id	: 0
siblings	: 4
core id		: 0
cpu cores	: 4
apicid		: 0
fpu		: yes
fpu_exception	: yes
cpuid level	: 13
wp		: yes
flags		: fpu vme de pse tsc msr pae mce cx8 apic sep mtrr pge mca cmov pat pse36 clflush dts acpi mmx fxsr sse sse2 ss ht tm syscall nx lm constant_tsc pni monitor ds_cpl vmx smx est tm2 ssse3 cx16 xtpr sse4_1 lahf_lm
bogomips	: 5332.72
clflush size	: 64
cache_alignment	: 64
address sizes	: 36 bits physical, 48 bits virtual
power management:

processor	: 1
vendor_id	: GenuineIntel
cpu family	: 6
model		: 23
model name	: Intel(R) Core(TM)2 Quad CPU    Q9400  @ 2.66GHz
stepping	: 10
cpu MHz		: 2664.000
cache size	: 3072 KB
physical id	: 0
siblings	: 4
core id		: 1
cpu cores	: 4
apicid		: 1
fpu		: yes
fpu_exception	: yes
cpuid level	: 13
wp		: yes
flags		: fpu vme de pse tsc msr pae mce cx8 apic sep mtrr pge mca cmov pat pse36 clflush dts acpi mmx fxsr sse sse2 ss ht tm syscall nx lm constant_tsc pni monitor ds_cpl vmx smx est tm2 ssse3 cx16 xtpr sse4_1 lahf_lm
bogomips	: 5332.71
clflush size	: 64
cache_alignment	: 64
address sizes	: 36 bits physical, 48 bits virtual
power management:

processor	: 2
vendor_id	: GenuineIntel
cpu family	: 6
model		: 23
model name	: Intel(R) Core(TM)2 Quad CPU    Q9400  @ 2.66GHz
stepping	: 10
cpu MHz		: 2664.000
cache size	: 3072 KB
physical id	: 0
siblings	: 4
core id		: 2
cpu cores	: 4
apicid		: 2
fpu		: yes
fpu_exception	: yes
cpuid level	: 13
wp		: yes
flags		: fpu vme de pse tsc msr pae mce cx8 apic sep mtrr pge mca cmov pat pse36 clflush dts acpi mmx fxsr sse sse2 ss ht tm syscall nx lm constant_tsc pni monitor ds_cpl vmx smx est tm2 ssse3 cx16 xtpr sse4_1 lahf_lm
bogomips	: 5332.69
clflush size	: 64
cache_alignment	: 64
address sizes	: 36 bits physical, 48 bits virtual
power management:

processor	: 3
vendor_id	: GenuineIntel
cpu family	: 6
model		: 23
model name	: Intel(R) Core(TM)2 Quad CPU    Q9400  @ 2.66GHz
stepping	: 10
cpu MHz		: 2664.000
cache size	: 3072 KB
physical id	: 0
siblings	: 4
core id		: 3
cpu cores	: 4
apicid		: 3
fpu		: yes
fpu_exception	: yes
cpuid level	: 13
wp		: yes
flags		: fpu vme de pse tsc msr pae mce cx8 apic sep mtrr pge mca cmov pat pse36 clflush dts acpi mmx fxsr sse sse2 ss ht tm syscall nx lm constant_tsc pni monitor ds_cpl vmx smx est tm2 ssse3 cx16 xtpr sse4_1 lahf_lm
bogomips	: 5332.71
clflush size	: 64
cache_alignment	: 64
address sizes	: 36 bits physical, 48 bits virtual
power management:



Memory: 4k page, physical 8108456k(45292k free), swap 10153072k(9590880k free)

vm_info: Java HotSpot(TM) 64-Bit Server VM (24.72-b04) for linux-amd64 JRE (1.7.0_72-b14), built on Sep 26 2014 18:20:41 by "java_re" with gcc 4.3.0 20080428 (Red Hat 4.3.0-8)

time: Fri Jan  9 12:18:41 2015
elapsed time: 141 seconds

