#
# A fatal error has been detected by the Java Runtime Environment:
#
#  SIGSEGV (0xb) at pc=0x00002b9288fb4b07, pid=21768, tid=47908437076288
#
# JRE version: Java(TM) SE Runtime Environment (7.0_80-b15) (build 1.7.0_80-b15)
# Java VM: Java HotSpot(TM) 64-Bit Server VM (24.80-b11 mixed mode linux-amd64 compressed oops)
# Problematic frame:
# V  [libjvm.so+0x881b07]  MoveAndUpdateClosure::do_addr(HeapWord*, unsigned long)+0x127
#
# Failed to write core dump. Core dumps have been disabled. To enable core dumping, try "ulimit -c unlimited" before starting Java again
#
# If you would like to submit a bug report, please visit:
#   http://bugreport.java.com/bugreport/crash.jsp
#

---------------  T H R E A D  ---------------

Current thread (0x000000000dc46800):  GCTaskThread [stack: 0x00002b928d4fa000,0x00002b928d5fb000] [id=21773]

siginfo:si_signo=SIGSEGV: si_errno=0, si_code=1 (SEGV_MAPERR), si_addr=0x000000076f20ae18

Registers:
RAX=0x00002b9289559360, RBX=0x00002b928d5f9e80, RCX=0x0000000000000003, RDX=0x000000076f20ae00
RSP=0x00002b928d5f9d80, RBP=0x00002b928d5f9dc0, RSI=0x0000000000000001, RDI=0x000000076f20ae10
R8 =0x00002b9289574bf8, R9 =0x000000000dc8d810, R10=0x00000000002f5bd1, R11=0x000000000bd6f440
R12=0x00000007bc5fd5e8, R13=0x0000000000000003, R14=0x0000000000000018, R15=0x00002b9289582860
RIP=0x00002b9288fb4b07, EFLAGS=0x0000000000010206, CSGSFS=0x0000000000000033, ERR=0x0000000000000004
  TRAPNO=0x000000000000000e

Top of Stack: (sp=0x00002b928d5f9d80)
0x00002b928d5f9d80:   000000000dc8d810 000000000dc8d810
0x00002b928d5f9d90:   00002b928957e800 000000000bd6f432
0x00002b928d5f9da0:   00000000002f5c00 000000000bd70000
0x00002b928d5f9db0:   000000000bd70000 00002b9289582860
0x00002b928d5f9dc0:   00002b928d5f9e10 00002b9288f6d372
0x00002b928d5f9dd0:   0000000000000008 00002b92895468a8
0x00002b928d5f9de0:   00002b928d5f9e80 00002b928d5f9ec0
0x00002b928d5f9df0:   00000000000007a7 00000007ddd80000
0x00002b928d5f9e00:   00002b9289574cea 00002b928d5f9f30
0x00002b928d5f9e10:   00002b928d5f9f00 00002b9288fb71fe
0x00002b928d5f9e20:   00002b928d5f9ea0 00002b9288b98ae0
0x00002b928d5f9e30:   00002b928d5f9ecc 00002b928d5f9ec0
0x00002b928d5f9e40:   00002b928d5f9e80 000000000dc8d810
0x00002b928d5f9e50:   00002b9291981218 0000000000000bd6
0x00002b928d5f9e60:   000000000000392e 00002b9293155728
0x00002b928d5f9e70:   000000048d5f9ed0 0000000000000028
0x00002b928d5f9e80:   00002b9289535c50 00002b9289582860
0x00002b928d5f9e90:   000000000dc8d810 0000000000000543
0x00002b928d5f9ea0:   00000007ddd7a180 000000000dc41bc0
0x00002b928d5f9eb0:   00000007bc5fd5e8 00002b928d5f9e90
0x00002b928d5f9ec0:   00000007e4800000 0000000200000000
0x00002b928d5f9ed0:   000000000dc47c00 000000000dc8d450
0x00002b928d5f9ee0:   00002b928957e800 000000000dc8d810
0x00002b928d5f9ef0:   00002b9289574cea 00002b928d5f9f30
0x00002b928d5f9f00:   00002b928d5f9f80 00002b9288fa733e
0x00002b928d5f9f10:   000000000dc46800 00002b928d5f9f20
0x00002b928d5f9f20:   0000000000000000 000000000dc46800
0x00002b928d5f9f30:   000000000dc461b0 0000000000000000
0x00002b928d5f9f40:   00002b928d5f9f90 00002b9288f17b8e
0x00002b928d5f9f50:   000000000dc461b0 0000000000000000
0x00002b928d5f9f60:   000000000dc8d810 0000000000000000
0x00002b928d5f9f70:   00002b9289574cea 000000000dd80e00 

Instructions: (pc=0x00002b9288fb4b07)
0x00002b9288fb4ae7:   00 41 80 38 00 74 72 48 8b 05 83 7a 58 00 41 8b
0x00002b9288fb4af7:   54 24 08 8b 48 08 48 d3 e2 48 03 10 48 8d 7a 10
0x00002b9288fb4b07:   81 7f 08 ff ff ff bf 77 10 48 8b 42 10 4c 89 ce
0x00002b9288fb4b17:   4c 89 e2 ff 90 e8 00 00 00 4c 29 6b 18 4c 01 73 

Register to memory mapping:

RAX=0x00002b9289559360: <offset 0xe26360> in /usr/java/jdk1.7.0_80/jre/lib/amd64/server/libjvm.so at 0x00002b9288733000
RBX=0x00002b928d5f9e80 is an unknown value
RCX=0x0000000000000003 is an unknown value
RDX=0x000000076f20ae00 is an unknown value
RSP=0x00002b928d5f9d80 is an unknown value
RBP=0x00002b928d5f9dc0 is an unknown value
RSI=0x0000000000000001 is an unknown value
RDI=0x000000076f20ae10 is an unknown value
R8 =0x00002b9289574bf8: <offset 0xe41bf8> in /usr/java/jdk1.7.0_80/jre/lib/amd64/server/libjvm.so at 0x00002b9288733000
R9 =0x000000000dc8d810 is an unknown value
R10=0x00000000002f5bd1 is an unknown value
R11=0x000000000bd6f440 is an unknown value
R12=
[error occurred during error reporting (printing register info), id 0xb]

Stack: [0x00002b928d4fa000,0x00002b928d5fb000],  sp=0x00002b928d5f9d80,  free space=1023k
Native frames: (J=compiled Java code, j=interpreted, Vv=VM code, C=native code)
V  [libjvm.so+0x881b07]  MoveAndUpdateClosure::do_addr(HeapWord*, unsigned long)+0x127
V  [libjvm.so+0x83a372]  ParMarkBitMap::iterate(ParMarkBitMapClosure*, unsigned long, unsigned long) const+0x142
V  [libjvm.so+0x8841fe]  PSParallelCompact::fill_region(ParCompactionManager*, unsigned long)+0x25e
V  [libjvm.so+0x87433e]  ParCompactionManager::drain_region_stacks()+0x12e
V  [libjvm.so+0x85b900]  DrainStacksCompactionTask::do_it(GCTaskManager*, unsigned int)+0xc0
V  [libjvm.so+0x5590bf]  GCTaskThread::run()+0x12f
V  [libjvm.so+0x8238c8]  java_start(Thread*)+0x108


---------------  P R O C E S S  ---------------

Java Threads: ( => current thread )
  0x000000000dcce000 JavaThread "Service Thread" daemon [_thread_blocked, id=21783, stack(0x00002b9296c33000,0x00002b9296d34000)]
  0x000000000dccc000 JavaThread "C2 CompilerThread1" daemon [_thread_blocked, id=21782, stack(0x00002b9296b32000,0x00002b9296c33000)]
  0x000000000dcc0000 JavaThread "C2 CompilerThread0" daemon [_thread_blocked, id=21781, stack(0x00002b9296a31000,0x00002b9296b32000)]
  0x000000000dcbe000 JavaThread "Signal Dispatcher" daemon [_thread_blocked, id=21780, stack(0x00002b9296930000,0x00002b9296a31000)]
  0x000000000dc9c800 JavaThread "Finalizer" daemon [_thread_blocked, id=21779, stack(0x00002b9293258000,0x00002b9293359000)]
  0x000000000dc95000 JavaThread "Reference Handler" daemon [_thread_blocked, id=21778, stack(0x00002b9293157000,0x00002b9293258000)]
  0x000000000dc30800 JavaThread "main" [_thread_blocked, id=21772, stack(0x00002b92895ad000,0x00002b92896ae000)]

Other Threads:
  0x000000000dc90800 VMThread [stack: 0x00002b9293056000,0x00002b9293157000] [id=21777]
  0x000000000dcd9000 WatcherThread [stack: 0x00002b9296d34000,0x00002b9296e35000] [id=21784]

=>0x000000000dc46800 (exited) GCTaskThread [stack: 0x00002b928d4fa000,0x00002b928d5fb000] [id=21773]

VM state:at safepoint (normal execution)

VM Mutex/Monitor currently owned by a thread:  ([mutex/lock_event])
[0x000000000dc2f2b0] Threads_lock - owner thread: 0x000000000dc90800
[0x000000000dc2f7b0] Heap_lock - owner thread: 0x000000000dc30800

Heap
 PSYoungGen      total 450560K, used 225280K [0x00000007d6c00000, 0x0000000800000000, 0x0000000800000000)
  eden space 225280K, 100% used [0x00000007d6c00000,0x00000007e4800000,0x00000007e4800000)
  from space 225280K, 0% used [0x00000007e4800000,0x00000007e4800000,0x00000007f2400000)
  to   space 225280K, 0% used [0x00000007f2400000,0x00000007f2400000,0x0000000800000000)
 ParOldGen       total 1351680K, used 1351615K [0x0000000784400000, 0x00000007d6c00000, 0x00000007d6c00000)
  object space 1351680K, 99% used [0x0000000784400000,0x00000007d6befc18,0x00000007d6c00000)
 PSPermGen       total 21504K, used 3933K [0x000000077f200000, 0x0000000780700000, 0x0000000784400000)
  object space 21504K, 18% used [0x000000077f200000,0x000000077f5d7508,0x0000000780700000)

Card table byte_map: [0x00002b928ce35000,0x00002b928d23d000] byte_map_base: 0x00002b928923c000

Polling page: 0x00002b9289ae7000

Code Cache  [0x00002b9289d75000, 0x00002b9289fe5000, 0x00002b928cd75000)
 total_blobs=462 nmethods=268 adapters=148 free_code_cache=47681Kb largest_free_block=48707008

Compilation events (10 events):
Event: 74.498 Thread 0x000000000dcc0000  295             java.util.HashSet::contains (9 bytes)
Event: 74.502 Thread 0x000000000dcc0000 nmethod 295 0x00002b9289ea2e90 code [0x00002b9289ea3000, 0x00002b9289ea3358]
Event: 127.343 Thread 0x000000000dccc000  296   !         uk.ac.leeds.ccg.andyt.projects.digitalwelfare.data.shbe.DW_SHBE_Handler::loadInputData (1390 bytes)
Event: 129.295 Thread 0x000000000dccc000 nmethod 296 0x00002b9289ece290 code [0x00002b9289ecee20, 0x00002b9289ed7898]
Event: 152.240 Thread 0x000000000dcc0000  297 % !         uk.ac.leeds.ccg.andyt.projects.digitalwelfare.data.shbe.DW_SHBE_Handler::loadInputData @ 211 (1390 bytes)
Event: 152.925 Thread 0x000000000dcc0000 nmethod 297% 0x00002b9289ee0650 code [0x00002b9289ee10a0, 0x00002b9289ee7150]
Event: 168.349 Thread 0x000000000dccc000  298   !         uk.ac.leeds.ccg.andyt.projects.digitalwelfare.data.shbe.DW_SHBE_Handler::loadInputData (1390 bytes)
Event: 168.938 Thread 0x000000000dccc000 nmethod 298 0x00002b9289eef710 code [0x00002b9289ef02a0, 0x00002b9289ef8cf8]
Event: 370.737 Thread 0x000000000dcc0000  299             java.io.StreamTokenizer::resetSyntax (24 bytes)
Event: 370.740 Thread 0x000000000dcc0000 nmethod 299 0x00002b9289dd8f50 code [0x00002b9289dd90a0, 0x00002b9289dd91d8]

GC Heap History (10 events):
Event: 452.552 GC heap after
Heap after GC invocations=368 (full 99):
 PSYoungGen      total 450560K, used 0K [0x00000007d6c00000, 0x0000000800000000, 0x0000000800000000)
  eden space 225280K, 0% used [0x00000007d6c00000,0x00000007d6c00000,0x00000007e4800000)
  from space 225280K, 0% used [0x00000007e4800000,0x00000007e4800000,0x00000007f2400000)
  to   space 225280K, 0% used [0x00000007f2400000,0x00000007f2400000,0x0000000800000000)
 ParOldGen       total 1351680K, used 1304000K [0x0000000784400000, 0x00000007d6c00000, 0x00000007d6c00000)
  object space 1351680K, 96% used [0x0000000784400000,0x00000007d3d70130,0x00000007d6c00000)
 PSPermGen       total 21504K, used 3933K [0x000000077f200000, 0x0000000780700000, 0x0000000784400000)
  object space 21504K, 18% used [0x000000077f200000,0x000000077f5d7508,0x0000000780700000)
}
Event: 453.165 GC heap before
{Heap before GC invocations=369 (full 100):
 PSYoungGen      total 450560K, used 225280K [0x00000007d6c00000, 0x0000000800000000, 0x0000000800000000)
  eden space 225280K, 100% used [0x00000007d6c00000,0x00000007e4800000,0x00000007e4800000)
  from space 225280K, 0% used [0x00000007e4800000,0x00000007e4800000,0x00000007f2400000)
  to   space 225280K, 0% used [0x00000007f2400000,0x00000007f2400000,0x0000000800000000)
 ParOldGen       total 1351680K, used 1304000K [0x0000000784400000, 0x00000007d6c00000, 0x00000007d6c00000)
  object space 1351680K, 96% used [0x0000000784400000,0x00000007d3d70130,0x00000007d6c00000)
 PSPermGen       total 21504K, used 3933K [0x000000077f200000, 0x0000000780700000, 0x0000000784400000)
  object space 21504K, 18% used [0x000000077f200000,0x000000077f5d7508,0x0000000780700000)
Event: 455.925 GC heap after
Heap after GC invocations=369 (full 100):
 PSYoungGen      total 450560K, used 0K [0x00000007d6c00000, 0x0000000800000000, 0x0000000800000000)
  eden space 225280K, 0% used [0x00000007d6c00000,0x00000007d6c00000,0x00000007e4800000)
  from space 225280K, 0% used [0x00000007e4800000,0x00000007e4800000,0x00000007f2400000)
  to   space 225280K, 0% used [0x00000007f2400000,0x00000007f2400000,0x0000000800000000)
 ParOldGen       total 1351680K, used 1341644K [0x0000000784400000, 0x00000007d6c00000, 0x00000007d6c00000)
  object space 1351680K, 99% used [0x0000000784400000,0x00000007d6233380,0x00000007d6c00000)
 PSPermGen       total 21504K, used 3933K [0x000000077f200000, 0x0000000780700000, 0x0000000784400000)
  object space 21504K, 18% used [0x000000077f200000,0x000000077f5d7508,0x0000000780700000)
}
Event: 456.567 GC heap before
{Heap before GC invocations=370 (full 101):
 PSYoungGen      total 450560K, used 225280K [0x00000007d6c00000, 0x0000000800000000, 0x0000000800000000)
  eden space 225280K, 100% used [0x00000007d6c00000,0x00000007e4800000,0x00000007e4800000)
  from space 225280K, 0% used [0x00000007e4800000,0x00000007e4800000,0x00000007f2400000)
  to   space 225280K, 0% used [0x00000007f2400000,0x00000007f2400000,0x0000000800000000)
 ParOldGen       total 1351680K, used 1341644K [0x0000000784400000, 0x00000007d6c00000, 0x00000007d6c00000)
  object space 1351680K, 99% used [0x0000000784400000,0x00000007d6233380,0x00000007d6c00000)
 PSPermGen       total 21504K, used 3933K [0x000000077f200000, 0x0000000780700000, 0x0000000784400000)
  object space 21504K, 18% used [0x000000077f200000,0x000000077f5d7508,0x0000000780700000)
Event: 458.376 GC heap after
Heap after GC invocations=370 (full 101):
 PSYoungGen      total 450560K, used 27496K [0x00000007d6c00000, 0x0000000800000000, 0x0000000800000000)
  eden space 225280K, 12% used [0x00000007d6c00000,0x00000007d86da0b8,0x00000007e4800000)
  from space 225280K, 0% used [0x00000007e4800000,0x00000007e4800000,0x00000007f2400000)
  to   space 225280K, 0% used [0x00000007f2400000,0x00000007f2400000,0x0000000800000000)
 ParOldGen       total 1351680K, used 1351622K [0x0000000784400000, 0x00000007d6c00000, 0x00000007d6c00000)
  object space 1351680K, 99% used [0x0000000784400000,0x00000007d6bf18f8,0x00000007d6c00000)
 PSPermGen       total 21504K, used 3933K [0x000000077f200000, 0x0000000780700000, 0x0000000784400000)
  object space 21504K, 18% used [0x000000077f200000,0x000000077f5d7508,0x0000000780700000)
}
Event: 458.921 GC heap before
{Heap before GC invocations=371 (full 102):
 PSYoungGen      total 450560K, used 225280K [0x00000007d6c00000, 0x0000000800000000, 0x0000000800000000)
  eden space 225280K, 100% used [0x00000007d6c00000,0x00000007e4800000,0x00000007e4800000)
  from space 225280K, 0% used [0x00000007e4800000,0x00000007e4800000,0x00000007f2400000)
  to   space 225280K, 0% used [0x00000007f2400000,0x00000007f2400000,0x0000000800000000)
 ParOldGen       total 1351680K, used 1351622K [0x0000000784400000, 0x00000007d6c00000, 0x00000007d6c00000)
  object space 1351680K, 99% used [0x0000000784400000,0x00000007d6bf18f8,0x00000007d6c00000)
 PSPermGen       total 21504K, used 3933K [0x000000077f200000, 0x0000000780700000, 0x0000000784400000)
  object space 21504K, 18% used [0x000000077f200000,0x000000077f5d7508,0x0000000780700000)
Event: 460.784 GC heap after
Heap after GC invocations=371 (full 102):
 PSYoungGen      total 450560K, used 60124K [0x00000007d6c00000, 0x0000000800000000, 0x0000000800000000)
  eden space 225280K, 26% used [0x00000007d6c00000,0x00000007da6b7088,0x00000007e4800000)
  from space 225280K, 0% used [0x00000007e4800000,0x00000007e4800000,0x00000007f2400000)
  to   space 225280K, 0% used [0x00000007f2400000,0x00000007f2400000,0x0000000800000000)
 ParOldGen       total 1351680K, used 1351623K [0x0000000784400000, 0x00000007d6c00000, 0x00000007d6c00000)
  object space 1351680K, 99% used [0x0000000784400000,0x00000007d6bf1c28,0x00000007d6c00000)
 PSPermGen       total 21504K, used 3933K [0x000000077f200000, 0x0000000780700000, 0x0000000784400000)
  object space 21504K, 18% used [0x000000077f200000,0x000000077f5d7508,0x0000000780700000)
}
Event: 461.199 GC heap before
{Heap before GC invocations=372 (full 103):
 PSYoungGen      total 450560K, used 225280K [0x00000007d6c00000, 0x0000000800000000, 0x0000000800000000)
  eden space 225280K, 100% used [0x00000007d6c00000,0x00000007e4800000,0x00000007e4800000)
  from space 225280K, 0% used [0x00000007e4800000,0x00000007e4800000,0x00000007f2400000)
  to   space 225280K, 0% used [0x00000007f2400000,0x00000007f2400000,0x0000000800000000)
 ParOldGen       total 1351680K, used 1351623K [0x0000000784400000, 0x00000007d6c00000, 0x00000007d6c00000)
  object space 1351680K, 99% used [0x0000000784400000,0x00000007d6bf1c28,0x00000007d6c00000)
 PSPermGen       total 21504K, used 3933K [0x000000077f200000, 0x0000000780700000, 0x0000000784400000)
  object space 21504K, 18% used [0x000000077f200000,0x000000077f5d7508,0x0000000780700000)
Event: 463.088 GC heap after
Heap after GC invocations=372 (full 103):
 PSYoungGen      total 450560K, used 87685K [0x00000007d6c00000, 0x0000000800000000, 0x0000000800000000)
  eden space 225280K, 38% used [0x00000007d6c00000,0x00000007dc1a17a0,0x00000007e4800000)
  from space 225280K, 0% used [0x00000007e4800000,0x00000007e4800000,0x00000007f2400000)
  to   space 225280K, 0% used [0x00000007f2400000,0x00000007f2400000,0x0000000800000000)
 ParOldGen       total 1351680K, used 1351615K [0x0000000784400000, 0x00000007d6c00000, 0x00000007d6c00000)
  object space 1351680K, 99% used [0x0000000784400000,0x00000007d6befc18,0x00000007d6c00000)
 PSPermGen       total 21504K, used 3933K [0x000000077f200000, 0x0000000780700000, 0x0000000784400000)
  object space 21504K, 18% used [0x000000077f200000,0x000000077f5d7508,0x0000000780700000)
}
Event: 463.573 GC heap before
{Heap before GC invocations=373 (full 104):
 PSYoungGen      total 450560K, used 225280K [0x00000007d6c00000, 0x0000000800000000, 0x0000000800000000)
  eden space 225280K, 100% used [0x00000007d6c00000,0x00000007e4800000,0x00000007e4800000)
  from space 225280K, 0% used [0x00000007e4800000,0x00000007e4800000,0x00000007f2400000)
  to   space 225280K, 0% used [0x00000007f2400000,0x00000007f2400000,0x0000000800000000)
 ParOldGen       total 1351680K, used 1351615K [0x0000000784400000, 0x00000007d6c00000, 0x00000007d6c00000)
  object space 1351680K, 99% used [0x0000000784400000,0x00000007d6befc18,0x00000007d6c00000)
 PSPermGen       total 21504K, used 3933K [0x000000077f200000, 0x0000000780700000, 0x0000000784400000)
  object space 21504K, 18% used [0x000000077f200000,0x000000077f5d7508,0x0000000780700000)

Deoptimization events (10 events):
Event: 27.834 Thread 0x000000000dc30800 Uncommon trap: reason=unstable_if action=reinterpret pc=0x00002b9289e3b224 method=java.util.TreeMap.successor(Ljava/util/TreeMap$Entry;)Ljava/util/TreeMap$Entry; @ 43
Event: 27.836 Thread 0x000000000dc30800 Uncommon trap: reason=unstable_if action=reinterpret pc=0x00002b9289e48888 method=uk.ac.leeds.ccg.andyt.projects.digitalwelfare.data.shbe.DW_SHBE_Handler.loadInputData(Ljava/io/File;Ljava/lang/String;)[Ljava/lang/Object; @ 223
Event: 38.114 Thread 0x000000000dc30800 Uncommon trap: reason=unstable_if action=reinterpret pc=0x00002b9289eb0b00 method=java.util.TreeMap.successor(Ljava/util/TreeMap$Entry;)Ljava/util/TreeMap$Entry; @ 43
Event: 38.123 Thread 0x000000000dc30800 Uncommon trap: reason=unstable_if action=reinterpret pc=0x00002b9289e4043c method=java.util.TreeMap.successor(Ljava/util/TreeMap$Entry;)Ljava/util/TreeMap$Entry; @ 43
Event: 56.983 Thread 0x000000000dc30800 Uncommon trap: reason=unstable_if action=reinterpret pc=0x00002b9289e07264 method=java.lang.String.split(Ljava/lang/String;I)[Ljava/lang/String; @ 263
Event: 62.243 Thread 0x000000000dc30800 Uncommon trap: reason=unstable_if action=reinterpret pc=0x00002b9289ec38d8 method=java.lang.String.split(Ljava/lang/String;I)[Ljava/lang/String; @ 207
Event: 62.597 Thread 0x000000000dc30800 Uncommon trap: reason=unstable_if action=reinterpret pc=0x00002b9289e21424 method=sun.misc.FloatingDecimal.readJavaFormatString(Ljava/lang/String;)Lsun/misc/FloatingDecimal; @ 391
Event: 71.504 Thread 0x000000000dc30800 Uncommon trap: reason=unstable_if action=reinterpret pc=0x00002b9289df1670 method=java.util.HashMap.getEntry(Ljava/lang/Object;)Ljava/util/HashMap$Entry; @ 47
Event: 147.999 Thread 0x000000000dc30800 Uncommon trap: reason=unstable_if action=reinterpret pc=0x00002b9289ed3098 method=uk.ac.leeds.ccg.andyt.projects.digitalwelfare.data.shbe.DW_SHBE_Handler.loadInputData(Ljava/io/File;Ljava/lang/String;)[Ljava/lang/Object; @ 446
Event: 152.222 Thread 0x000000000dc30800 Uncommon trap: reason=unstable_if action=reinterpret pc=0x00002b9289e77c9c method=uk.ac.leeds.ccg.andyt.projects.digitalwelfare.data.shbe.DW_SHBE_Handler.loadInputData(Ljava/io/File;Ljava/lang/String;)[Ljava/lang/Object; @ 446

Internal exceptions (10 events):
Event: 27.236 Thread 0x000000000dc30800 Threw 0x00000007dd55cd00 at /HUDSON/workspace/7u-2-build-linux-amd64/jdk7u80/2329/hotspot/src/share/vm/interpreter/interpreterRuntime.cpp:347
Event: 27.237 Thread 0x000000000dc30800 Threw 0x00000007dd5d5880 at /HUDSON/workspace/7u-2-build-linux-amd64/jdk7u80/2329/hotspot/src/share/vm/interpreter/interpreterRuntime.cpp:347
Event: 27.244 Thread 0x000000000dc30800 Threw 0x00000007dd8487f0 at /HUDSON/workspace/7u-2-build-linux-amd64/jdk7u80/2329/hotspot/src/share/vm/interpreter/interpreterRuntime.cpp:347
Event: 27.253 Thread 0x000000000dc30800 Threw 0x00000007ddb6a5f0 at /HUDSON/workspace/7u-2-build-linux-amd64/jdk7u80/2329/hotspot/src/share/vm/prims/jvm.cpp:1319
Event: 27.254 Thread 0x000000000dc30800 Implicit null exception at 0x00002b9289e0c871 to 0x00002b9289e0ca99
Event: 27.259 Thread 0x000000000dc30800 Threw 0x00000007ddb79110 at /HUDSON/workspace/7u-2-build-linux-amd64/jdk7u80/2329/hotspot/src/share/vm/prims/jvm.cpp:1319
Event: 27.267 Thread 0x000000000dc30800 Threw 0x00000007ddba1a38 at /HUDSON/workspace/7u-2-build-linux-amd64/jdk7u80/2329/hotspot/src/share/vm/prims/jvm.cpp:1319
Event: 27.636 Thread 0x000000000dc30800 Implicit null exception at 0x00002b9289e9df34 to 0x00002b9289e9ef4d
Event: 56.983 Thread 0x000000000dc30800 Threw 0x00000007e0660c58 at /HUDSON/workspace/7u-2-build-linux-amd64/jdk7u80/2329/hotspot/src/share/vm/interpreter/interpreterRuntime.cpp:347
Event: 69.879 Thread 0x000000000dc30800 Threw 0x00000007d9ec8a08 at /HUDSON/workspace/7u-2-build-linux-amd64/jdk7u80/2329/hotspot/src/share/vm/interpreter/interpreterRuntime.cpp:347

Events (10 events):
Event: 452.552 Executing VM operation: ParallelGCFailedAllocation done
Event: 453.165 Executing VM operation: ParallelGCFailedAllocation
Event: 455.926 Executing VM operation: ParallelGCFailedAllocation done
Event: 456.567 Executing VM operation: ParallelGCFailedAllocation
Event: 458.376 Executing VM operation: ParallelGCFailedAllocation done
Event: 458.921 Executing VM operation: ParallelGCFailedAllocation
Event: 460.784 Executing VM operation: ParallelGCFailedAllocation done
Event: 461.199 Executing VM operation: ParallelGCFailedAllocation
Event: 463.088 Executing VM operation: ParallelGCFailedAllocation done
Event: 463.573 Executing VM operation: ParallelGCFailedAllocation


Dynamic libraries:
00400000-00401000 r-xp 00000000 08:01 68840                              /usr/java/jdk1.7.0_80/bin/java
00600000-00601000 rw-p 00000000 08:01 68840                              /usr/java/jdk1.7.0_80/bin/java
0dc23000-0f9bc000 rw-p 0dc23000 00:00 0                                  [heap]
77f200000-780700000 rw-p 77f200000 00:00 0 
780700000-784400000 rw-p 780700000 00:00 0 
784400000-7d6c00000 rw-p 784400000 00:00 0 
7d6c00000-800000000 rw-p 7d6c00000 00:00 0 
3136200000-313621c000 r-xp 00000000 08:01 3953536                        /lib64/ld-2.5.so
313641c000-313641d000 r--p 0001c000 08:01 3953536                        /lib64/ld-2.5.so
313641d000-313641e000 rw-p 0001d000 08:01 3953536                        /lib64/ld-2.5.so
3136600000-313674f000 r-xp 00000000 08:01 3953537                        /lib64/libc-2.5.so
313674f000-313694f000 ---p 0014f000 08:01 3953537                        /lib64/libc-2.5.so
313694f000-3136953000 r--p 0014f000 08:01 3953537                        /lib64/libc-2.5.so
3136953000-3136954000 rw-p 00153000 08:01 3953537                        /lib64/libc-2.5.so
3136954000-3136959000 rw-p 3136954000 00:00 0 
3136a00000-3136a82000 r-xp 00000000 08:01 3953542                        /lib64/libm-2.5.so
3136a82000-3136c81000 ---p 00082000 08:01 3953542                        /lib64/libm-2.5.so
3136c81000-3136c82000 r--p 00081000 08:01 3953542                        /lib64/libm-2.5.so
3136c82000-3136c83000 rw-p 00082000 08:01 3953542                        /lib64/libm-2.5.so
3136e00000-3136e02000 r-xp 00000000 08:01 3953554                        /lib64/libdl-2.5.so
3136e02000-3137002000 ---p 00002000 08:01 3953554                        /lib64/libdl-2.5.so
3137002000-3137003000 r--p 00002000 08:01 3953554                        /lib64/libdl-2.5.so
3137003000-3137004000 rw-p 00003000 08:01 3953554                        /lib64/libdl-2.5.so
3137600000-3137616000 r-xp 00000000 08:01 3953595                        /lib64/libpthread-2.5.so
3137616000-3137816000 ---p 00016000 08:01 3953595                        /lib64/libpthread-2.5.so
3137816000-3137817000 r--p 00016000 08:01 3953595                        /lib64/libpthread-2.5.so
3137817000-3137818000 rw-p 00017000 08:01 3953595                        /lib64/libpthread-2.5.so
3137818000-313781c000 rw-p 3137818000 00:00 0 
313a600000-313a607000 r-xp 00000000 08:01 3953597                        /lib64/librt-2.5.so
313a607000-313a807000 ---p 00007000 08:01 3953597                        /lib64/librt-2.5.so
313a807000-313a808000 r--p 00007000 08:01 3953597                        /lib64/librt-2.5.so
313a808000-313a809000 rw-p 00008000 08:01 3953597                        /lib64/librt-2.5.so
2b92884ee000-2b92884f0000 rw-p 2b92884ee000 00:00 0 
2b928851b000-2b9288530000 r-xp 00000000 08:01 1209538                    /usr/java/jdk1.7.0_80/lib/amd64/jli/libjli.so
2b9288530000-2b928872f000 ---p 00015000 08:01 1209538                    /usr/java/jdk1.7.0_80/lib/amd64/jli/libjli.so
2b928872f000-2b9288730000 rw-p 00014000 08:01 1209538                    /usr/java/jdk1.7.0_80/lib/amd64/jli/libjli.so
2b9288730000-2b9288733000 rw-p 2b9288730000 00:00 0 
2b9288733000-2b92892a9000 r-xp 00000000 08:01 826150                     /usr/java/jdk1.7.0_80/jre/lib/amd64/server/libjvm.so
2b92892a9000-2b92894a8000 ---p 00b76000 08:01 826150                     /usr/java/jdk1.7.0_80/jre/lib/amd64/server/libjvm.so
2b92894a8000-2b928956c000 rw-p 00b75000 08:01 826150                     /usr/java/jdk1.7.0_80/jre/lib/amd64/server/libjvm.so
2b928956c000-2b92895ad000 rw-p 2b928956c000 00:00 0 
2b92895ad000-2b92895b0000 ---p 2b92895ad000 00:00 0 
2b92895b0000-2b92896ae000 rw-p 2b92895b0000 00:00 0 
2b92896ae000-2b92896bb000 r-xp 00000000 08:01 69098                      /usr/java/jdk1.7.0_80/jre/lib/amd64/libverify.so
2b92896bb000-2b92898ba000 ---p 0000d000 08:01 69098                      /usr/java/jdk1.7.0_80/jre/lib/amd64/libverify.so
2b92898ba000-2b92898bc000 rw-p 0000c000 08:01 69098                      /usr/java/jdk1.7.0_80/jre/lib/amd64/libverify.so
2b92898bc000-2b92898e5000 r-xp 00000000 08:01 69069                      /usr/java/jdk1.7.0_80/jre/lib/amd64/libjava.so
2b92898e5000-2b9289ae5000 ---p 00029000 08:01 69069                      /usr/java/jdk1.7.0_80/jre/lib/amd64/libjava.so
2b9289ae5000-2b9289ae7000 rw-p 00029000 08:01 69069                      /usr/java/jdk1.7.0_80/jre/lib/amd64/libjava.so
2b9289ae7000-2b9289ae8000 ---p 2b9289ae7000 00:00 0 
2b9289ae8000-2b9289ae9000 rw-p 2b9289ae8000 00:00 0 
2b9289ae9000-2b9289b55000 r--s 00000000 08:01 425480                     /var/db/nscd/passwd
2b9289b55000-2b9289b5d000 rw-s 00000000 08:01 1078419                    /tmp/hsperfdata_geoagdt/21768
2b9289b5d000-2b9289b74000 r-xp 00000000 08:01 69099                      /usr/java/jdk1.7.0_80/jre/lib/amd64/libzip.so
2b9289b74000-2b9289d74000 ---p 00017000 08:01 69099                      /usr/java/jdk1.7.0_80/jre/lib/amd64/libzip.so
2b9289d74000-2b9289d75000 rw-p 00017000 08:01 69099                      /usr/java/jdk1.7.0_80/jre/lib/amd64/libzip.so
2b9289d75000-2b9289fe5000 rwxp 2b9289d75000 00:00 0 
2b9289fe5000-2b928cd75000 rw-p 2b9289fe5000 00:00 0 
2b928cd75000-2b928cd7f000 rw-p 2b928cd75000 00:00 0 
2b928cd7f000-2b928ce35000 rw-p 2b928cd7f000 00:00 0 
2b928ce35000-2b928ce40000 rw-p 2b928ce35000 00:00 0 
2b928ce40000-2b928ce5e000 rw-p 2b928ce40000 00:00 0 
2b928ce5e000-2b928d0f2000 rw-p 2b928ce5e000 00:00 0 
2b928d0f2000-2b928d23c000 rw-p 2b928d0f2000 00:00 0 
2b928d23c000-2b928d4d1000 rw-p 2b928d23c000 00:00 0 
2b928d4d1000-2b928d4dc000 rw-p 2b928d4d1000 00:00 0 
2b928d4dc000-2b928d4fa000 rw-p 2b928d4dc000 00:00 0 
2b928d4fa000-2b928d4fb000 ---p 2b928d4fa000 00:00 0 
2b928d4fb000-2b928d5fb000 rw-p 2b928d4fb000 00:00 0 
2b928d5fb000-2b928d5fc000 ---p 2b928d5fb000 00:00 0 
2b928d5fc000-2b928d6fc000 rw-p 2b928d5fc000 00:00 0 
2b928d6fc000-2b928d6fd000 ---p 2b928d6fc000 00:00 0 
2b928d6fd000-2b928d7fd000 rw-p 2b928d6fd000 00:00 0 
2b928d7fd000-2b928d7fe000 ---p 2b928d7fd000 00:00 0 
2b928d7fe000-2b9291e97000 rw-p 2b928d7fe000 00:00 0 
2b9291e97000-2b9292057000 r--s 039fb000 08:01 69139                      /usr/java/jdk1.7.0_80/jre/lib/rt.jar
2b9292057000-2b9293056000 rw-p 2b9292057000 00:00 0 
2b9293056000-2b9293057000 ---p 2b9293056000 00:00 0 
2b9293057000-2b9293157000 rw-p 2b9293057000 00:00 0 
2b9293157000-2b929315a000 ---p 2b9293157000 00:00 0 
2b929315a000-2b9293258000 rw-p 2b929315a000 00:00 0 
2b9293258000-2b929325b000 ---p 2b9293258000 00:00 0 
2b929325b000-2b9293359000 rw-p 2b929325b000 00:00 0 
2b9293359000-2b9296930000 r--p 00000000 08:01 5521023                    /usr/lib/locale/locale-archive
2b9296930000-2b9296933000 ---p 2b9296930000 00:00 0 
2b9296933000-2b9296a31000 rw-p 2b9296933000 00:00 0 
2b9296a31000-2b9296a34000 ---p 2b9296a31000 00:00 0 
2b9296a34000-2b9296b32000 rw-p 2b9296a34000 00:00 0 
2b9296b32000-2b9296b35000 ---p 2b9296b32000 00:00 0 
2b9296b35000-2b9296c33000 rw-p 2b9296b35000 00:00 0 
2b9296c33000-2b9296c36000 ---p 2b9296c33000 00:00 0 
2b9296c36000-2b9296d34000 rw-p 2b9296c36000 00:00 0 
2b9296d34000-2b9296d35000 ---p 2b9296d34000 00:00 0 
2b9296d35000-2b9296e36000 rw-p 2b9296d35000 00:00 0 
2b9298000000-2b92998a3000 rw-p 2b9298000000 00:00 0 
2b92998a3000-2b929c000000 ---p 2b92998a3000 00:00 0 
2b929c000000-2b929c311000 rw-p 2b929c000000 00:00 0 
2b929c311000-2b92a0000000 ---p 2b929c311000 00:00 0 
2b92a0000000-2b92a0011000 r--s 000ac000 08:03 92095247                   /scratch01/.m2/repository/com/vividsolutions/jts/1.12/jts-1.12.jar
2b92a0011000-2b92a0023000 r--s 000c9000 08:03 89719020                   /scratch01/.m2/repository/xerces/xercesImpl/2.4.0/xercesImpl-2.4.0.jar
2b92a0023000-2b92a0025000 r--s 00014000 08:03 89736500                   /scratch01/.m2/repository/org/geotools/gt-data/13-SNAPSHOT/gt-data-13-SNAPSHOT.jar
2b92a0025000-2b92a0027000 r--s 00023000 08:03 92783346                   /scratch01/.m2/repository/org/jdom/jdom/1.1.3/jdom-1.1.3.jar
2b92a0027000-2b92a003b000 r--s 001bd000 08:03 89720347                   /scratch01/.m2/repository/javax/media/jai_core/1.1.3/jai_core-1.1.3.jar
2b92a003b000-2b92a003d000 r--s 001dd000 08:03 89736287                   /scratch01/.m2/repository/org/geotools/gt-epsg-hsql/13-SNAPSHOT/gt-epsg-hsql-13-SNAPSHOT.jar
2b92a003d000-2b92a004c000 r--s 00109000 08:03 89736256                   /scratch01/.m2/repository/org/geotools/gt-referencing/13-SNAPSHOT/gt-referencing-13-SNAPSHOT.jar
2b92a004c000-2b92a004e000 r--s 0003b000 08:03 89719038                   /scratch01/.m2/repository/java3d/vecmath/1.3.2/vecmath-1.3.2.jar
2b92a004e000-2b92a0051000 r--s 00015000 08:03 89718910                   /scratch01/.m2/repository/commons-pool/commons-pool/1.5.4/commons-pool-1.5.4.jar
2b92a0051000-2b92a005a000 r--s 00074000 08:03 89736251                   /scratch01/.m2/repository/org/geotools/gt-metadata/13-SNAPSHOT/gt-metadata-13-SNAPSHOT.jar
2b92a005a000-2b92a0068000 r--s 00047000 08:03 89736245                   /scratch01/.m2/repository/org/geotools/gt-opengis/13-SNAPSHOT/gt-opengis-13-SNAPSHOT.jar
2b92a0068000-2b92a006b000 r--s 00014000 08:03 89718882                   /scratch01/.m2/repository/net/java/dev/jsr-275/jsr-275/1.0-beta-2/jsr-275-1.0-beta-2.jar
2b92a006b000-2b92a006c000 r--s 00002000 08:03 91784286                   /scratch01/.m2/repository/jgridshift/jgridshift/1.0/jgridshift-1.0.jar
2b92a006c000-2b92a0079000 r--s 00148000 08:03 93045540                   /scratch01/.m2/repository/org/hsqldb/hsqldb/2.2.8/hsqldb-2.2.8.jar
2b92a0079000-2b92a0081000 r--s 0004c000 08:03 89738093                   /scratch01/.m2/repository/org/geotools/gt-swing/13-SNAPSHOT/gt-swing-13-SNAPSHOT.jar
2b92a0081000-2b92a0089000 r--s 0007d000 08:03 89736625                   /scratch01/.m2/repository/org/geotools/gt-render/13-SNAPSHOT/gt-render-13-SNAPSHOT.jar
2b92a0089000-2b92a008b000 r--s 00011000 08:03 92160646                   /scratch01/.m2/repository/com/miglayout/miglayout/3.7/miglayout-3.7-swing.jar
2b92a008b000-2b92a008e000 r--s 0001f000 08:03 89737970                   /scratch01/.m2/repository/org/geotools/gt-brewer/13-SNAPSHOT/gt-brewer-13-SNAPSHOT.jar
2b92a008e000-2b92a0093000 r--s 0002b000 08:03 89736261                   /scratch01/.m2/repository/org/geotools/gt-api/13-SNAPSHOT/gt-api-13-SNAPSHOT.jar
2b92a0093000-2b92a00ad000 r--s 00185000 08:03 89736292                   /scratch01/.m2/repository/org/geotools/gt-main/13-SNAPSHOT/gt-main-13-SNAPSHOT.jar
2b92a00ad000-2b92a00b0000 r--s 0002e000 08:03 89736494                   /scratch01/.m2/repository/org/geotools/gt-cql/13-SNAPSHOT/gt-cql-13-SNAPSHOT.jar
2b92a00b0000-2b92a00b2000 r--s 00006000 08:03 89736522                   /scratch01/.m2/repository/org/geotools/gt-geotiff/13-SNAPSHOT/gt-geotiff-13-SNAPSHOT.jar
2b92a00b2000-2b92a00c3000 r--s 00106000 08:03 89720338                   /scratch01/.m2/repository/javax/media/jai_imageio/1.1/jai_imageio-1.1.jar
2b92a00c3000-2b92a00cb000 r--s 00046000 08:03 92849118                   /scratch01/.m2/repository/it/geosolutions/imageio-ext/imageio-ext-tiff/1.1.10/imageio-ext-tiff-1.1.10.jar
2b92a00cb000-2b92a00cc000 r--s 00009000 08:03 92897972                   /scratch01/.m2/repository/it/geosolutions/imageio-ext/imageio-ext-utilities/1.1.10/imageio-ext-utilities-1.1.10.jar
2b92a00cc000-2b92a00d0000 r--s 0003c000 08:03 89720334                   /scratch01/.m2/repository/javax/media/jai_codec/1.1.3/jai_codec-1.1.3.jar
2b92a00d0000-2b92a00d1000 r--s 00005000 08:03 89736959                   /scratch01/.m2/repository/org/geotools/gt-image/13-SNAPSHOT/gt-image-13-SNAPSHOT.jar
2b92a00d1000-2b92a00d9000 r--s 00079000 08:03 89736510                   /scratch01/.m2/repository/org/geotools/gt-coverage/13-SNAPSHOT/gt-coverage-13-SNAPSHOT.jar
2b92a00d9000-2b92a00da000 r--s 00004000 08:03 91980675                   /scratch01/.m2/repository/org/jaitools/jt-zonalstats/1.3.1/jt-zonalstats-1.3.1.jar
2b92a00da000-2b92a00de000 r--s 0002e000 08:03 92078868                   /scratch01/.m2/repository/org/jaitools/jt-utils/1.3.1/jt-utils-1.3.1.jar
2b92a00de000-2b92a00e0000 r--s 00012000 08:03 89737206                   /scratch01/.m2/repository/org/geotools/gt-imageio-ext-gdal/13-SNAPSHOT/gt-imageio-ext-gdal-13-SNAPSHOT.jar
2b92a00e0000-2b92a00e2000 r--s 00000000 08:03 89737156                   /scratch01/.m2/repository/it/geosolutions/imageio-ext/imageio-ext-gdalarcbinarygrid/1.1.10/imageio-ext-gdalarcbinarygrid-1.1.10.jar
2b92a00e2000-2b92a00e4000 r--s 0000d000 08:03 89737159                   /scratch01/.m2/repository/it/geosolutions/imageio-ext/imageio-ext-gdalframework/1.1.10/imageio-ext-gdalframework-1.1.10.jar
2b92a00e4000-2b92a00e5000 r--s 00016000 08:03 89737162                   /scratch01/.m2/repository/it/geosolutions/imageio-ext/imageio-ext-gdal-bindings/1.9.2/imageio-ext-gdal-bindings-1.9.2.jar
2b92a00e5000-2b92a00e7000 r--s 00005000 08:03 89737055                   /scratch01/.m2/repository/it/geosolutions/imageio-ext/imageio-ext-geocore/1.1.10/imageio-ext-geocore-1.1.10.jar
2b92a00e7000-2b92a00e9000 r--s 00001000 08:03 89737165                   /scratch01/.m2/repository/it/geosolutions/imageio-ext/imageio-ext-gdalmrsid/1.1.10/imageio-ext-gdalmrsid-1.1.10.jar
2b92a00e9000-2b92a00ea000 r--s 00001000 08:03 89737168                   /scratch01/.m2/repository/it/geosolutions/imageio-ext/imageio-ext-gdalecw/1.1.10/imageio-ext-gdalecw-1.1.10.jar
2b92a00ea000-2b92a00ec000 r--s 00000000 08:03 89737171                   /scratch01/.m2/repository/it/geosolutions/imageio-ext/imageio-ext-gdaldted/1.1.10/imageio-ext-gdaldted-1.1.10.jar
2b92a00ec000-2b92a00ed000 r--s 00003000 08:03 89737174                   /scratch01/.m2/repository/it/geosolutions/imageio-ext/imageio-ext-gdalkakadujp2/1.1.10/imageio-ext-gdalkakadujp2-1.1.10.jar
2b92a00ed000-2b92a00ef000 r--s 00000000 08:03 89737177                   /scratch01/.m2/repository/it/geosolutions/imageio-ext/imageio-ext-gdalmrsidjp2/1.1.10/imageio-ext-gdalmrsidjp2-1.1.10.jar
2b92a00ef000-2b92a00f1000 r--s 00000000 08:03 89737180                   /scratch01/.m2/repository/it/geosolutions/imageio-ext/imageio-ext-gdalecwjp2/1.1.10/imageio-ext-gdalecwjp2-1.1.10.jar
2b92a00f1000-2b92a00f3000 r--s 00000000 08:03 89737183                   /scratch01/.m2/repository/it/geosolutions/imageio-ext/imageio-ext-gdalehdr/1.1.10/imageio-ext-gdalehdr-1.1.10.jar
2b92a00f3000-2b92a00f5000 r--s 00000000 08:03 89737186                   /scratch01/.m2/repository/it/geosolutions/imageio-ext/imageio-ext-gdalenvihdr/1.1.10/imageio-ext-gdalenvihdr-1.1.10.jar
2b92a00f5000-2b92a00f7000 r--s 00000000 08:03 89737189                   /scratch01/.m2/repository/it/geosolutions/imageio-ext/imageio-ext-gdalerdasimg/1.1.10/imageio-ext-gdalerdasimg-1.1.10.jar
2b92a00f7000-2b92a00f9000 r--s 00000000 08:03 89737192                   /scratch01/.m2/repository/it/geosolutions/imageio-ext/imageio-ext-gdalnitf/1.1.10/imageio-ext-gdalnitf-1.1.10.jar
2b92a00f9000-2b92a00fb000 r--s 00000000 08:03 89737195                   /scratch01/.m2/repository/it/geosolutions/imageio-ext/imageio-ext-gdalrpftoc/1.1.10/imageio-ext-gdalrpftoc-1.1.10.jar
2b92a00fb000-2b92a00fd000 r--s 00000000 08:03 89737198                   /scratch01/.m2/repository/it/geosolutions/imageio-ext/imageio-ext-gdalidrisi/1.1.10/imageio-ext-gdalidrisi-1.1.10.jar
2b92a00fd000-2b92a00ff000 r--s 00005000 08:03 89737201                   /scratch01/.m2/repository/it/geosolutions/imageio-ext/imageio-ext-imagereadmt/1.1.10/imageio-ext-imagereadmt-1.1.10.jar
2b92a00ff000-2b92a0100000 r--s 00005000 08:03 89736544                   /scratch01/.m2/repository/org/geotools/gt-arcgrid/13-SNAPSHOT/gt-arcgrid-13-SNAPSHOT.jar
2b92a0100000-2b92a0102000 r--s 00008000 08:03 89736536                   /scratch01/.m2/repository/it/geosolutions/imageio-ext/imageio-ext-arcgrid/1.1.10/imageio-ext-arcgrid-1.1.10.jar
2b92a0102000-2b92a0104000 r--s 0000b000 08:03 89736539                   /scratch01/.m2/repository/it/geosolutions/imageio-ext/imageio-ext-streams/1.1.10/imageio-ext-streams-1.1.10.jar
7fff1fcfd000-7fff1fd14000 rw-p 7ffffffe7000 00:00 0                      [stack]
7fff1fd74000-7fff1fd77000 r-xp 7fff1fd74000 00:00 0                      [vdso]
ffffffffff600000-ffffffffffe00000 ---p 00000000 00:00 0                  [vsyscall]

VM Arguments:
java_command: uk.ac.leeds.ccg.andyt.projects.digitalwelfare.process.DW_DataProcessor_LCC
Launcher Type: SUN_STANDARD

Environment Variables:
JAVA_HOME=/usr/java/latest
PATH=/usr/lib64/qt-3.3/bin:/opt/netbeans/bin:/usr/lib64/openmpi/1.4-gcc/bin:/opt/apache-maven/bin:/usr/kerberos/bin:/usr/local/bin:/usr/bin:/bin:/usr/X11R6/bin:.
USERNAME=geoagdt
LD_LIBRARY_PATH=/usr/java/latest/jre/lib/amd64:/usr/java/latest/jre/lib/i386:/usr/lib64/openmpi/1.4-gcc/lib:/opt/apache-maven/lib64
SHELL=/bin/csh
DISPLAY=:0.0
HOSTTYPE=x86_64-linux
OSTYPE=linux
MACHTYPE=x86_64

Signal Handlers:
SIGSEGV: [libjvm.so+0x9a3b20], sa_mask[0]=0x7ffbfeff, sa_flags=0x10000004
SIGBUS: [libjvm.so+0x9a3b20], sa_mask[0]=0x7ffbfeff, sa_flags=0x10000004
SIGFPE: [libjvm.so+0x81e740], sa_mask[0]=0x7ffbfeff, sa_flags=0x10000004
SIGPIPE: [libjvm.so+0x81e740], sa_mask[0]=0x7ffbfeff, sa_flags=0x10000004
SIGXFSZ: [libjvm.so+0x81e740], sa_mask[0]=0x7ffbfeff, sa_flags=0x10000004
SIGILL: [libjvm.so+0x81e740], sa_mask[0]=0x7ffbfeff, sa_flags=0x10000004
SIGUSR1: SIG_DFL, sa_mask[0]=0x00000000, sa_flags=0x00000000
SIGUSR2: [libjvm.so+0x81ffb0], sa_mask[0]=0x00000004, sa_flags=0x10000004
SIGHUP: [libjvm.so+0x8210d0], sa_mask[0]=0x7ffbfeff, sa_flags=0x10000004
SIGINT: SIG_IGN, sa_mask[0]=0x00000000, sa_flags=0x00000000
SIGTERM: [libjvm.so+0x8210d0], sa_mask[0]=0x7ffbfeff, sa_flags=0x10000004
SIGQUIT: [libjvm.so+0x8210d0], sa_mask[0]=0x7ffbfeff, sa_flags=0x10000004


---------------  S Y S T E M  ---------------

OS:CentOS release 5.11 (Final)

uname:Linux 2.6.18-404.el5 #1 SMP Tue Apr 7 12:42:54 EDT 2015 x86_64
libc:glibc 2.5 NPTL 2.5 
rlimit: STACK 10240k, CORE 0k, NPROC 63324, NOFILE 1024, AS infinity
load average:3.36 3.13 2.75

/proc/meminfo:
MemTotal:      8108460 kB
MemFree:         46192 kB
Buffers:         11428 kB
Cached:        2911752 kB
SwapCached:          0 kB
Active:        5579852 kB
Inactive:      1953836 kB
HighTotal:           0 kB
HighFree:            0 kB
LowTotal:      8108460 kB
LowFree:         46192 kB
SwapTotal:    10153072 kB
SwapFree:     10152876 kB
Dirty:             212 kB
Writeback:           0 kB
AnonPages:     4610508 kB
Mapped:         144080 kB
Slab:           421744 kB
PageTables:      31084 kB
NFS_Unstable:        4 kB
Bounce:              0 kB
CommitLimit:  14207300 kB
Committed_AS:  6037184 kB
VmallocTotal: 34359738367 kB
VmallocUsed:     25628 kB
VmallocChunk: 34359712639 kB
HugePages_Total:     0
HugePages_Free:      0
HugePages_Rsvd:      0
Hugepagesize:     2048 kB


CPU:total 4 (4 cores per cpu, 1 threads per core) family 6 model 23 stepping 10, cmov, cx8, fxsr, mmx, sse, sse2, sse3, ssse3, sse4.1, tsc

/proc/cpuinfo:
processor	: 0
vendor_id	: GenuineIntel
cpu family	: 6
model		: 23
model name	: Intel(R) Core(TM)2 Quad CPU    Q9400  @ 2.66GHz
stepping	: 10
cpu MHz		: 2664.000
cache size	: 3072 KB
physical id	: 0
siblings	: 4
core id		: 0
cpu cores	: 4
apicid		: 0
fpu		: yes
fpu_exception	: yes
cpuid level	: 13
wp		: yes
flags		: fpu vme de pse tsc msr pae mce cx8 apic sep mtrr pge mca cmov pat pse36 clflush dts acpi mmx fxsr sse sse2 ss ht tm syscall nx lm constant_tsc pni monitor ds_cpl vmx smx est tm2 ssse3 cx16 xtpr sse4_1 lahf_lm
bogomips	: 5332.73
clflush size	: 64
cache_alignment	: 64
address sizes	: 36 bits physical, 48 bits virtual
power management:

processor	: 1
vendor_id	: GenuineIntel
cpu family	: 6
model		: 23
model name	: Intel(R) Core(TM)2 Quad CPU    Q9400  @ 2.66GHz
stepping	: 10
cpu MHz		: 2664.000
cache size	: 3072 KB
physical id	: 0
siblings	: 4
core id		: 1
cpu cores	: 4
apicid		: 1
fpu		: yes
fpu_exception	: yes
cpuid level	: 13
wp		: yes
flags		: fpu vme de pse tsc msr pae mce cx8 apic sep mtrr pge mca cmov pat pse36 clflush dts acpi mmx fxsr sse sse2 ss ht tm syscall nx lm constant_tsc pni monitor ds_cpl vmx smx est tm2 ssse3 cx16 xtpr sse4_1 lahf_lm
bogomips	: 5332.72
clflush size	: 64
cache_alignment	: 64
address sizes	: 36 bits physical, 48 bits virtual
power management:

processor	: 2
vendor_id	: GenuineIntel
cpu family	: 6
model		: 23
model name	: Intel(R) Core(TM)2 Quad CPU    Q9400  @ 2.66GHz
stepping	: 10
cpu MHz		: 1998.000
cache size	: 3072 KB
physical id	: 0
siblings	: 4
core id		: 2
cpu cores	: 4
apicid		: 2
fpu		: yes
fpu_exception	: yes
cpuid level	: 13
wp		: yes
flags		: fpu vme de pse tsc msr pae mce cx8 apic sep mtrr pge mca cmov pat pse36 clflush dts acpi mmx fxsr sse sse2 ss ht tm syscall nx lm constant_tsc pni monitor ds_cpl vmx smx est tm2 ssse3 cx16 xtpr sse4_1 lahf_lm
bogomips	: 5332.73
clflush size	: 64
cache_alignment	: 64
address sizes	: 36 bits physical, 48 bits virtual
power management:

processor	: 3
vendor_id	: GenuineIntel
cpu family	: 6
model		: 23
model name	: Intel(R) Core(TM)2 Quad CPU    Q9400  @ 2.66GHz
stepping	: 10
cpu MHz		: 2664.000
cache size	: 3072 KB
physical id	: 0
siblings	: 4
core id		: 3
cpu cores	: 4
apicid		: 3
fpu		: yes
fpu_exception	: yes
cpuid level	: 13
wp		: yes
flags		: fpu vme de pse tsc msr pae mce cx8 apic sep mtrr pge mca cmov pat pse36 clflush dts acpi mmx fxsr sse sse2 ss ht tm syscall nx lm constant_tsc pni monitor ds_cpl vmx smx est tm2 ssse3 cx16 xtpr sse4_1 lahf_lm
bogomips	: 5332.73
clflush size	: 64
cache_alignment	: 64
address sizes	: 36 bits physical, 48 bits virtual
power management:



Memory: 4k page, physical 8108460k(46192k free), swap 10153072k(10152876k free)

vm_info: Java HotSpot(TM) 64-Bit Server VM (24.80-b11) for linux-amd64 JRE (1.7.0_80-b15), built on Apr 10 2015 19:53:14 by "java_re" with gcc 4.3.0 20080428 (Red Hat 4.3.0-8)

time: Fri Jun  5 15:58:55 2015
elapsed time: 464 seconds

