#
# A fatal error has been detected by the Java Runtime Environment:
#
#  SIGSEGV (0xb) at pc=0x00002b474c4c97a1, pid=28174, tid=47585302473024
#
# JRE version: Java(TM) SE Runtime Environment (7.0_80-b15) (build 1.7.0_80-b15)
# Java VM: Java HotSpot(TM) 64-Bit Server VM (24.80-b11 mixed mode linux-amd64 compressed oops)
# Problematic frame:
# V  [libjvm.so+0x5c57a1]  oopDesc::size_given_klass(Klass*)+0x1
#
# Failed to write core dump. Core dumps have been disabled. To enable core dumping, try "ulimit -c unlimited" before starting Java again
#
# If you would like to submit a bug report, please visit:
#   http://bugreport.java.com/bugreport/crash.jsp
#

---------------  T H R E A D  ---------------

Current thread (0x000000001fe96000):  GCTaskThread [stack: 0x00002b4750fce000,0x00002b47510cf000] [id=28182]

siginfo:si_signo=SIGSEGV: si_errno=0, si_code=1 (SEGV_MAPERR), si_addr=0x000000076f20ae18

Registers:
RAX=0x000000076f20ae00, RBX=0x00000007a1c51df0, RCX=0x0000000000000003, RDX=0x00000000001152c8
RSP=0x00002b47510cdac0, RBP=0x00002b47510cdb30, RSI=0x000000076f20ae10, RDI=0x00000007a1c59180
R8 =0x0001000000000000, R9 =0x0000000000000454, R10=0x0000000000000003, R11=0x00002b474cd4f800
R12=0x00002b474cd53860, R13=0x00000007a1c59180, R14=0x0000000000000003, R15=0x000000001fed7d50
RIP=0x00002b474c4c97a1, EFLAGS=0x0000000000010206, CSGSFS=0x0000000000000033, ERR=0x0000000000000004
  TRAPNO=0x000000000000000e

Top of Stack: (sp=0x00002b47510cdac0)
0x00002b47510cdac0:   00002b47510cdb30 00002b474c4c100b
0x00002b47510cdad0:   00000007a1c51a38 000000077f4a1fb0
0x00002b47510cdae0:   000000077f4a1fb8 00000007a1c51e9c
0x00002b47510cdaf0:   000000001fe96860 000000001fed7d90
0x00002b47510cdb00:   00002b47510cdb70 000000001fed7d50
0x00002b47510cdb10:   00002b474cd4f800 00002b474cd45bf8
0x00002b47510cdb20:   000000001fed7d50 000000001fed7d60
0x00002b47510cdb30:   00002b47510cdc20 00002b474c778e2c
0x00002b47510cdb40:   0000000784475638 00002b47510cdb90
0x00002b47510cdb50:   00002b47510cdba0 00002b47510cdb80
0x00002b47510cdb60:   00002b47510cdbc0 00002b47510cdbd0
0x00002b47510cdb70:   000000001fed7d90 000000001fed7e10
0x00002b47510cdb80:   0000000000000000 00002b4700000000
0x00002b47510cdb90:   000000001fed7d50 0000000000000006
0x00002b47510cdba0:   000000079f0377ec 00002b474cd53860
0x00002b47510cdbb0:   00002b47510cdc20 00002b474c4c1036
0x00002b47510cdbc0:   000000079f0377d0 000000077f52ca40
0x00002b47510cdbd0:   000000077f52ca40 000000079f0377f4
0x00002b47510cdbe0:   000489ab00007a47 000000001fed7d90
0x00002b47510cdbf0:   00002b47510cdc40 0000000000000000
0x00002b47510cdc00:   000000001fed7720 0000000000000003
0x00002b47510cdc10:   000000001fed7d50 00000007b6b5e830
0x00002b47510cdc20:   00002b47510cdd50 00002b474c7604fe
0x00002b47510cdc30:   00000007acbf40a8 00002b47510cdcf0
0x00002b47510cdc40:   00002b47510cdce0 00002b47510cdcd0
0x00002b47510cdc50:   00002b47510cdcc0 00002b47510cdd00
0x00002b47510cdc60:   00002b47510cdd10 00002b47510cdd1c
0x00002b47510cdc70:   000000001fe98920 00000007acbf3098
0x00002b47510cdc80:   0000847b00007a17 00000000000003d8
0x00002b47510cdc90:   000000001fe96be0 0000000000020000
0x00002b47510cdca0:   0000000000000400 0000000000000004
0x00002b47510cdcb0:   000000001fed7d90 000000001fed7e10 

Instructions: (pc=0x00002b474c4c97a1)
0x00002b474c4c9781:   00 48 8b 01 48 89 45 f0 48 8b 41 08 48 8d 4d f0
0x00002b474c4c9791:   48 89 45 f8 41 ff d0 c9 c3 90 90 90 90 90 90 55
0x00002b474c4c97a1:   8b 4e 08 48 89 f2 48 89 e5 83 f9 00 7e 11 f6 c1
0x00002b474c4c97b1:   01 75 14 89 c8 c9 c1 f8 03 c3 0f 1f 44 00 00 75 

Register to memory mapping:

RAX=0x000000076f20ae00 is an unknown value
RBX=0x00000007a1c51df0 is pointing into object: 0x00000007a1c51a38
uk.ac.leeds.ccg.andyt.projects.digitalwelfare.data.shbe.DW_SHBE_Record 
 - klass: 'uk/ac/leeds/ccg/andyt/projects/digitalwelfare/data/shbe/DW_SHBE_Record'
RCX=0x0000000000000003 is an unknown value
RDX=0x00000000001152c8 is an unknown value
RSP=0x00002b47510cdac0 is an unknown value
RBP=0x00002b47510cdb30 is an unknown value
RSI=0x000000076f20ae10 is an unknown value
RDI=
[error occurred during error reporting (printing register info), id 0xb]

Stack: [0x00002b4750fce000,0x00002b47510cf000],  sp=0x00002b47510cdac0,  free space=1022k
Native frames: (J=compiled Java code, j=interpreted, Vv=VM code, C=native code)
V  [libjvm.so+0x5c57a1]  oopDesc::size_given_klass(Klass*)+0x1
V  [libjvm.so+0x874e2c]  ParCompactionManager::follow_marking_stacks()+0x1ec
V  [libjvm.so+0x85c4fe]  StealMarkingTask::do_it(GCTaskManager*, unsigned int)+0x30e
V  [libjvm.so+0x5590bf]  GCTaskThread::run()+0x12f
V  [libjvm.so+0x8238c8]  java_start(Thread*)+0x108


---------------  P R O C E S S  ---------------

Java Threads: ( => current thread )
  0x000000001ff18000 JavaThread "Service Thread" daemon [_thread_blocked, id=28189, stack(0x00002b4756e2d000,0x00002b4756f2e000)]
  0x000000001ff16000 JavaThread "C2 CompilerThread1" daemon [_thread_blocked, id=28188, stack(0x00002b4756d2c000,0x00002b4756e2d000)]
  0x000000001ff0a000 JavaThread "C2 CompilerThread0" daemon [_thread_blocked, id=28187, stack(0x00002b4756c2b000,0x00002b4756d2c000)]
  0x000000001ff08000 JavaThread "Signal Dispatcher" daemon [_thread_blocked, id=28186, stack(0x00002b4756b2a000,0x00002b4756c2b000)]
  0x000000001fee1000 JavaThread "Finalizer" daemon [_thread_blocked, id=28185, stack(0x00002b4756a29000,0x00002b4756b2a000)]
  0x000000001fedf000 JavaThread "Reference Handler" daemon [_thread_blocked, id=28184, stack(0x00002b4756928000,0x00002b4756a29000)]
  0x000000001fe7a800 JavaThread "main" [_thread_blocked, id=28175, stack(0x00002b474cd7e000,0x00002b474ce7f000)]

Other Threads:
  0x000000001feda800 VMThread [stack: 0x00002b4756827000,0x00002b4756928000] [id=28183]
  0x000000001ff23000 WatcherThread [stack: 0x00002b4756f2e000,0x00002b475702f000] [id=28190]

=>0x000000001fe96000 (exited) GCTaskThread [stack: 0x00002b4750fce000,0x00002b47510cf000] [id=28182]

VM state:at safepoint (normal execution)

VM Mutex/Monitor currently owned by a thread:  ([mutex/lock_event])
[0x000000001fe792b0] Threads_lock - owner thread: 0x000000001feda800
[0x000000001fe797b0] Heap_lock - owner thread: 0x000000001fe7a800

Heap
 PSYoungGen      total 450560K, used 115712K [0x00000007d6c00000, 0x0000000800000000, 0x0000000800000000)
  eden space 225280K, 0% used [0x00000007d6c00000,0x00000007d6c00000,0x00000007e4800000)
  from space 225280K, 51% used [0x00000007f2400000,0x00000007f9500020,0x0000000800000000)
  to   space 225280K, 0% used [0x00000007e4800000,0x00000007e4800000,0x00000007f2400000)
 ParOldGen       total 1351680K, used 1264187K [0x0000000784400000, 0x00000007d6c00000, 0x00000007d6c00000)
  object space 1351680K, 93% used [0x0000000784400000,0x00000007d168eca8,0x00000007d6c00000)
 PSPermGen       total 21504K, used 3989K [0x000000077f200000, 0x0000000780700000, 0x0000000784400000)
  object space 21504K, 18% used [0x000000077f200000,0x000000077f5e5748,0x0000000780700000)

Card table byte_map: [0x00002b4750606000,0x00002b4750a0e000] byte_map_base: 0x00002b474ca0d000

Polling page: 0x00002b474d2b8000

Code Cache  [0x00002b474d546000, 0x00002b474d7b6000, 0x00002b4750546000)
 total_blobs=518 nmethods=324 adapters=148 free_code_cache=47764Kb largest_free_block=48641280

Compilation events (10 events):
Event: 1811.681 Thread 0x000000001ff0a000  382             sun.nio.cs.StreamEncoder::implWrite (156 bytes)
Event: 1811.681 Thread 0x000000001ff16000  381   !         sun.nio.cs.StreamEncoder::write (78 bytes)
Event: 1811.690 Thread 0x000000001ff0a000 nmethod 382 0x00002b474d680610 code [0x00002b474d6807c0, 0x00002b474d680c88]
Event: 1811.690 Thread 0x000000001ff0a000  383   !         java.nio.charset.CharsetEncoder::encode (285 bytes)
Event: 1811.693 Thread 0x000000001ff16000 nmethod 381 0x00002b474d681990 code [0x00002b474d681b60, 0x00002b474d6825e8]
Event: 1811.694 Thread 0x000000001ff0a000 nmethod 383 0x00002b474d67fd90 code [0x00002b474d67ff00, 0x00002b474d6801c8]
Event: 1820.215 Thread 0x000000001ff16000  384             java.io.PrintStream::print (13 bytes)
Event: 1820.216 Thread 0x000000001ff16000 nmethod 384 0x00002b474d681690 code [0x00002b474d6817e0, 0x00002b474d681868]
Event: 1872.228 Thread 0x000000001ff0a000  385             java.lang.Long::valueOf (36 bytes)
Event: 1872.230 Thread 0x000000001ff0a000 nmethod 385 0x00002b474d60c550 code [0x00002b474d60c6a0, 0x00002b474d60c7d8]

GC Heap History (10 events):
Event: 2546.440 GC heap after
Heap after GC invocations=1231 (full 369):
 PSYoungGen      total 446464K, used 114368K [0x00000007d6c00000, 0x00000007fec00000, 0x0000000800000000)
  eden space 237056K, 0% used [0x00000007d6c00000,0x00000007d6c00000,0x00000007e5380000)
  from space 209408K, 54% used [0x00000007f1f00000,0x00000007f8eb0020,0x00000007feb80000)
  to   space 208384K, 0% used [0x00000007e5380000,0x00000007e5380000,0x00000007f1f00000)
 ParOldGen       total 1351680K, used 1105667K [0x0000000784400000, 0x00000007d6c00000, 0x00000007d6c00000)
  object space 1351680K, 81% used [0x0000000784400000,0x00000007c7bc0c88,0x00000007d6c00000)
 PSPermGen       total 21504K, used 3989K [0x000000077f200000, 0x0000000780700000, 0x0000000784400000)
  object space 21504K, 18% used [0x000000077f200000,0x000000077f5e5748,0x0000000780700000)
}
Event: 2547.285 GC heap before
{Heap before GC invocations=1232 (full 369):
 PSYoungGen      total 446464K, used 351424K [0x00000007d6c00000, 0x00000007fec00000, 0x0000000800000000)
  eden space 237056K, 100% used [0x00000007d6c00000,0x00000007e5380000,0x00000007e5380000)
  from space 209408K, 54% used [0x00000007f1f00000,0x00000007f8eb0020,0x00000007feb80000)
  to   space 208384K, 0% used [0x00000007e5380000,0x00000007e5380000,0x00000007f1f00000)
 ParOldGen       total 1351680K, used 1105667K [0x0000000784400000, 0x00000007d6c00000, 0x00000007d6c00000)
  object space 1351680K, 81% used [0x0000000784400000,0x00000007c7bc0c88,0x00000007d6c00000)
 PSPermGen       total 21504K, used 3989K [0x000000077f200000, 0x0000000780700000, 0x0000000784400000)
  object space 21504K, 18% used [0x000000077f200000,0x000000077f5e5748,0x0000000780700000)
Event: 2547.436 GC heap after
Heap after GC invocations=1232 (full 369):
 PSYoungGen      total 445440K, used 154656K [0x00000007d6c00000, 0x0000000800000000, 0x0000000800000000)
  eden space 237056K, 0% used [0x00000007d6c00000,0x00000007d6c00000,0x00000007e5380000)
  from space 208384K, 74% used [0x00000007e5380000,0x00000007eea88030,0x00000007f1f00000)
  to   space 221184K, 0% used [0x00000007f2800000,0x00000007f2800000,0x0000000800000000)
 ParOldGen       total 1351680K, used 1105667K [0x0000000784400000, 0x00000007d6c00000, 0x00000007d6c00000)
  object space 1351680K, 81% used [0x0000000784400000,0x00000007c7bc0c88,0x00000007d6c00000)
 PSPermGen       total 21504K, used 3989K [0x000000077f200000, 0x0000000780700000, 0x0000000784400000)
  object space 21504K, 18% used [0x000000077f200000,0x000000077f5e5748,0x0000000780700000)
}
Event: 2548.078 GC heap before
{Heap before GC invocations=1233 (full 369):
 PSYoungGen      total 445440K, used 391712K [0x00000007d6c00000, 0x0000000800000000, 0x0000000800000000)
  eden space 237056K, 100% used [0x00000007d6c00000,0x00000007e5380000,0x00000007e5380000)
  from space 208384K, 74% used [0x00000007e5380000,0x00000007eea88030,0x00000007f1f00000)
  to   space 221184K, 0% used [0x00000007f2800000,0x00000007f2800000,0x0000000800000000)
 ParOldGen       total 1351680K, used 1105667K [0x0000000784400000, 0x00000007d6c00000, 0x00000007d6c00000)
  object space 1351680K, 81% used [0x0000000784400000,0x00000007c7bc0c88,0x00000007d6c00000)
 PSPermGen       total 21504K, used 3989K [0x000000077f200000, 0x0000000780700000, 0x0000000784400000)
  object space 21504K, 18% used [0x000000077f200000,0x000000077f5e5748,0x0000000780700000)
Event: 2548.265 GC heap after
Heap after GC invocations=1233 (full 369):
 PSYoungGen      total 446464K, used 194688K [0x00000007d6c00000, 0x0000000800000000, 0x0000000800000000)
  eden space 225280K, 0% used [0x00000007d6c00000,0x00000007d6c00000,0x00000007e4800000)
  from space 221184K, 88% used [0x00000007f2800000,0x00000007fe620030,0x0000000800000000)
  to   space 225280K, 0% used [0x00000007e4800000,0x00000007e4800000,0x00000007f2400000)
 ParOldGen       total 1351680K, used 1105667K [0x0000000784400000, 0x00000007d6c00000, 0x00000007d6c00000)
  object space 1351680K, 81% used [0x0000000784400000,0x00000007c7bc0c88,0x00000007d6c00000)
 PSPermGen       total 21504K, used 3989K [0x000000077f200000, 0x0000000780700000, 0x0000000784400000)
  object space 21504K, 18% used [0x000000077f200000,0x000000077f5e5748,0x0000000780700000)
}
Event: 2548.839 GC heap before
{Heap before GC invocations=1234 (full 369):
 PSYoungGen      total 446464K, used 419968K [0x00000007d6c00000, 0x0000000800000000, 0x0000000800000000)
  eden space 225280K, 100% used [0x00000007d6c00000,0x00000007e4800000,0x00000007e4800000)
  from space 221184K, 88% used [0x00000007f2800000,0x00000007fe620030,0x0000000800000000)
  to   space 225280K, 0% used [0x00000007e4800000,0x00000007e4800000,0x00000007f2400000)
 ParOldGen       total 1351680K, used 1105667K [0x0000000784400000, 0x00000007d6c00000, 0x00000007d6c00000)
  object space 1351680K, 81% used [0x0000000784400000,0x00000007c7bc0c88,0x00000007d6c00000)
 PSPermGen       total 21504K, used 3989K [0x000000077f200000, 0x0000000780700000, 0x0000000784400000)
  object space 21504K, 18% used [0x000000077f200000,0x000000077f5e5748,0x0000000780700000)
Event: 2549.084 GC heap after
Heap after GC invocations=1234 (full 369):
 PSYoungGen      total 450560K, used 156288K [0x00000007d6c00000, 0x0000000800000000, 0x0000000800000000)
  eden space 225280K, 0% used [0x00000007d6c00000,0x00000007d6c00000,0x00000007e4800000)
  from space 225280K, 69% used [0x00000007e4800000,0x00000007ee0a0030,0x00000007f2400000)
  to   space 225280K, 0% used [0x00000007f2400000,0x00000007f2400000,0x0000000800000000)
 ParOldGen       total 1351680K, used 1183851K [0x0000000784400000, 0x00000007d6c00000, 0x00000007d6c00000)
  object space 1351680K, 87% used [0x0000000784400000,0x00000007cc81ac98,0x00000007d6c00000)
 PSPermGen       total 21504K, used 3989K [0x000000077f200000, 0x0000000780700000, 0x0000000784400000)
  object space 21504K, 18% used [0x000000077f200000,0x000000077f5e5748,0x0000000780700000)
}
Event: 2549.678 GC heap before
{Heap before GC invocations=1235 (full 369):
 PSYoungGen      total 450560K, used 381568K [0x00000007d6c00000, 0x0000000800000000, 0x0000000800000000)
  eden space 225280K, 100% used [0x00000007d6c00000,0x00000007e4800000,0x00000007e4800000)
  from space 225280K, 69% used [0x00000007e4800000,0x00000007ee0a0030,0x00000007f2400000)
  to   space 225280K, 0% used [0x00000007f2400000,0x00000007f2400000,0x0000000800000000)
 ParOldGen       total 1351680K, used 1183851K [0x0000000784400000, 0x00000007d6c00000, 0x00000007d6c00000)
  object space 1351680K, 87% used [0x0000000784400000,0x00000007cc81ac98,0x00000007d6c00000)
 PSPermGen       total 21504K, used 3989K [0x000000077f200000, 0x0000000780700000, 0x0000000784400000)
  object space 21504K, 18% used [0x000000077f200000,0x000000077f5e5748,0x0000000780700000)
Event: 2549.894 GC heap after
Heap after GC invocations=1235 (full 369):
 PSYoungGen      total 450560K, used 115712K [0x00000007d6c00000, 0x0000000800000000, 0x0000000800000000)
  eden space 225280K, 0% used [0x00000007d6c00000,0x00000007d6c00000,0x00000007e4800000)
  from space 225280K, 51% used [0x00000007f2400000,0x00000007f9500020,0x0000000800000000)
  to   space 225280K, 0% used [0x00000007e4800000,0x00000007e4800000,0x00000007f2400000)
 ParOldGen       total 1351680K, used 1264187K [0x0000000784400000, 0x00000007d6c00000, 0x00000007d6c00000)
  object space 1351680K, 93% used [0x0000000784400000,0x00000007d168eca8,0x00000007d6c00000)
 PSPermGen       total 21504K, used 3989K [0x000000077f200000, 0x0000000780700000, 0x0000000784400000)
  object space 21504K, 18% used [0x000000077f200000,0x000000077f5e5748,0x0000000780700000)
}
Event: 2549.894 GC heap before
{Heap before GC invocations=1236 (full 370):
 PSYoungGen      total 450560K, used 115712K [0x00000007d6c00000, 0x0000000800000000, 0x0000000800000000)
  eden space 225280K, 0% used [0x00000007d6c00000,0x00000007d6c00000,0x00000007e4800000)
  from space 225280K, 51% used [0x00000007f2400000,0x00000007f9500020,0x0000000800000000)
  to   space 225280K, 0% used [0x00000007e4800000,0x00000007e4800000,0x00000007f2400000)
 ParOldGen       total 1351680K, used 1264187K [0x0000000784400000, 0x00000007d6c00000, 0x00000007d6c00000)
  object space 1351680K, 93% used [0x0000000784400000,0x00000007d168eca8,0x00000007d6c00000)
 PSPermGen       total 21504K, used 3989K [0x000000077f200000, 0x0000000780700000, 0x0000000784400000)
  object space 21504K, 18% used [0x000000077f200000,0x000000077f5e5748,0x0000000780700000)

Deoptimization events (10 events):
Event: 1130.186 Thread 0x000000001fe7a800 Uncommon trap: reason=unstable_if action=reinterpret pc=0x00002b474d5acdc4 method=java.io.ObjectInputStream$PeekInputStream.read()I @ 4
Event: 1130.187 Thread 0x000000001fe7a800 Uncommon trap: reason=unstable_if action=reinterpret pc=0x00002b474d5fe8b0 method=java.lang.Math.max(II)I @ 2
Event: 1130.188 Thread 0x000000001fe7a800 Uncommon trap: reason=unstable_if action=reinterpret pc=0x00002b474d6a7cf8 method=java.lang.Long.valueOf(J)Ljava/lang/Long; @ 13
Event: 1130.188 Thread 0x000000001fe7a800 Uncommon trap: reason=unstable_if action=reinterpret pc=0x00002b474d5c3ff8 method=java.io.ObjectInputStream.readObject0(Z)Ljava/lang/Object; @ 9
Event: 1130.188 Thread 0x000000001fe7a800 Uncommon trap: reason=unstable_if action=reinterpret pc=0x00002b474d5af438 method=java.io.ObjectInputStream$BlockDataInputStream.setBlockDataMode(Z)Z @ 5
Event: 1130.190 Thread 0x000000001fe7a800 Uncommon trap: reason=unstable_if action=reinterpret pc=0x00002b474d5b04d8 method=java.io.BufferedInputStream.read()I @ 8
Event: 1133.432 Thread 0x000000001fe7a800 Uncommon trap: reason=unstable_if action=reinterpret pc=0x00002b474d5b3110 method=java.io.ObjectInputStream$HandleTable.markDependency(II)V @ 2
Event: 1133.446 Thread 0x000000001fe7a800 Uncommon trap: reason=predicate action=maybe_recompile pc=0x00002b474d5bc7f8 method=java.util.Arrays.fill([Ljava/lang/Object;IILjava/lang/Object;)V @ 16
Event: 1154.572 Thread 0x000000001fe7a800 Uncommon trap: reason=unstable_if action=reinterpret pc=0x00002b474d684544 method=uk.ac.leeds.ccg.andyt.projects.digitalwelfare.process.DW_DataProcessor_LCC.aggregateClaimants(Ljava/lang/String;Ljava/lang/String;)V @ 304
Event: 1185.096 Thread 0x000000001fe7a800 Uncommon trap: reason=unstable_if action=reinterpret pc=0x00002b474d6a8904 method=java.io.PrintStream.print(Ljava/lang/String;)V @ 1

Internal exceptions (10 events):
Event: 29.693 Thread 0x000000001fe7a800 Implicit null exception at 0x00002b474d5df2f1 to 0x00002b474d5df519
Event: 29.697 Thread 0x000000001fe7a800 Threw 0x00000007d87035b0 at /HUDSON/workspace/7u-2-build-linux-amd64/jdk7u80/2329/hotspot/src/share/vm/prims/jvm.cpp:1319
Event: 29.706 Thread 0x000000001fe7a800 Threw 0x00000007d872bed8 at /HUDSON/workspace/7u-2-build-linux-amd64/jdk7u80/2329/hotspot/src/share/vm/prims/jvm.cpp:1319
Event: 30.241 Thread 0x000000001fe7a800 Implicit null exception at 0x00002b474d675e43 to 0x00002b474d6793c9
Event: 40.143 Thread 0x000000001fe7a800 Implicit null exception at 0x00002b474d67fe0c to 0x00002b474d680c51
Event: 59.515 Thread 0x000000001fe7a800 Threw 0x00000007d8a409f0 at /HUDSON/workspace/7u-2-build-linux-amd64/jdk7u80/2329/hotspot/src/share/vm/interpreter/interpreterRuntime.cpp:347
Event: 59.515 Thread 0x000000001fe7a800 Implicit null exception at 0x00002b474d65b089 to 0x00002b474d65b6bd
Event: 70.491 Thread 0x000000001fe7a800 Threw 0x00000007e05b1628 at /HUDSON/workspace/7u-2-build-linux-amd64/jdk7u80/2329/hotspot/src/share/vm/interpreter/interpreterRuntime.cpp:347
Event: 1185.096 Thread 0x000000001fe7a800 Threw 0x00000007dc87c880 at /HUDSON/workspace/7u-2-build-linux-amd64/jdk7u80/2329/hotspot/src/share/vm/interpreter/interpreterRuntime.cpp:347
Event: 1196.183 Thread 0x000000001fe7a800 Threw 0x00000007e41fc400 at /HUDSON/workspace/7u-2-build-linux-amd64/jdk7u80/2329/hotspot/src/share/vm/interpreter/interpreterRuntime.cpp:347

Events (10 events):
Event: 2545.744 Executing VM operation: ParallelGCFailedAllocation done
Event: 2546.322 Executing VM operation: ParallelGCFailedAllocation
Event: 2546.440 Executing VM operation: ParallelGCFailedAllocation done
Event: 2547.284 Executing VM operation: ParallelGCFailedAllocation
Event: 2547.436 Executing VM operation: ParallelGCFailedAllocation done
Event: 2548.077 Executing VM operation: ParallelGCFailedAllocation
Event: 2548.265 Executing VM operation: ParallelGCFailedAllocation done
Event: 2548.838 Executing VM operation: ParallelGCFailedAllocation
Event: 2549.084 Executing VM operation: ParallelGCFailedAllocation done
Event: 2549.678 Executing VM operation: ParallelGCFailedAllocation


Dynamic libraries:
00400000-00401000 r-xp 00000000 08:01 68840                              /usr/java/jdk1.7.0_80/bin/java
00600000-00601000 rw-p 00000000 08:01 68840                              /usr/java/jdk1.7.0_80/bin/java
1fe6d000-214dc000 rw-p 1fe6d000 00:00 0                                  [heap]
77f200000-780700000 rw-p 77f200000 00:00 0 
780700000-784400000 rw-p 780700000 00:00 0 
784400000-7d6c00000 rw-p 784400000 00:00 0 
7d6c00000-800000000 rw-p 7d6c00000 00:00 0 
3136200000-313621c000 r-xp 00000000 08:01 3953536                        /lib64/ld-2.5.so
313641c000-313641d000 r--p 0001c000 08:01 3953536                        /lib64/ld-2.5.so
313641d000-313641e000 rw-p 0001d000 08:01 3953536                        /lib64/ld-2.5.so
3136600000-313674f000 r-xp 00000000 08:01 3953537                        /lib64/libc-2.5.so
313674f000-313694f000 ---p 0014f000 08:01 3953537                        /lib64/libc-2.5.so
313694f000-3136953000 r--p 0014f000 08:01 3953537                        /lib64/libc-2.5.so
3136953000-3136954000 rw-p 00153000 08:01 3953537                        /lib64/libc-2.5.so
3136954000-3136959000 rw-p 3136954000 00:00 0 
3136a00000-3136a82000 r-xp 00000000 08:01 3953542                        /lib64/libm-2.5.so
3136a82000-3136c81000 ---p 00082000 08:01 3953542                        /lib64/libm-2.5.so
3136c81000-3136c82000 r--p 00081000 08:01 3953542                        /lib64/libm-2.5.so
3136c82000-3136c83000 rw-p 00082000 08:01 3953542                        /lib64/libm-2.5.so
3136e00000-3136e02000 r-xp 00000000 08:01 3953554                        /lib64/libdl-2.5.so
3136e02000-3137002000 ---p 00002000 08:01 3953554                        /lib64/libdl-2.5.so
3137002000-3137003000 r--p 00002000 08:01 3953554                        /lib64/libdl-2.5.so
3137003000-3137004000 rw-p 00003000 08:01 3953554                        /lib64/libdl-2.5.so
3137600000-3137616000 r-xp 00000000 08:01 3953595                        /lib64/libpthread-2.5.so
3137616000-3137816000 ---p 00016000 08:01 3953595                        /lib64/libpthread-2.5.so
3137816000-3137817000 r--p 00016000 08:01 3953595                        /lib64/libpthread-2.5.so
3137817000-3137818000 rw-p 00017000 08:01 3953595                        /lib64/libpthread-2.5.so
3137818000-313781c000 rw-p 3137818000 00:00 0 
313a600000-313a607000 r-xp 00000000 08:01 3953597                        /lib64/librt-2.5.so
313a607000-313a807000 ---p 00007000 08:01 3953597                        /lib64/librt-2.5.so
313a807000-313a808000 r--p 00007000 08:01 3953597                        /lib64/librt-2.5.so
313a808000-313a809000 rw-p 00008000 08:01 3953597                        /lib64/librt-2.5.so
2b474bcbc000-2b474bcbf000 r-xp 2b474bcbc000 00:00 0                      [vdso]
2b474bcbf000-2b474bcc1000 rw-p 2b474bcbf000 00:00 0 
2b474bcec000-2b474bd01000 r-xp 00000000 08:01 1209538                    /usr/java/jdk1.7.0_80/lib/amd64/jli/libjli.so
2b474bd01000-2b474bf00000 ---p 00015000 08:01 1209538                    /usr/java/jdk1.7.0_80/lib/amd64/jli/libjli.so
2b474bf00000-2b474bf01000 rw-p 00014000 08:01 1209538                    /usr/java/jdk1.7.0_80/lib/amd64/jli/libjli.so
2b474bf01000-2b474bf04000 rw-p 2b474bf01000 00:00 0 
2b474bf04000-2b474ca7a000 r-xp 00000000 08:01 826150                     /usr/java/jdk1.7.0_80/jre/lib/amd64/server/libjvm.so
2b474ca7a000-2b474cc79000 ---p 00b76000 08:01 826150                     /usr/java/jdk1.7.0_80/jre/lib/amd64/server/libjvm.so
2b474cc79000-2b474cd3d000 rw-p 00b75000 08:01 826150                     /usr/java/jdk1.7.0_80/jre/lib/amd64/server/libjvm.so
2b474cd3d000-2b474cd7e000 rw-p 2b474cd3d000 00:00 0 
2b474cd7e000-2b474cd81000 ---p 2b474cd7e000 00:00 0 
2b474cd81000-2b474ce7f000 rw-p 2b474cd81000 00:00 0 
2b474ce7f000-2b474ce8c000 r-xp 00000000 08:01 69098                      /usr/java/jdk1.7.0_80/jre/lib/amd64/libverify.so
2b474ce8c000-2b474d08b000 ---p 0000d000 08:01 69098                      /usr/java/jdk1.7.0_80/jre/lib/amd64/libverify.so
2b474d08b000-2b474d08d000 rw-p 0000c000 08:01 69098                      /usr/java/jdk1.7.0_80/jre/lib/amd64/libverify.so
2b474d08d000-2b474d0b6000 r-xp 00000000 08:01 69069                      /usr/java/jdk1.7.0_80/jre/lib/amd64/libjava.so
2b474d0b6000-2b474d2b6000 ---p 00029000 08:01 69069                      /usr/java/jdk1.7.0_80/jre/lib/amd64/libjava.so
2b474d2b6000-2b474d2b8000 rw-p 00029000 08:01 69069                      /usr/java/jdk1.7.0_80/jre/lib/amd64/libjava.so
2b474d2b8000-2b474d2b9000 ---p 2b474d2b8000 00:00 0 
2b474d2b9000-2b474d2ba000 rw-p 2b474d2b9000 00:00 0 
2b474d2ba000-2b474d326000 r--s 00000000 08:01 425480                     /var/db/nscd/passwd
2b474d326000-2b474d32e000 rw-s 00000000 08:01 1078419                    /tmp/hsperfdata_geoagdt/28174
2b474d32e000-2b474d345000 r-xp 00000000 08:01 69099                      /usr/java/jdk1.7.0_80/jre/lib/amd64/libzip.so
2b474d345000-2b474d545000 ---p 00017000 08:01 69099                      /usr/java/jdk1.7.0_80/jre/lib/amd64/libzip.so
2b474d545000-2b474d546000 rw-p 00017000 08:01 69099                      /usr/java/jdk1.7.0_80/jre/lib/amd64/libzip.so
2b474d546000-2b474d7b6000 rwxp 2b474d546000 00:00 0 
2b474d7b6000-2b4750546000 rw-p 2b474d7b6000 00:00 0 
2b4750546000-2b4750550000 rw-p 2b4750546000 00:00 0 
2b4750550000-2b4750606000 rw-p 2b4750550000 00:00 0 
2b4750606000-2b4750611000 rw-p 2b4750606000 00:00 0 
2b4750611000-2b475062f000 rw-p 2b4750611000 00:00 0 
2b475062f000-2b47508c3000 rw-p 2b475062f000 00:00 0 
2b47508c3000-2b4750a0d000 rw-p 2b47508c3000 00:00 0 
2b4750a0d000-2b4750ca2000 rw-p 2b4750a0d000 00:00 0 
2b4750ca2000-2b4750cad000 rw-p 2b4750ca2000 00:00 0 
2b4750cad000-2b4750ccb000 rw-p 2b4750cad000 00:00 0 
2b4750ccb000-2b4750ccc000 ---p 2b4750ccb000 00:00 0 
2b4750ccc000-2b4750dcc000 rw-p 2b4750ccc000 00:00 0 
2b4750dcc000-2b4750dcd000 ---p 2b4750dcc000 00:00 0 
2b4750dcd000-2b4750ecd000 rw-p 2b4750dcd000 00:00 0 
2b4750ecd000-2b4750ece000 ---p 2b4750ecd000 00:00 0 
2b4750ece000-2b4750fce000 rw-p 2b4750ece000 00:00 0 
2b4750fce000-2b4750fcf000 ---p 2b4750fce000 00:00 0 
2b4750fcf000-2b4755668000 rw-p 2b4750fcf000 00:00 0 
2b4755668000-2b4755828000 r--s 039fb000 08:01 69139                      /usr/java/jdk1.7.0_80/jre/lib/rt.jar
2b4755828000-2b4756827000 rw-p 2b4755828000 00:00 0 
2b4756827000-2b4756828000 ---p 2b4756827000 00:00 0 
2b4756828000-2b4756928000 rw-p 2b4756828000 00:00 0 
2b4756928000-2b475692b000 ---p 2b4756928000 00:00 0 
2b475692b000-2b4756a29000 rw-p 2b475692b000 00:00 0 
2b4756a29000-2b4756a2c000 ---p 2b4756a29000 00:00 0 
2b4756a2c000-2b4756b2a000 rw-p 2b4756a2c000 00:00 0 
2b4756b2a000-2b4756b2d000 ---p 2b4756b2a000 00:00 0 
2b4756b2d000-2b4756c2b000 rw-p 2b4756b2d000 00:00 0 
2b4756c2b000-2b4756c2e000 ---p 2b4756c2b000 00:00 0 
2b4756c2e000-2b4756d2c000 rw-p 2b4756c2e000 00:00 0 
2b4756d2c000-2b4756d2f000 ---p 2b4756d2c000 00:00 0 
2b4756d2f000-2b4756e2d000 rw-p 2b4756d2f000 00:00 0 
2b4756e2d000-2b4756e30000 ---p 2b4756e2d000 00:00 0 
2b4756e30000-2b4756f2e000 rw-p 2b4756e30000 00:00 0 
2b4756f2e000-2b4756f2f000 ---p 2b4756f2e000 00:00 0 
2b4756f2f000-2b475702f000 rw-p 2b4756f2f000 00:00 0 
2b475702f000-2b4757040000 r--s 000ac000 08:03 92095247                   /scratch01/.m2/repository/com/vividsolutions/jts/1.12/jts-1.12.jar
2b4757040000-2b4757052000 r--s 000c9000 08:03 89719020                   /scratch01/.m2/repository/xerces/xercesImpl/2.4.0/xercesImpl-2.4.0.jar
2b4757052000-2b4757054000 r--s 00014000 08:03 89736500                   /scratch01/.m2/repository/org/geotools/gt-data/13-SNAPSHOT/gt-data-13-SNAPSHOT.jar
2b4757054000-2b4757056000 r--s 00023000 08:03 92783346                   /scratch01/.m2/repository/org/jdom/jdom/1.1.3/jdom-1.1.3.jar
2b4757056000-2b475706a000 r--s 001bd000 08:03 89720347                   /scratch01/.m2/repository/javax/media/jai_core/1.1.3/jai_core-1.1.3.jar
2b475706a000-2b475706c000 r--s 001dd000 08:03 89736287                   /scratch01/.m2/repository/org/geotools/gt-epsg-hsql/13-SNAPSHOT/gt-epsg-hsql-13-SNAPSHOT.jar
2b475706c000-2b475707b000 r--s 00109000 08:03 89736256                   /scratch01/.m2/repository/org/geotools/gt-referencing/13-SNAPSHOT/gt-referencing-13-SNAPSHOT.jar
2b475707b000-2b475707d000 r--s 0003b000 08:03 89719038                   /scratch01/.m2/repository/java3d/vecmath/1.3.2/vecmath-1.3.2.jar
2b475707d000-2b4757080000 r--s 00015000 08:03 89718910                   /scratch01/.m2/repository/commons-pool/commons-pool/1.5.4/commons-pool-1.5.4.jar
2b4757080000-2b4757089000 r--s 00074000 08:03 89736251                   /scratch01/.m2/repository/org/geotools/gt-metadata/13-SNAPSHOT/gt-metadata-13-SNAPSHOT.jar
2b4757089000-2b4757097000 r--s 00047000 08:03 89736245                   /scratch01/.m2/repository/org/geotools/gt-opengis/13-SNAPSHOT/gt-opengis-13-SNAPSHOT.jar
2b4757097000-2b475709a000 r--s 00014000 08:03 89718882                   /scratch01/.m2/repository/net/java/dev/jsr-275/jsr-275/1.0-beta-2/jsr-275-1.0-beta-2.jar
2b475709a000-2b475709b000 r--s 00002000 08:03 91784286                   /scratch01/.m2/repository/jgridshift/jgridshift/1.0/jgridshift-1.0.jar
2b475709b000-2b47570a8000 r--s 00148000 08:03 93045540                   /scratch01/.m2/repository/org/hsqldb/hsqldb/2.2.8/hsqldb-2.2.8.jar
2b47570a8000-2b47570b0000 r--s 0004c000 08:03 89738093                   /scratch01/.m2/repository/org/geotools/gt-swing/13-SNAPSHOT/gt-swing-13-SNAPSHOT.jar
2b47570b0000-2b47570b8000 r--s 0007d000 08:03 89736625                   /scratch01/.m2/repository/org/geotools/gt-render/13-SNAPSHOT/gt-render-13-SNAPSHOT.jar
2b47570b8000-2b47570ba000 r--s 00011000 08:03 92160646                   /scratch01/.m2/repository/com/miglayout/miglayout/3.7/miglayout-3.7-swing.jar
2b47570ba000-2b47570bd000 r--s 0001f000 08:03 89737970                   /scratch01/.m2/repository/org/geotools/gt-brewer/13-SNAPSHOT/gt-brewer-13-SNAPSHOT.jar
2b47570bd000-2b47570c2000 r--s 0002b000 08:03 89736261                   /scratch01/.m2/repository/org/geotools/gt-api/13-SNAPSHOT/gt-api-13-SNAPSHOT.jar
2b47570c2000-2b47570dc000 r--s 00185000 08:03 89736292                   /scratch01/.m2/repository/org/geotools/gt-main/13-SNAPSHOT/gt-main-13-SNAPSHOT.jar
2b47570dc000-2b47570df000 r--s 0002e000 08:03 89736494                   /scratch01/.m2/repository/org/geotools/gt-cql/13-SNAPSHOT/gt-cql-13-SNAPSHOT.jar
2b47570df000-2b47570e1000 r--s 00006000 08:03 89736522                   /scratch01/.m2/repository/org/geotools/gt-geotiff/13-SNAPSHOT/gt-geotiff-13-SNAPSHOT.jar
2b47570e1000-2b47570f2000 r--s 00106000 08:03 89720338                   /scratch01/.m2/repository/javax/media/jai_imageio/1.1/jai_imageio-1.1.jar
2b47570f2000-2b47570fa000 r--s 00046000 08:03 92849118                   /scratch01/.m2/repository/it/geosolutions/imageio-ext/imageio-ext-tiff/1.1.10/imageio-ext-tiff-1.1.10.jar
2b47570fa000-2b47570fb000 r--s 00009000 08:03 92897972                   /scratch01/.m2/repository/it/geosolutions/imageio-ext/imageio-ext-utilities/1.1.10/imageio-ext-utilities-1.1.10.jar
2b47570fb000-2b47570ff000 r--s 0003c000 08:03 89720334                   /scratch01/.m2/repository/javax/media/jai_codec/1.1.3/jai_codec-1.1.3.jar
2b47570ff000-2b4757100000 r--s 00005000 08:03 89736959                   /scratch01/.m2/repository/org/geotools/gt-image/13-SNAPSHOT/gt-image-13-SNAPSHOT.jar
2b4757100000-2b4757108000 r--s 00079000 08:03 89736510                   /scratch01/.m2/repository/org/geotools/gt-coverage/13-SNAPSHOT/gt-coverage-13-SNAPSHOT.jar
2b4757108000-2b4757109000 r--s 00004000 08:03 91980675                   /scratch01/.m2/repository/org/jaitools/jt-zonalstats/1.3.1/jt-zonalstats-1.3.1.jar
2b4757109000-2b475710d000 r--s 0002e000 08:03 92078868                   /scratch01/.m2/repository/org/jaitools/jt-utils/1.3.1/jt-utils-1.3.1.jar
2b475710d000-2b475710f000 r--s 00012000 08:03 89737206                   /scratch01/.m2/repository/org/geotools/gt-imageio-ext-gdal/13-SNAPSHOT/gt-imageio-ext-gdal-13-SNAPSHOT.jar
2b475710f000-2b4757111000 r--s 00000000 08:03 89737156                   /scratch01/.m2/repository/it/geosolutions/imageio-ext/imageio-ext-gdalarcbinarygrid/1.1.10/imageio-ext-gdalarcbinarygrid-1.1.10.jar
2b4757111000-2b4757113000 r--s 0000d000 08:03 89737159                   /scratch01/.m2/repository/it/geosolutions/imageio-ext/imageio-ext-gdalframework/1.1.10/imageio-ext-gdalframework-1.1.10.jar
2b4757113000-2b4757114000 r--s 00016000 08:03 89737162                   /scratch01/.m2/repository/it/geosolutions/imageio-ext/imageio-ext-gdal-bindings/1.9.2/imageio-ext-gdal-bindings-1.9.2.jar
2b4757114000-2b4757116000 r--s 00005000 08:03 89737055                   /scratch01/.m2/repository/it/geosolutions/imageio-ext/imageio-ext-geocore/1.1.10/imageio-ext-geocore-1.1.10.jar
2b4757116000-2b4757118000 r--s 00001000 08:03 89737165                   /scratch01/.m2/repository/it/geosolutions/imageio-ext/imageio-ext-gdalmrsid/1.1.10/imageio-ext-gdalmrsid-1.1.10.jar
2b4757118000-2b4757119000 r--s 00001000 08:03 89737168                   /scratch01/.m2/repository/it/geosolutions/imageio-ext/imageio-ext-gdalecw/1.1.10/imageio-ext-gdalecw-1.1.10.jar
2b4757119000-2b475711b000 r--s 00000000 08:03 89737171                   /scratch01/.m2/repository/it/geosolutions/imageio-ext/imageio-ext-gdaldted/1.1.10/imageio-ext-gdaldted-1.1.10.jar
2b475711b000-2b475711c000 r--s 00003000 08:03 89737174                   /scratch01/.m2/repository/it/geosolutions/imageio-ext/imageio-ext-gdalkakadujp2/1.1.10/imageio-ext-gdalkakadujp2-1.1.10.jar
2b475711c000-2b475711e000 r--s 00000000 08:03 89737177                   /scratch01/.m2/repository/it/geosolutions/imageio-ext/imageio-ext-gdalmrsidjp2/1.1.10/imageio-ext-gdalmrsidjp2-1.1.10.jar
2b475711e000-2b4757120000 r--s 00000000 08:03 89737180                   /scratch01/.m2/repository/it/geosolutions/imageio-ext/imageio-ext-gdalecwjp2/1.1.10/imageio-ext-gdalecwjp2-1.1.10.jar
2b4757120000-2b4757122000 r--s 00000000 08:03 89737183                   /scratch01/.m2/repository/it/geosolutions/imageio-ext/imageio-ext-gdalehdr/1.1.10/imageio-ext-gdalehdr-1.1.10.jar
2b4757122000-2b4757124000 r--s 00000000 08:03 89737186                   /scratch01/.m2/repository/it/geosolutions/imageio-ext/imageio-ext-gdalenvihdr/1.1.10/imageio-ext-gdalenvihdr-1.1.10.jar
2b4757124000-2b4757126000 r--s 00000000 08:03 89737189                   /scratch01/.m2/repository/it/geosolutions/imageio-ext/imageio-ext-gdalerdasimg/1.1.10/imageio-ext-gdalerdasimg-1.1.10.jar
2b4757126000-2b4757128000 r--s 00000000 08:03 89737192                   /scratch01/.m2/repository/it/geosolutions/imageio-ext/imageio-ext-gdalnitf/1.1.10/imageio-ext-gdalnitf-1.1.10.jar
2b4757128000-2b475712a000 r--s 00000000 08:03 89737195                   /scratch01/.m2/repository/it/geosolutions/imageio-ext/imageio-ext-gdalrpftoc/1.1.10/imageio-ext-gdalrpftoc-1.1.10.jar
2b475712a000-2b475712c000 r--s 00000000 08:03 89737198                   /scratch01/.m2/repository/it/geosolutions/imageio-ext/imageio-ext-gdalidrisi/1.1.10/imageio-ext-gdalidrisi-1.1.10.jar
2b475712c000-2b475712e000 r--s 00005000 08:03 89737201                   /scratch01/.m2/repository/it/geosolutions/imageio-ext/imageio-ext-imagereadmt/1.1.10/imageio-ext-imagereadmt-1.1.10.jar
2b475712e000-2b475712f000 r--s 00005000 08:03 89736544                   /scratch01/.m2/repository/org/geotools/gt-arcgrid/13-SNAPSHOT/gt-arcgrid-13-SNAPSHOT.jar
2b475712f000-2b4757131000 r--s 00008000 08:03 89736536                   /scratch01/.m2/repository/it/geosolutions/imageio-ext/imageio-ext-arcgrid/1.1.10/imageio-ext-arcgrid-1.1.10.jar
2b4757131000-2b4757133000 r--s 0000b000 08:03 89736539                   /scratch01/.m2/repository/it/geosolutions/imageio-ext/imageio-ext-streams/1.1.10/imageio-ext-streams-1.1.10.jar
2b4757133000-2b4757134000 rw-p 2b4757133000 00:00 0 
2b4758000000-2b475a276000 rw-p 2b4758000000 00:00 0 
2b475a276000-2b475c000000 ---p 2b475a276000 00:00 0 
2b475c000000-2b475f5d7000 r--p 00000000 08:01 5521023                    /usr/lib/locale/locale-archive
7fff47585000-7fff4759c000 rw-p 7ffffffe7000 00:00 0                      [stack]
ffffffffff600000-ffffffffffe00000 ---p 00000000 00:00 0                  [vsyscall]

VM Arguments:
java_command: uk.ac.leeds.ccg.andyt.projects.digitalwelfare.process.DW_DataProcessor_LCC
Launcher Type: SUN_STANDARD

Environment Variables:
JAVA_HOME=/usr/java/latest
PATH=/usr/lib64/qt-3.3/bin:/opt/netbeans/bin:/usr/lib64/openmpi/1.4-gcc/bin:/opt/apache-maven/bin:/usr/kerberos/bin:/usr/local/bin:/usr/bin:/bin:/usr/X11R6/bin:.
USERNAME=geoagdt
LD_LIBRARY_PATH=/usr/java/latest/jre/lib/amd64:/usr/java/latest/jre/lib/i386:/usr/lib64/openmpi/1.4-gcc/lib:/opt/apache-maven/lib64
SHELL=/bin/csh
DISPLAY=:0.0
HOSTTYPE=x86_64-linux
OSTYPE=linux
MACHTYPE=x86_64

Signal Handlers:
SIGSEGV: [libjvm.so+0x9a3b20], sa_mask[0]=0x7ffbfeff, sa_flags=0x10000004
SIGBUS: [libjvm.so+0x9a3b20], sa_mask[0]=0x7ffbfeff, sa_flags=0x10000004
SIGFPE: [libjvm.so+0x81e740], sa_mask[0]=0x7ffbfeff, sa_flags=0x10000004
SIGPIPE: [libjvm.so+0x81e740], sa_mask[0]=0x7ffbfeff, sa_flags=0x10000004
SIGXFSZ: [libjvm.so+0x81e740], sa_mask[0]=0x7ffbfeff, sa_flags=0x10000004
SIGILL: [libjvm.so+0x81e740], sa_mask[0]=0x7ffbfeff, sa_flags=0x10000004
SIGUSR1: SIG_DFL, sa_mask[0]=0x00000000, sa_flags=0x00000000
SIGUSR2: [libjvm.so+0x81ffb0], sa_mask[0]=0x00000004, sa_flags=0x10000004
SIGHUP: [libjvm.so+0x8210d0], sa_mask[0]=0x7ffbfeff, sa_flags=0x10000004
SIGINT: SIG_IGN, sa_mask[0]=0x00000000, sa_flags=0x00000000
SIGTERM: [libjvm.so+0x8210d0], sa_mask[0]=0x7ffbfeff, sa_flags=0x10000004
SIGQUIT: [libjvm.so+0x8210d0], sa_mask[0]=0x7ffbfeff, sa_flags=0x10000004


---------------  S Y S T E M  ---------------

OS:CentOS release 5.11 (Final)

uname:Linux 2.6.18-404.el5 #1 SMP Tue Apr 7 12:42:54 EDT 2015 x86_64
libc:glibc 2.5 NPTL 2.5 
rlimit: STACK 10240k, CORE 0k, NPROC 63324, NOFILE 1024, AS infinity
load average:1.86 1.65 2.04

/proc/meminfo:
MemTotal:      8108460 kB
MemFree:         47396 kB
Buffers:         10080 kB
Cached:        2011352 kB
SwapCached:          0 kB
Active:        5312468 kB
Inactive:      1816724 kB
HighTotal:           0 kB
HighFree:            0 kB
LowTotal:      8108460 kB
LowFree:         47396 kB
SwapTotal:    10153072 kB
SwapFree:     10152876 kB
Dirty:           45296 kB
Writeback:           0 kB
AnonPages:     5107744 kB
Mapped:         185132 kB
Slab:           822500 kB
PageTables:      34168 kB
NFS_Unstable:        0 kB
Bounce:              0 kB
CommitLimit:  14207300 kB
Committed_AS:  6566744 kB
VmallocTotal: 34359738367 kB
VmallocUsed:     25628 kB
VmallocChunk: 34359712639 kB
HugePages_Total:     0
HugePages_Free:      0
HugePages_Rsvd:      0
Hugepagesize:     2048 kB


CPU:total 4 (4 cores per cpu, 1 threads per core) family 6 model 23 stepping 10, cmov, cx8, fxsr, mmx, sse, sse2, sse3, ssse3, sse4.1, tsc

/proc/cpuinfo:
processor	: 0
vendor_id	: GenuineIntel
cpu family	: 6
model		: 23
model name	: Intel(R) Core(TM)2 Quad CPU    Q9400  @ 2.66GHz
stepping	: 10
cpu MHz		: 2664.000
cache size	: 3072 KB
physical id	: 0
siblings	: 4
core id		: 0
cpu cores	: 4
apicid		: 0
fpu		: yes
fpu_exception	: yes
cpuid level	: 13
wp		: yes
flags		: fpu vme de pse tsc msr pae mce cx8 apic sep mtrr pge mca cmov pat pse36 clflush dts acpi mmx fxsr sse sse2 ss ht tm syscall nx lm constant_tsc pni monitor ds_cpl vmx smx est tm2 ssse3 cx16 xtpr sse4_1 lahf_lm
bogomips	: 5332.73
clflush size	: 64
cache_alignment	: 64
address sizes	: 36 bits physical, 48 bits virtual
power management:

processor	: 1
vendor_id	: GenuineIntel
cpu family	: 6
model		: 23
model name	: Intel(R) Core(TM)2 Quad CPU    Q9400  @ 2.66GHz
stepping	: 10
cpu MHz		: 2664.000
cache size	: 3072 KB
physical id	: 0
siblings	: 4
core id		: 1
cpu cores	: 4
apicid		: 1
fpu		: yes
fpu_exception	: yes
cpuid level	: 13
wp		: yes
flags		: fpu vme de pse tsc msr pae mce cx8 apic sep mtrr pge mca cmov pat pse36 clflush dts acpi mmx fxsr sse sse2 ss ht tm syscall nx lm constant_tsc pni monitor ds_cpl vmx smx est tm2 ssse3 cx16 xtpr sse4_1 lahf_lm
bogomips	: 5332.72
clflush size	: 64
cache_alignment	: 64
address sizes	: 36 bits physical, 48 bits virtual
power management:

processor	: 2
vendor_id	: GenuineIntel
cpu family	: 6
model		: 23
model name	: Intel(R) Core(TM)2 Quad CPU    Q9400  @ 2.66GHz
stepping	: 10
cpu MHz		: 2664.000
cache size	: 3072 KB
physical id	: 0
siblings	: 4
core id		: 2
cpu cores	: 4
apicid		: 2
fpu		: yes
fpu_exception	: yes
cpuid level	: 13
wp		: yes
flags		: fpu vme de pse tsc msr pae mce cx8 apic sep mtrr pge mca cmov pat pse36 clflush dts acpi mmx fxsr sse sse2 ss ht tm syscall nx lm constant_tsc pni monitor ds_cpl vmx smx est tm2 ssse3 cx16 xtpr sse4_1 lahf_lm
bogomips	: 5332.73
clflush size	: 64
cache_alignment	: 64
address sizes	: 36 bits physical, 48 bits virtual
power management:

processor	: 3
vendor_id	: GenuineIntel
cpu family	: 6
model		: 23
model name	: Intel(R) Core(TM)2 Quad CPU    Q9400  @ 2.66GHz
stepping	: 10
cpu MHz		: 1998.000
cache size	: 3072 KB
physical id	: 0
siblings	: 4
core id		: 3
cpu cores	: 4
apicid		: 3
fpu		: yes
fpu_exception	: yes
cpuid level	: 13
wp		: yes
flags		: fpu vme de pse tsc msr pae mce cx8 apic sep mtrr pge mca cmov pat pse36 clflush dts acpi mmx fxsr sse sse2 ss ht tm syscall nx lm constant_tsc pni monitor ds_cpl vmx smx est tm2 ssse3 cx16 xtpr sse4_1 lahf_lm
bogomips	: 5332.73
clflush size	: 64
cache_alignment	: 64
address sizes	: 36 bits physical, 48 bits virtual
power management:



Memory: 4k page, physical 8108460k(47396k free), swap 10153072k(10152876k free)

vm_info: Java HotSpot(TM) 64-Bit Server VM (24.80-b11) for linux-amd64 JRE (1.7.0_80-b15), built on Apr 10 2015 19:53:14 by "java_re" with gcc 4.3.0 20080428 (Red Hat 4.3.0-8)

time: Mon Jun  8 13:38:34 2015
elapsed time: 2550 seconds

