#
# A fatal error has been detected by the Java Runtime Environment:
#
#  SIGSEGV (0xb) at pc=0x00002b0019a967a1, pid=27295, tid=47279507081536
#
# JRE version: Java(TM) SE Runtime Environment (7.0_80-b15) (build 1.7.0_80-b15)
# Java VM: Java HotSpot(TM) 64-Bit Server VM (24.80-b11 mixed mode linux-amd64 compressed oops)
# Problematic frame:
# V  [libjvm.so+0x5c57a1]  oopDesc::size_given_klass(Klass*)+0x1
#
# Failed to write core dump. Core dumps have been disabled. To enable core dumping, try "ulimit -c unlimited" before starting Java again
#
# If you would like to submit a bug report, please visit:
#   http://bugreport.java.com/bugreport/crash.jsp
#

---------------  T H R E A D  ---------------

Current thread (0x000000000ded8800):  GCTaskThread [stack: 0x00002b001e298000,0x00002b001e399000] [id=27300]

siginfo:si_signo=SIGSEGV: si_errno=0, si_code=1 (SEGV_MAPERR), si_addr=0x000000076f20ae18

Registers:
RAX=0x000000076f20ae00, RBX=0x000000079f46dac8, RCX=0x0000000000000003, RDX=0x0000000000101380
RSP=0x00002b001e3979c0, RBP=0x00002b001e397a30, RSI=0x000000076f20ae10, RDI=0x000000079f470180
R8 =0x0001000000000000, R9 =0x0000000000000404, R10=0x0000000000000003, R11=0x00002b001a31c800
R12=0x00002b001a320860, R13=0x000000079f470180, R14=0x0000000000000003, R15=0x000000000df1f810
RIP=0x00002b0019a967a1, EFLAGS=0x0000000000010206, CSGSFS=0x0000000000000033, ERR=0x0000000000000004
  TRAPNO=0x000000000000000e

Top of Stack: (sp=0x00002b001e3979c0)
0x00002b001e3979c0:   00002b001e397a30 00002b0019a8e00b
0x00002b001e3979d0:   000000079f46d718 000000077f4a1eb8
0x00002b001e3979e0:   000000077f4a1ec0 000000079f46db7c
0x00002b001e3979f0:   00000007ce156f98 000000000df1f850
0x00002b001e397a00:   00000007ce156f98 000000000df1f810
0x00002b001e397a10:   00002b001a31c800 00002b001a312bf8
0x00002b001e397a20:   000000000df1f810 000000000df1f820
0x00002b001e397a30:   00002b001e397b20 00002b0019d45e2c
0x00002b001e397a40:   00002b001a320860 00002b001e397a90
0x00002b001e397a50:   00002b001e397aa0 00002b001e397a80
0x00002b001e397a60:   00002b001e397ac0 00002b001e397ad0
0x00002b001e397a70:   000000000df1f850 000000000df1f8d0
0x00002b001e397a80:   0000000000000000 0000000000000000
0x00002b001e397a90:   00002b001e397ad0 0000000000000000
0x00002b001e397aa0:   000000079d6c6264 00002b001a320860
0x00002b001e397ab0:   00002b001e397b20 00002b0019a8e036
0x00002b001e397ac0:   000000079d6c6248 000000077f52c948
0x00002b001e397ad0:   000000077f52c948 000000079d6c626c
0x00002b001e397ae0:   0001fcd800003cb4 000000000df1f850
0x00002b001e397af0:   00002b001e397b40 0000000000000000
0x00002b001e397b00:   000000000df1f720 0000000000000000
0x00002b001e397b10:   000000000df1f810 00002b0019ee5e95
0x00002b001e397b20:   00002b001e397c50 00002b0019d2d4fe
0x00002b001e397b30:   0000000000000000 00002b001e397bf0
0x00002b001e397b40:   00002b001e397be0 00002b001e397bd0
0x00002b001e397b50:   00002b001e397bc0 00002b001e397c00
0x00002b001e397b60:   00002b001e397c10 00002b001e397c1c
0x00002b001e397b70:   000000000dee08c0 00002b001e397c00
0x00002b001e397b80:   00002b001e397bc0 00002b0019bc3589
0x00002b001e397b90:   00002b001e397bc0 000000000dee0890
0x00002b001e397ba0:   000000000df1f810 0000000000000001
0x00002b001e397bb0:   000000000df1f850 000000000df1f8d0 

Instructions: (pc=0x00002b0019a967a1)
0x00002b0019a96781:   00 48 8b 01 48 89 45 f0 48 8b 41 08 48 8d 4d f0
0x00002b0019a96791:   48 89 45 f8 41 ff d0 c9 c3 90 90 90 90 90 90 55
0x00002b0019a967a1:   8b 4e 08 48 89 f2 48 89 e5 83 f9 00 7e 11 f6 c1
0x00002b0019a967b1:   01 75 14 89 c8 c9 c1 f8 03 c3 0f 1f 44 00 00 75 

Register to memory mapping:

RAX=0x000000076f20ae00 is an unknown value
RBX=0x000000079f46dac8 is pointing into object: 0x000000079f46d718
uk.ac.leeds.ccg.andyt.projects.digitalwelfare.data.shbe.DW_SHBE_Record 
 - klass: 'uk/ac/leeds/ccg/andyt/projects/digitalwelfare/data/shbe/DW_SHBE_Record'
RCX=0x0000000000000003 is an unknown value
RDX=0x0000000000101380 is an unknown value
RSP=0x00002b001e3979c0 is an unknown value
RBP=0x00002b001e397a30 is an unknown value
RSI=0x000000076f20ae10 is an unknown value
RDI=
[error occurred during error reporting (printing register info), id 0xb]

Stack: [0x00002b001e298000,0x00002b001e399000],  sp=0x00002b001e3979c0,  free space=1022k
Native frames: (J=compiled Java code, j=interpreted, Vv=VM code, C=native code)
V  [libjvm.so+0x5c57a1]  oopDesc::size_given_klass(Klass*)+0x1
V  [libjvm.so+0x874e2c]  ParCompactionManager::follow_marking_stacks()+0x1ec
V  [libjvm.so+0x85c4fe]  StealMarkingTask::do_it(GCTaskManager*, unsigned int)+0x30e
V  [libjvm.so+0x5590bf]  GCTaskThread::run()+0x12f
V  [libjvm.so+0x8238c8]  java_start(Thread*)+0x108


---------------  P R O C E S S  ---------------

Java Threads: ( => current thread )
  0x000000000df60000 JavaThread "Service Thread" daemon [_thread_blocked, id=27310, stack(0x00002b00279d1000,0x00002b0027ad2000)]
  0x000000000df5e000 JavaThread "C2 CompilerThread1" daemon [_thread_blocked, id=27309, stack(0x00002b00278d0000,0x00002b00279d1000)]
  0x000000000df52000 JavaThread "C2 CompilerThread0" daemon [_thread_blocked, id=27308, stack(0x00002b00277cf000,0x00002b00278d0000)]
  0x000000000df50000 JavaThread "Signal Dispatcher" daemon [_thread_blocked, id=27307, stack(0x00002b00276ce000,0x00002b00277cf000)]
  0x000000000df29000 JavaThread "Finalizer" daemon [_thread_blocked, id=27306, stack(0x00002b0023ff6000,0x00002b00240f7000)]
  0x000000000df27000 JavaThread "Reference Handler" daemon [_thread_blocked, id=27305, stack(0x00002b0023ef5000,0x00002b0023ff6000)]
  0x000000000dec2800 JavaThread "main" [_thread_blocked, id=27299, stack(0x00002b001a34b000,0x00002b001a44c000)]

Other Threads:
  0x000000000df22800 VMThread [stack: 0x00002b0023df4000,0x00002b0023ef5000] [id=27304]
  0x000000000df6b000 WatcherThread [stack: 0x00002b0027ad2000,0x00002b0027bd3000] [id=27311]

=>0x000000000ded8800 (exited) GCTaskThread [stack: 0x00002b001e298000,0x00002b001e399000] [id=27300]

VM state:at safepoint (normal execution)

VM Mutex/Monitor currently owned by a thread:  ([mutex/lock_event])
[0x000000000dec12b0] Threads_lock - owner thread: 0x000000000df22800
[0x000000000dec17b0] Heap_lock - owner thread: 0x000000000dec2800

Heap
 PSYoungGen      total 450560K, used 76160K [0x00000007d6c00000, 0x0000000800000000, 0x0000000800000000)
  eden space 225280K, 0% used [0x00000007d6c00000,0x00000007d6c00000,0x00000007e4800000)
  from space 225280K, 33% used [0x00000007e4800000,0x00000007e9260020,0x00000007f2400000)
  to   space 225280K, 0% used [0x00000007f2400000,0x00000007f2400000,0x0000000800000000)
 ParOldGen       total 1351680K, used 1286899K [0x0000000784400000, 0x00000007d6c00000, 0x00000007d6c00000)
  object space 1351680K, 95% used [0x0000000784400000,0x00000007d2cbcfb8,0x00000007d6c00000)
 PSPermGen       total 21504K, used 3988K [0x000000077f200000, 0x0000000780700000, 0x0000000784400000)
  object space 21504K, 18% used [0x000000077f200000,0x000000077f5e5370,0x0000000780700000)

Card table byte_map: [0x00002b001dbd3000,0x00002b001dfdb000] byte_map_base: 0x00002b0019fda000

Polling page: 0x00002b001a885000

Code Cache  [0x00002b001ab13000, 0x00002b001ad83000, 0x00002b001db13000)
 total_blobs=502 nmethods=308 adapters=148 free_code_cache=47619Kb largest_free_block=48592256

Compilation events (10 events):
Event: 738.031 Thread 0x000000000df5e000  358             java.lang.Integer::parseInt (261 bytes)
Event: 738.041 Thread 0x000000000df5e000 nmethod 358 0x00002b001abb6350 code [0x00002b001abb6500, 0x00002b001abb6b08]
Event: 776.632 Thread 0x000000000df52000  359             java.lang.Long::getChars (221 bytes)
Event: 776.639 Thread 0x000000000df52000 nmethod 359 0x00002b001ac31d10 code [0x00002b001ac31e80, 0x00002b001ac323f8]
Event: 809.942 Thread 0x000000000df5e000  360             java.lang.AbstractStringBuilder::append (70 bytes)
Event: 809.948 Thread 0x000000000df5e000 nmethod 360 0x00002b001ac31450 code [0x00002b001ac315c0, 0x00002b001ac31a88]
Event: 810.642 Thread 0x000000000df52000  361             java.lang.StringBuilder::append (8 bytes)
Event: 810.642 Thread 0x000000000df52000 nmethod 361 0x00002b001ac60090 code [0x00002b001ac601e0, 0x00002b001ac60268]
Event: 953.706 Thread 0x000000000df52000  362             java.util.AbstractSet::<init> (5 bytes)
Event: 953.706 Thread 0x000000000df52000 nmethod 362 0x00002b001abcea10 code [0x00002b001abceb40, 0x00002b001abceb98]

GC Heap History (10 events):
Event: 1070.627 GC heap after
Heap after GC invocations=624 (full 181):
 PSYoungGen      total 438784K, used 153040K [0x00000007d6c00000, 0x0000000800000000, 0x0000000800000000)
  eden space 227840K, 0% used [0x00000007d6c00000,0x00000007d6c00000,0x00000007e4a80000)
  from space 210944K, 72% used [0x00000007e4a80000,0x00000007edff4040,0x00000007f1880000)
  to   space 223232K, 0% used [0x00000007f2600000,0x00000007f2600000,0x0000000800000000)
 ParOldGen       total 1351680K, used 1051139K [0x0000000784400000, 0x00000007d6c00000, 0x00000007d6c00000)
  object space 1351680K, 77% used [0x0000000784400000,0x00000007c4680f68,0x00000007d6c00000)
 PSPermGen       total 21504K, used 3988K [0x000000077f200000, 0x0000000780700000, 0x0000000784400000)
  object space 21504K, 18% used [0x000000077f200000,0x000000077f5e5370,0x0000000780700000)
}
Event: 1071.202 GC heap before
{Heap before GC invocations=625 (full 181):
 PSYoungGen      total 438784K, used 380880K [0x00000007d6c00000, 0x0000000800000000, 0x0000000800000000)
  eden space 227840K, 100% used [0x00000007d6c00000,0x00000007e4a80000,0x00000007e4a80000)
  from space 210944K, 72% used [0x00000007e4a80000,0x00000007edff4040,0x00000007f1880000)
  to   space 223232K, 0% used [0x00000007f2600000,0x00000007f2600000,0x0000000800000000)
 ParOldGen       total 1351680K, used 1051139K [0x0000000784400000, 0x00000007d6c00000, 0x00000007d6c00000)
  object space 1351680K, 77% used [0x0000000784400000,0x00000007c4680f68,0x00000007d6c00000)
 PSPermGen       total 21504K, used 3988K [0x000000077f200000, 0x0000000780700000, 0x0000000784400000)
  object space 21504K, 18% used [0x000000077f200000,0x000000077f5e5370,0x0000000780700000)
Event: 1071.395 GC heap after
Heap after GC invocations=625 (full 181):
 PSYoungGen      total 448512K, used 191904K [0x00000007d6c00000, 0x0000000800000000, 0x0000000800000000)
  eden space 225280K, 0% used [0x00000007d6c00000,0x00000007d6c00000,0x00000007e4800000)
  from space 223232K, 85% used [0x00000007f2600000,0x00000007fe168030,0x0000000800000000)
  to   space 225280K, 0% used [0x00000007e4800000,0x00000007e4800000,0x00000007f2400000)
 ParOldGen       total 1351680K, used 1051139K [0x0000000784400000, 0x00000007d6c00000, 0x00000007d6c00000)
  object space 1351680K, 77% used [0x0000000784400000,0x00000007c4680f68,0x00000007d6c00000)
 PSPermGen       total 21504K, used 3988K [0x000000077f200000, 0x0000000780700000, 0x0000000784400000)
  object space 21504K, 18% used [0x000000077f200000,0x000000077f5e5370,0x0000000780700000)
}
Event: 1072.190 GC heap before
{Heap before GC invocations=626 (full 181):
 PSYoungGen      total 448512K, used 417184K [0x00000007d6c00000, 0x0000000800000000, 0x0000000800000000)
  eden space 225280K, 100% used [0x00000007d6c00000,0x00000007e4800000,0x00000007e4800000)
  from space 223232K, 85% used [0x00000007f2600000,0x00000007fe168030,0x0000000800000000)
  to   space 225280K, 0% used [0x00000007e4800000,0x00000007e4800000,0x00000007f2400000)
 ParOldGen       total 1351680K, used 1051139K [0x0000000784400000, 0x00000007d6c00000, 0x00000007d6c00000)
  object space 1351680K, 77% used [0x0000000784400000,0x00000007c4680f68,0x00000007d6c00000)
 PSPermGen       total 21504K, used 3988K [0x000000077f200000, 0x0000000780700000, 0x0000000784400000)
  object space 21504K, 18% used [0x000000077f200000,0x000000077f5e5370,0x0000000780700000)
Event: 1072.425 GC heap after
Heap after GC invocations=626 (full 181):
 PSYoungGen      total 450560K, used 154304K [0x00000007d6c00000, 0x0000000800000000, 0x0000000800000000)
  eden space 225280K, 0% used [0x00000007d6c00000,0x00000007d6c00000,0x00000007e4800000)
  from space 225280K, 68% used [0x00000007e4800000,0x00000007edeb0020,0x00000007f2400000)
  to   space 225280K, 0% used [0x00000007f2400000,0x00000007f2400000,0x0000000800000000)
 ParOldGen       total 1351680K, used 1128763K [0x0000000784400000, 0x00000007d6c00000, 0x00000007d6c00000)
  object space 1351680K, 83% used [0x0000000784400000,0x00000007c924ef88,0x00000007d6c00000)
 PSPermGen       total 21504K, used 3988K [0x000000077f200000, 0x0000000780700000, 0x0000000784400000)
  object space 21504K, 18% used [0x000000077f200000,0x000000077f5e5370,0x0000000780700000)
}
Event: 1073.009 GC heap before
{Heap before GC invocations=627 (full 181):
 PSYoungGen      total 450560K, used 379584K [0x00000007d6c00000, 0x0000000800000000, 0x0000000800000000)
  eden space 225280K, 100% used [0x00000007d6c00000,0x00000007e4800000,0x00000007e4800000)
  from space 225280K, 68% used [0x00000007e4800000,0x00000007edeb0020,0x00000007f2400000)
  to   space 225280K, 0% used [0x00000007f2400000,0x00000007f2400000,0x0000000800000000)
 ParOldGen       total 1351680K, used 1128763K [0x0000000784400000, 0x00000007d6c00000, 0x00000007d6c00000)
  object space 1351680K, 83% used [0x0000000784400000,0x00000007c924ef88,0x00000007d6c00000)
 PSPermGen       total 21504K, used 3988K [0x000000077f200000, 0x0000000780700000, 0x0000000784400000)
  object space 21504K, 18% used [0x000000077f200000,0x000000077f5e5370,0x0000000780700000)
Event: 1073.227 GC heap after
Heap after GC invocations=627 (full 181):
 PSYoungGen      total 450560K, used 115472K [0x00000007d6c00000, 0x0000000800000000, 0x0000000800000000)
  eden space 225280K, 0% used [0x00000007d6c00000,0x00000007d6c00000,0x00000007e4800000)
  from space 225280K, 51% used [0x00000007f2400000,0x00000007f94c4040,0x0000000800000000)
  to   space 225280K, 0% used [0x00000007e4800000,0x00000007e4800000,0x00000007f2400000)
 ParOldGen       total 1351680K, used 1207707K [0x0000000784400000, 0x00000007d6c00000, 0x00000007d6c00000)
  object space 1351680K, 89% used [0x0000000784400000,0x00000007cdf66f98,0x00000007d6c00000)
 PSPermGen       total 21504K, used 3988K [0x000000077f200000, 0x0000000780700000, 0x0000000784400000)
  object space 21504K, 18% used [0x000000077f200000,0x000000077f5e5370,0x0000000780700000)
}
Event: 1073.806 GC heap before
{Heap before GC invocations=628 (full 181):
 PSYoungGen      total 450560K, used 340752K [0x00000007d6c00000, 0x0000000800000000, 0x0000000800000000)
  eden space 225280K, 100% used [0x00000007d6c00000,0x00000007e4800000,0x00000007e4800000)
  from space 225280K, 51% used [0x00000007f2400000,0x00000007f94c4040,0x0000000800000000)
  to   space 225280K, 0% used [0x00000007e4800000,0x00000007e4800000,0x00000007f2400000)
 ParOldGen       total 1351680K, used 1207707K [0x0000000784400000, 0x00000007d6c00000, 0x00000007d6c00000)
  object space 1351680K, 89% used [0x0000000784400000,0x00000007cdf66f98,0x00000007d6c00000)
 PSPermGen       total 21504K, used 3988K [0x000000077f200000, 0x0000000780700000, 0x0000000784400000)
  object space 21504K, 18% used [0x000000077f200000,0x000000077f5e5370,0x0000000780700000)
Event: 1073.999 GC heap after
Heap after GC invocations=628 (full 181):
 PSYoungGen      total 450560K, used 76160K [0x00000007d6c00000, 0x0000000800000000, 0x0000000800000000)
  eden space 225280K, 0% used [0x00000007d6c00000,0x00000007d6c00000,0x00000007e4800000)
  from space 225280K, 33% used [0x00000007e4800000,0x00000007e9260020,0x00000007f2400000)
  to   space 225280K, 0% used [0x00000007f2400000,0x00000007f2400000,0x0000000800000000)
 ParOldGen       total 1351680K, used 1286899K [0x0000000784400000, 0x00000007d6c00000, 0x00000007d6c00000)
  object space 1351680K, 95% used [0x0000000784400000,0x00000007d2cbcfb8,0x00000007d6c00000)
 PSPermGen       total 21504K, used 3988K [0x000000077f200000, 0x0000000780700000, 0x0000000784400000)
  object space 21504K, 18% used [0x000000077f200000,0x000000077f5e5370,0x0000000780700000)
}
Event: 1073.999 GC heap before
{Heap before GC invocations=629 (full 182):
 PSYoungGen      total 450560K, used 76160K [0x00000007d6c00000, 0x0000000800000000, 0x0000000800000000)
  eden space 225280K, 0% used [0x00000007d6c00000,0x00000007d6c00000,0x00000007e4800000)
  from space 225280K, 33% used [0x00000007e4800000,0x00000007e9260020,0x00000007f2400000)
  to   space 225280K, 0% used [0x00000007f2400000,0x00000007f2400000,0x0000000800000000)
 ParOldGen       total 1351680K, used 1286899K [0x0000000784400000, 0x00000007d6c00000, 0x00000007d6c00000)
  object space 1351680K, 95% used [0x0000000784400000,0x00000007d2cbcfb8,0x00000007d6c00000)
 PSPermGen       total 21504K, used 3988K [0x000000077f200000, 0x0000000780700000, 0x0000000784400000)
  object space 21504K, 18% used [0x000000077f200000,0x000000077f5e5370,0x0000000780700000)

Deoptimization events (10 events):
Event: 987.034 Thread 0x000000000dec2800 Uncommon trap: reason=unstable_if action=reinterpret pc=0x00002b001abb94b4 method=java.lang.Integer.getChars(II[C)V @ 20
Event: 987.034 Thread 0x000000000dec2800 Uncommon trap: reason=unstable_if action=reinterpret pc=0x00002b001abbf83c method=java.lang.Integer.getChars(II[C)V @ 20
Event: 987.403 Thread 0x000000000dec2800 Uncommon trap: reason=unstable_if action=reinterpret pc=0x00002b001ac5aa2c method=java.nio.charset.CharsetEncoder.encode(Ljava/nio/CharBuffer;Ljava/nio/ByteBuffer;Z)Ljava/nio/charset/CoderResult; @ 15
Event: 987.403 Thread 0x000000000dec2800 Uncommon trap: reason=unstable_if action=reinterpret pc=0x00002b001abb1e60 method=java.nio.charset.CharsetEncoder.encode(Ljava/nio/CharBuffer;Ljava/nio/ByteBuffer;Z)Ljava/nio/charset/CoderResult; @ 1
Event: 987.403 Thread 0x000000000dec2800 Uncommon trap: reason=class_check action=maybe_recompile pc=0x00002b001abc0da8 method=sun.nio.cs.StreamEncoder.writeBytes()V @ 120
Event: 1000.055 Thread 0x000000000dec2800 Uncommon trap: reason=unstable_if action=reinterpret pc=0x00002b001abb8b58 method=java.lang.Integer.getChars(II[C)V @ 20
Event: 1000.554 Thread 0x000000000dec2800 Uncommon trap: reason=unstable_if action=reinterpret pc=0x00002b001ab74ae8 method=java.nio.charset.CharsetEncoder.encode(Ljava/nio/CharBuffer;Ljava/nio/ByteBuffer;Z)Ljava/nio/charset/CoderResult; @ 15
Event: 1000.555 Thread 0x000000000dec2800 Uncommon trap: reason=class_check action=maybe_recompile pc=0x00002b001abc0da8 method=sun.nio.cs.StreamEncoder.writeBytes()V @ 120
Event: 1022.078 Thread 0x000000000dec2800 Uncommon trap: reason=class_check action=maybe_recompile pc=0x00002b001abc0da8 method=sun.nio.cs.StreamEncoder.writeBytes()V @ 120
Event: 1042.821 Thread 0x000000000dec2800 Uncommon trap: reason=class_check action=maybe_recompile pc=0x00002b001abc0da8 method=sun.nio.cs.StreamEncoder.writeBytes()V @ 120

Internal exceptions (10 events):
Event: 0.184 Thread 0x000000000dec2800 Threw 0x00000007d6ed5a48 at /HUDSON/workspace/7u-2-build-linux-amd64/jdk7u80/2329/hotspot/src/share/vm/prims/jvm.cpp:1319
Event: 0.184 Thread 0x000000000dec2800 Threw 0x00000007d6ed5b70 at /HUDSON/workspace/7u-2-build-linux-amd64/jdk7u80/2329/hotspot/src/share/vm/prims/jvm.cpp:1319
Event: 27.541 Thread 0x000000000dec2800 Threw 0x00000007da1732c0 at /HUDSON/workspace/7u-2-build-linux-amd64/jdk7u80/2329/hotspot/src/share/vm/prims/jvm.cpp:1319
Event: 27.546 Thread 0x000000000dec2800 Threw 0x00000007da181df0 at /HUDSON/workspace/7u-2-build-linux-amd64/jdk7u80/2329/hotspot/src/share/vm/prims/jvm.cpp:1319
Event: 27.553 Thread 0x000000000dec2800 Threw 0x00000007da1aa718 at /HUDSON/workspace/7u-2-build-linux-amd64/jdk7u80/2329/hotspot/src/share/vm/prims/jvm.cpp:1319
Event: 28.107 Thread 0x000000000dec2800 Implicit null exception at 0x00002b001ac3ec2b to 0x00002b001ac422e9
Event: 38.261 Thread 0x000000000dec2800 Implicit null exception at 0x00002b001ac48443 to 0x00002b001ac490b5
Event: 58.669 Thread 0x000000000dec2800 Threw 0x00000007dd1bfac0 at /HUDSON/workspace/7u-2-build-linux-amd64/jdk7u80/2329/hotspot/src/share/vm/interpreter/interpreterRuntime.cpp:347
Event: 58.669 Thread 0x000000000dec2800 Implicit null exception at 0x00002b001abcba49 to 0x00002b001abcc06d
Event: 70.327 Thread 0x000000000dec2800 Threw 0x00000007e5233200 at /HUDSON/workspace/7u-2-build-linux-amd64/jdk7u80/2329/hotspot/src/share/vm/interpreter/interpreterRuntime.cpp:347

Events (10 events):
Event: 1069.900 Executing VM operation: ParallelGCFailedAllocation done
Event: 1070.472 Executing VM operation: ParallelGCFailedAllocation
Event: 1070.627 Executing VM operation: ParallelGCFailedAllocation done
Event: 1071.202 Executing VM operation: ParallelGCFailedAllocation
Event: 1071.395 Executing VM operation: ParallelGCFailedAllocation done
Event: 1072.190 Executing VM operation: ParallelGCFailedAllocation
Event: 1072.425 Executing VM operation: ParallelGCFailedAllocation done
Event: 1073.009 Executing VM operation: ParallelGCFailedAllocation
Event: 1073.227 Executing VM operation: ParallelGCFailedAllocation done
Event: 1073.806 Executing VM operation: ParallelGCFailedAllocation


Dynamic libraries:
00400000-00401000 r-xp 00000000 08:01 68840                              /usr/java/jdk1.7.0_80/bin/java
00600000-00601000 rw-p 00000000 08:01 68840                              /usr/java/jdk1.7.0_80/bin/java
0deb5000-0ef52000 rw-p 0deb5000 00:00 0                                  [heap]
77f200000-780700000 rw-p 77f200000 00:00 0 
780700000-784400000 rw-p 780700000 00:00 0 
784400000-7d6c00000 rw-p 784400000 00:00 0 
7d6c00000-800000000 rw-p 7d6c00000 00:00 0 
3136200000-313621c000 r-xp 00000000 08:01 3953536                        /lib64/ld-2.5.so
313641c000-313641d000 r--p 0001c000 08:01 3953536                        /lib64/ld-2.5.so
313641d000-313641e000 rw-p 0001d000 08:01 3953536                        /lib64/ld-2.5.so
3136600000-313674f000 r-xp 00000000 08:01 3953537                        /lib64/libc-2.5.so
313674f000-313694f000 ---p 0014f000 08:01 3953537                        /lib64/libc-2.5.so
313694f000-3136953000 r--p 0014f000 08:01 3953537                        /lib64/libc-2.5.so
3136953000-3136954000 rw-p 00153000 08:01 3953537                        /lib64/libc-2.5.so
3136954000-3136959000 rw-p 3136954000 00:00 0 
3136a00000-3136a82000 r-xp 00000000 08:01 3953542                        /lib64/libm-2.5.so
3136a82000-3136c81000 ---p 00082000 08:01 3953542                        /lib64/libm-2.5.so
3136c81000-3136c82000 r--p 00081000 08:01 3953542                        /lib64/libm-2.5.so
3136c82000-3136c83000 rw-p 00082000 08:01 3953542                        /lib64/libm-2.5.so
3136e00000-3136e02000 r-xp 00000000 08:01 3953554                        /lib64/libdl-2.5.so
3136e02000-3137002000 ---p 00002000 08:01 3953554                        /lib64/libdl-2.5.so
3137002000-3137003000 r--p 00002000 08:01 3953554                        /lib64/libdl-2.5.so
3137003000-3137004000 rw-p 00003000 08:01 3953554                        /lib64/libdl-2.5.so
3137600000-3137616000 r-xp 00000000 08:01 3953595                        /lib64/libpthread-2.5.so
3137616000-3137816000 ---p 00016000 08:01 3953595                        /lib64/libpthread-2.5.so
3137816000-3137817000 r--p 00016000 08:01 3953595                        /lib64/libpthread-2.5.so
3137817000-3137818000 rw-p 00017000 08:01 3953595                        /lib64/libpthread-2.5.so
3137818000-313781c000 rw-p 3137818000 00:00 0 
313a600000-313a607000 r-xp 00000000 08:01 3953597                        /lib64/librt-2.5.so
313a607000-313a807000 ---p 00007000 08:01 3953597                        /lib64/librt-2.5.so
313a807000-313a808000 r--p 00007000 08:01 3953597                        /lib64/librt-2.5.so
313a808000-313a809000 rw-p 00008000 08:01 3953597                        /lib64/librt-2.5.so
2b001928c000-2b001928e000 rw-p 2b001928c000 00:00 0 
2b00192b9000-2b00192ce000 r-xp 00000000 08:01 1209538                    /usr/java/jdk1.7.0_80/lib/amd64/jli/libjli.so
2b00192ce000-2b00194cd000 ---p 00015000 08:01 1209538                    /usr/java/jdk1.7.0_80/lib/amd64/jli/libjli.so
2b00194cd000-2b00194ce000 rw-p 00014000 08:01 1209538                    /usr/java/jdk1.7.0_80/lib/amd64/jli/libjli.so
2b00194ce000-2b00194d1000 rw-p 2b00194ce000 00:00 0 
2b00194d1000-2b001a047000 r-xp 00000000 08:01 826150                     /usr/java/jdk1.7.0_80/jre/lib/amd64/server/libjvm.so
2b001a047000-2b001a246000 ---p 00b76000 08:01 826150                     /usr/java/jdk1.7.0_80/jre/lib/amd64/server/libjvm.so
2b001a246000-2b001a30a000 rw-p 00b75000 08:01 826150                     /usr/java/jdk1.7.0_80/jre/lib/amd64/server/libjvm.so
2b001a30a000-2b001a34b000 rw-p 2b001a30a000 00:00 0 
2b001a34b000-2b001a34e000 ---p 2b001a34b000 00:00 0 
2b001a34e000-2b001a44c000 rw-p 2b001a34e000 00:00 0 
2b001a44c000-2b001a459000 r-xp 00000000 08:01 69098                      /usr/java/jdk1.7.0_80/jre/lib/amd64/libverify.so
2b001a459000-2b001a658000 ---p 0000d000 08:01 69098                      /usr/java/jdk1.7.0_80/jre/lib/amd64/libverify.so
2b001a658000-2b001a65a000 rw-p 0000c000 08:01 69098                      /usr/java/jdk1.7.0_80/jre/lib/amd64/libverify.so
2b001a65a000-2b001a683000 r-xp 00000000 08:01 69069                      /usr/java/jdk1.7.0_80/jre/lib/amd64/libjava.so
2b001a683000-2b001a883000 ---p 00029000 08:01 69069                      /usr/java/jdk1.7.0_80/jre/lib/amd64/libjava.so
2b001a883000-2b001a885000 rw-p 00029000 08:01 69069                      /usr/java/jdk1.7.0_80/jre/lib/amd64/libjava.so
2b001a885000-2b001a886000 ---p 2b001a885000 00:00 0 
2b001a886000-2b001a887000 rw-p 2b001a886000 00:00 0 
2b001a887000-2b001a8f3000 r--s 00000000 08:01 425480                     /var/db/nscd/passwd
2b001a8f3000-2b001a8fb000 rw-s 00000000 08:01 1078419                    /tmp/hsperfdata_geoagdt/27295
2b001a8fb000-2b001a912000 r-xp 00000000 08:01 69099                      /usr/java/jdk1.7.0_80/jre/lib/amd64/libzip.so
2b001a912000-2b001ab12000 ---p 00017000 08:01 69099                      /usr/java/jdk1.7.0_80/jre/lib/amd64/libzip.so
2b001ab12000-2b001ab13000 rw-p 00017000 08:01 69099                      /usr/java/jdk1.7.0_80/jre/lib/amd64/libzip.so
2b001ab13000-2b001ad83000 rwxp 2b001ab13000 00:00 0 
2b001ad83000-2b001db13000 rw-p 2b001ad83000 00:00 0 
2b001db13000-2b001db1d000 rw-p 2b001db13000 00:00 0 
2b001db1d000-2b001dbd3000 rw-p 2b001db1d000 00:00 0 
2b001dbd3000-2b001dbde000 rw-p 2b001dbd3000 00:00 0 
2b001dbde000-2b001dbfc000 rw-p 2b001dbde000 00:00 0 
2b001dbfc000-2b001de90000 rw-p 2b001dbfc000 00:00 0 
2b001de90000-2b001dfda000 rw-p 2b001de90000 00:00 0 
2b001dfda000-2b001e26f000 rw-p 2b001dfda000 00:00 0 
2b001e26f000-2b001e27a000 rw-p 2b001e26f000 00:00 0 
2b001e27a000-2b001e298000 rw-p 2b001e27a000 00:00 0 
2b001e298000-2b001e299000 ---p 2b001e298000 00:00 0 
2b001e299000-2b001e399000 rw-p 2b001e299000 00:00 0 
2b001e399000-2b001e39a000 ---p 2b001e399000 00:00 0 
2b001e39a000-2b001e49a000 rw-p 2b001e39a000 00:00 0 
2b001e49a000-2b001e49b000 ---p 2b001e49a000 00:00 0 
2b001e49b000-2b001e59b000 rw-p 2b001e49b000 00:00 0 
2b001e59b000-2b001e59c000 ---p 2b001e59b000 00:00 0 
2b001e59c000-2b0022c35000 rw-p 2b001e59c000 00:00 0 
2b0022c35000-2b0022df5000 r--s 039fb000 08:01 69139                      /usr/java/jdk1.7.0_80/jre/lib/rt.jar
2b0022df5000-2b0023df4000 rw-p 2b0022df5000 00:00 0 
2b0023df4000-2b0023df5000 ---p 2b0023df4000 00:00 0 
2b0023df5000-2b0023ef5000 rw-p 2b0023df5000 00:00 0 
2b0023ef5000-2b0023ef8000 ---p 2b0023ef5000 00:00 0 
2b0023ef8000-2b0023ff6000 rw-p 2b0023ef8000 00:00 0 
2b0023ff6000-2b0023ff9000 ---p 2b0023ff6000 00:00 0 
2b0023ff9000-2b00240f7000 rw-p 2b0023ff9000 00:00 0 
2b00240f7000-2b00276ce000 r--p 00000000 08:01 5521023                    /usr/lib/locale/locale-archive
2b00276ce000-2b00276d1000 ---p 2b00276ce000 00:00 0 
2b00276d1000-2b00277cf000 rw-p 2b00276d1000 00:00 0 
2b00277cf000-2b00277d2000 ---p 2b00277cf000 00:00 0 
2b00277d2000-2b00278d0000 rw-p 2b00277d2000 00:00 0 
2b00278d0000-2b00278d3000 ---p 2b00278d0000 00:00 0 
2b00278d3000-2b00279d1000 rw-p 2b00278d3000 00:00 0 
2b00279d1000-2b00279d4000 ---p 2b00279d1000 00:00 0 
2b00279d4000-2b0027ad2000 rw-p 2b00279d4000 00:00 0 
2b0027ad2000-2b0027ad3000 ---p 2b0027ad2000 00:00 0 
2b0027ad3000-2b0027bd3000 rw-p 2b0027ad3000 00:00 0 
2b0027bd3000-2b0027be4000 r--s 000ac000 08:03 92095247                   /scratch01/.m2/repository/com/vividsolutions/jts/1.12/jts-1.12.jar
2b0027be4000-2b0027bf6000 r--s 000c9000 08:03 89719020                   /scratch01/.m2/repository/xerces/xercesImpl/2.4.0/xercesImpl-2.4.0.jar
2b0027bf6000-2b0027bf8000 r--s 00014000 08:03 89736500                   /scratch01/.m2/repository/org/geotools/gt-data/13-SNAPSHOT/gt-data-13-SNAPSHOT.jar
2b0027bf8000-2b0027bfa000 r--s 00023000 08:03 92783346                   /scratch01/.m2/repository/org/jdom/jdom/1.1.3/jdom-1.1.3.jar
2b0027bfa000-2b0027c0e000 r--s 001bd000 08:03 89720347                   /scratch01/.m2/repository/javax/media/jai_core/1.1.3/jai_core-1.1.3.jar
2b0027c0e000-2b0027c10000 r--s 001dd000 08:03 89736287                   /scratch01/.m2/repository/org/geotools/gt-epsg-hsql/13-SNAPSHOT/gt-epsg-hsql-13-SNAPSHOT.jar
2b0027c10000-2b0027c1f000 r--s 00109000 08:03 89736256                   /scratch01/.m2/repository/org/geotools/gt-referencing/13-SNAPSHOT/gt-referencing-13-SNAPSHOT.jar
2b0027c1f000-2b0027c21000 r--s 0003b000 08:03 89719038                   /scratch01/.m2/repository/java3d/vecmath/1.3.2/vecmath-1.3.2.jar
2b0027c21000-2b0027c24000 r--s 00015000 08:03 89718910                   /scratch01/.m2/repository/commons-pool/commons-pool/1.5.4/commons-pool-1.5.4.jar
2b0027c24000-2b0027c2d000 r--s 00074000 08:03 89736251                   /scratch01/.m2/repository/org/geotools/gt-metadata/13-SNAPSHOT/gt-metadata-13-SNAPSHOT.jar
2b0027c2d000-2b0027c3b000 r--s 00047000 08:03 89736245                   /scratch01/.m2/repository/org/geotools/gt-opengis/13-SNAPSHOT/gt-opengis-13-SNAPSHOT.jar
2b0027c3b000-2b0027c3e000 r--s 00014000 08:03 89718882                   /scratch01/.m2/repository/net/java/dev/jsr-275/jsr-275/1.0-beta-2/jsr-275-1.0-beta-2.jar
2b0027c3e000-2b0027c3f000 r--s 00002000 08:03 91784286                   /scratch01/.m2/repository/jgridshift/jgridshift/1.0/jgridshift-1.0.jar
2b0027c3f000-2b0027c4c000 r--s 00148000 08:03 93045540                   /scratch01/.m2/repository/org/hsqldb/hsqldb/2.2.8/hsqldb-2.2.8.jar
2b0027c4c000-2b0027c54000 r--s 0004c000 08:03 89738093                   /scratch01/.m2/repository/org/geotools/gt-swing/13-SNAPSHOT/gt-swing-13-SNAPSHOT.jar
2b0027c54000-2b0027c5c000 r--s 0007d000 08:03 89736625                   /scratch01/.m2/repository/org/geotools/gt-render/13-SNAPSHOT/gt-render-13-SNAPSHOT.jar
2b0027c5c000-2b0027c5e000 r--s 00011000 08:03 92160646                   /scratch01/.m2/repository/com/miglayout/miglayout/3.7/miglayout-3.7-swing.jar
2b0027c5e000-2b0027c61000 r--s 0001f000 08:03 89737970                   /scratch01/.m2/repository/org/geotools/gt-brewer/13-SNAPSHOT/gt-brewer-13-SNAPSHOT.jar
2b0027c61000-2b0027c66000 r--s 0002b000 08:03 89736261                   /scratch01/.m2/repository/org/geotools/gt-api/13-SNAPSHOT/gt-api-13-SNAPSHOT.jar
2b0027c66000-2b0027c80000 r--s 00185000 08:03 89736292                   /scratch01/.m2/repository/org/geotools/gt-main/13-SNAPSHOT/gt-main-13-SNAPSHOT.jar
2b0027c80000-2b0027c83000 r--s 0002e000 08:03 89736494                   /scratch01/.m2/repository/org/geotools/gt-cql/13-SNAPSHOT/gt-cql-13-SNAPSHOT.jar
2b0027c83000-2b0027c85000 r--s 00006000 08:03 89736522                   /scratch01/.m2/repository/org/geotools/gt-geotiff/13-SNAPSHOT/gt-geotiff-13-SNAPSHOT.jar
2b0027c85000-2b0027c96000 r--s 00106000 08:03 89720338                   /scratch01/.m2/repository/javax/media/jai_imageio/1.1/jai_imageio-1.1.jar
2b0027c96000-2b0027c9e000 r--s 00046000 08:03 92849118                   /scratch01/.m2/repository/it/geosolutions/imageio-ext/imageio-ext-tiff/1.1.10/imageio-ext-tiff-1.1.10.jar
2b0027c9e000-2b0027c9f000 r--s 00009000 08:03 92897972                   /scratch01/.m2/repository/it/geosolutions/imageio-ext/imageio-ext-utilities/1.1.10/imageio-ext-utilities-1.1.10.jar
2b0027c9f000-2b0027ca3000 r--s 0003c000 08:03 89720334                   /scratch01/.m2/repository/javax/media/jai_codec/1.1.3/jai_codec-1.1.3.jar
2b0027ca3000-2b0027ca4000 r--s 00005000 08:03 89736959                   /scratch01/.m2/repository/org/geotools/gt-image/13-SNAPSHOT/gt-image-13-SNAPSHOT.jar
2b0027ca4000-2b0027cac000 r--s 00079000 08:03 89736510                   /scratch01/.m2/repository/org/geotools/gt-coverage/13-SNAPSHOT/gt-coverage-13-SNAPSHOT.jar
2b0027cac000-2b0027cad000 r--s 00004000 08:03 91980675                   /scratch01/.m2/repository/org/jaitools/jt-zonalstats/1.3.1/jt-zonalstats-1.3.1.jar
2b0027cad000-2b0027cb1000 r--s 0002e000 08:03 92078868                   /scratch01/.m2/repository/org/jaitools/jt-utils/1.3.1/jt-utils-1.3.1.jar
2b0027cb1000-2b0027cb3000 r--s 00012000 08:03 89737206                   /scratch01/.m2/repository/org/geotools/gt-imageio-ext-gdal/13-SNAPSHOT/gt-imageio-ext-gdal-13-SNAPSHOT.jar
2b0027cb3000-2b0027cb5000 r--s 00000000 08:03 89737156                   /scratch01/.m2/repository/it/geosolutions/imageio-ext/imageio-ext-gdalarcbinarygrid/1.1.10/imageio-ext-gdalarcbinarygrid-1.1.10.jar
2b0027cb5000-2b0027cb7000 r--s 0000d000 08:03 89737159                   /scratch01/.m2/repository/it/geosolutions/imageio-ext/imageio-ext-gdalframework/1.1.10/imageio-ext-gdalframework-1.1.10.jar
2b0027cb7000-2b0027cb8000 r--s 00016000 08:03 89737162                   /scratch01/.m2/repository/it/geosolutions/imageio-ext/imageio-ext-gdal-bindings/1.9.2/imageio-ext-gdal-bindings-1.9.2.jar
2b0027cb8000-2b0027cba000 r--s 00005000 08:03 89737055                   /scratch01/.m2/repository/it/geosolutions/imageio-ext/imageio-ext-geocore/1.1.10/imageio-ext-geocore-1.1.10.jar
2b0027cba000-2b0027cbc000 r--s 00001000 08:03 89737165                   /scratch01/.m2/repository/it/geosolutions/imageio-ext/imageio-ext-gdalmrsid/1.1.10/imageio-ext-gdalmrsid-1.1.10.jar
2b0027cbc000-2b0027cbd000 r--s 00001000 08:03 89737168                   /scratch01/.m2/repository/it/geosolutions/imageio-ext/imageio-ext-gdalecw/1.1.10/imageio-ext-gdalecw-1.1.10.jar
2b0027cbd000-2b0027cbf000 r--s 00000000 08:03 89737171                   /scratch01/.m2/repository/it/geosolutions/imageio-ext/imageio-ext-gdaldted/1.1.10/imageio-ext-gdaldted-1.1.10.jar
2b0027cbf000-2b0027cc0000 r--s 00003000 08:03 89737174                   /scratch01/.m2/repository/it/geosolutions/imageio-ext/imageio-ext-gdalkakadujp2/1.1.10/imageio-ext-gdalkakadujp2-1.1.10.jar
2b0027cc0000-2b0027cc2000 r--s 00000000 08:03 89737177                   /scratch01/.m2/repository/it/geosolutions/imageio-ext/imageio-ext-gdalmrsidjp2/1.1.10/imageio-ext-gdalmrsidjp2-1.1.10.jar
2b0027cc2000-2b0027cc4000 r--s 00000000 08:03 89737180                   /scratch01/.m2/repository/it/geosolutions/imageio-ext/imageio-ext-gdalecwjp2/1.1.10/imageio-ext-gdalecwjp2-1.1.10.jar
2b0027cc4000-2b0027cc6000 r--s 00000000 08:03 89737183                   /scratch01/.m2/repository/it/geosolutions/imageio-ext/imageio-ext-gdalehdr/1.1.10/imageio-ext-gdalehdr-1.1.10.jar
2b0027cc6000-2b0027cc8000 r--s 00000000 08:03 89737186                   /scratch01/.m2/repository/it/geosolutions/imageio-ext/imageio-ext-gdalenvihdr/1.1.10/imageio-ext-gdalenvihdr-1.1.10.jar
2b0027cc8000-2b0027cca000 r--s 00000000 08:03 89737189                   /scratch01/.m2/repository/it/geosolutions/imageio-ext/imageio-ext-gdalerdasimg/1.1.10/imageio-ext-gdalerdasimg-1.1.10.jar
2b0027cca000-2b0027ccc000 r--s 00000000 08:03 89737192                   /scratch01/.m2/repository/it/geosolutions/imageio-ext/imageio-ext-gdalnitf/1.1.10/imageio-ext-gdalnitf-1.1.10.jar
2b0027ccc000-2b0027cce000 r--s 00000000 08:03 89737195                   /scratch01/.m2/repository/it/geosolutions/imageio-ext/imageio-ext-gdalrpftoc/1.1.10/imageio-ext-gdalrpftoc-1.1.10.jar
2b0027cce000-2b0027cd0000 r--s 00000000 08:03 89737198                   /scratch01/.m2/repository/it/geosolutions/imageio-ext/imageio-ext-gdalidrisi/1.1.10/imageio-ext-gdalidrisi-1.1.10.jar
2b0027cd0000-2b0027cd2000 r--s 00005000 08:03 89737201                   /scratch01/.m2/repository/it/geosolutions/imageio-ext/imageio-ext-imagereadmt/1.1.10/imageio-ext-imagereadmt-1.1.10.jar
2b0027cd2000-2b0027cd3000 r--s 00005000 08:03 89736544                   /scratch01/.m2/repository/org/geotools/gt-arcgrid/13-SNAPSHOT/gt-arcgrid-13-SNAPSHOT.jar
2b0027cd3000-2b0027cd5000 r--s 00008000 08:03 89736536                   /scratch01/.m2/repository/it/geosolutions/imageio-ext/imageio-ext-arcgrid/1.1.10/imageio-ext-arcgrid-1.1.10.jar
2b0027cd5000-2b0027cd7000 r--s 0000b000 08:03 89736539                   /scratch01/.m2/repository/it/geosolutions/imageio-ext/imageio-ext-streams/1.1.10/imageio-ext-streams-1.1.10.jar
2b0027cd7000-2b0027cd8000 rw-p 2b0027cd7000 00:00 0 
2b0028000000-2b002a365000 rw-p 2b0028000000 00:00 0 
2b002a365000-2b002c000000 ---p 2b002a365000 00:00 0 
7fff6416c000-7fff64183000 rw-p 7ffffffe7000 00:00 0                      [stack]
7fff641fd000-7fff64200000 r-xp 7fff641fd000 00:00 0                      [vdso]
ffffffffff600000-ffffffffffe00000 ---p 00000000 00:00 0                  [vsyscall]

VM Arguments:
java_command: uk.ac.leeds.ccg.andyt.projects.digitalwelfare.process.DW_DataProcessor_LCC
Launcher Type: SUN_STANDARD

Environment Variables:
JAVA_HOME=/usr/java/latest
PATH=/usr/lib64/qt-3.3/bin:/opt/netbeans/bin:/usr/lib64/openmpi/1.4-gcc/bin:/opt/apache-maven/bin:/usr/kerberos/bin:/usr/local/bin:/usr/bin:/bin:/usr/X11R6/bin:.
USERNAME=geoagdt
LD_LIBRARY_PATH=/usr/java/latest/jre/lib/amd64:/usr/java/latest/jre/lib/i386:/usr/lib64/openmpi/1.4-gcc/lib:/opt/apache-maven/lib64
SHELL=/bin/csh
DISPLAY=:0.0
HOSTTYPE=x86_64-linux
OSTYPE=linux
MACHTYPE=x86_64

Signal Handlers:
SIGSEGV: [libjvm.so+0x9a3b20], sa_mask[0]=0x7ffbfeff, sa_flags=0x10000004
SIGBUS: [libjvm.so+0x9a3b20], sa_mask[0]=0x7ffbfeff, sa_flags=0x10000004
SIGFPE: [libjvm.so+0x81e740], sa_mask[0]=0x7ffbfeff, sa_flags=0x10000004
SIGPIPE: [libjvm.so+0x81e740], sa_mask[0]=0x7ffbfeff, sa_flags=0x10000004
SIGXFSZ: [libjvm.so+0x81e740], sa_mask[0]=0x7ffbfeff, sa_flags=0x10000004
SIGILL: [libjvm.so+0x81e740], sa_mask[0]=0x7ffbfeff, sa_flags=0x10000004
SIGUSR1: SIG_DFL, sa_mask[0]=0x00000000, sa_flags=0x00000000
SIGUSR2: [libjvm.so+0x81ffb0], sa_mask[0]=0x00000004, sa_flags=0x10000004
SIGHUP: [libjvm.so+0x8210d0], sa_mask[0]=0x7ffbfeff, sa_flags=0x10000004
SIGINT: SIG_IGN, sa_mask[0]=0x00000000, sa_flags=0x00000000
SIGTERM: [libjvm.so+0x8210d0], sa_mask[0]=0x7ffbfeff, sa_flags=0x10000004
SIGQUIT: [libjvm.so+0x8210d0], sa_mask[0]=0x7ffbfeff, sa_flags=0x10000004


---------------  S Y S T E M  ---------------

OS:CentOS release 5.11 (Final)

uname:Linux 2.6.18-404.el5 #1 SMP Tue Apr 7 12:42:54 EDT 2015 x86_64
libc:glibc 2.5 NPTL 2.5 
rlimit: STACK 10240k, CORE 0k, NPROC 63324, NOFILE 1024, AS infinity
load average:2.98 2.50 2.09

/proc/meminfo:
MemTotal:      8108460 kB
MemFree:         46412 kB
Buffers:          6764 kB
Cached:        1284692 kB
SwapCached:          0 kB
Active:        5319144 kB
Inactive:      1089856 kB
HighTotal:           0 kB
HighFree:            0 kB
LowTotal:      8108460 kB
LowFree:         46412 kB
SwapTotal:    10153072 kB
SwapFree:     10152876 kB
Dirty:           89348 kB
Writeback:           0 kB
AnonPages:     5117536 kB
Mapped:         184600 kB
Slab:          1542672 kB
PageTables:      33320 kB
NFS_Unstable:        0 kB
Bounce:              0 kB
CommitLimit:  14207300 kB
Committed_AS:  6577780 kB
VmallocTotal: 34359738367 kB
VmallocUsed:     25628 kB
VmallocChunk: 34359712639 kB
HugePages_Total:     0
HugePages_Free:      0
HugePages_Rsvd:      0
Hugepagesize:     2048 kB


CPU:total 4 (4 cores per cpu, 1 threads per core) family 6 model 23 stepping 10, cmov, cx8, fxsr, mmx, sse, sse2, sse3, ssse3, sse4.1, tsc

/proc/cpuinfo:
processor	: 0
vendor_id	: GenuineIntel
cpu family	: 6
model		: 23
model name	: Intel(R) Core(TM)2 Quad CPU    Q9400  @ 2.66GHz
stepping	: 10
cpu MHz		: 2664.000
cache size	: 3072 KB
physical id	: 0
siblings	: 4
core id		: 0
cpu cores	: 4
apicid		: 0
fpu		: yes
fpu_exception	: yes
cpuid level	: 13
wp		: yes
flags		: fpu vme de pse tsc msr pae mce cx8 apic sep mtrr pge mca cmov pat pse36 clflush dts acpi mmx fxsr sse sse2 ss ht tm syscall nx lm constant_tsc pni monitor ds_cpl vmx smx est tm2 ssse3 cx16 xtpr sse4_1 lahf_lm
bogomips	: 5332.73
clflush size	: 64
cache_alignment	: 64
address sizes	: 36 bits physical, 48 bits virtual
power management:

processor	: 1
vendor_id	: GenuineIntel
cpu family	: 6
model		: 23
model name	: Intel(R) Core(TM)2 Quad CPU    Q9400  @ 2.66GHz
stepping	: 10
cpu MHz		: 1998.000
cache size	: 3072 KB
physical id	: 0
siblings	: 4
core id		: 1
cpu cores	: 4
apicid		: 1
fpu		: yes
fpu_exception	: yes
cpuid level	: 13
wp		: yes
flags		: fpu vme de pse tsc msr pae mce cx8 apic sep mtrr pge mca cmov pat pse36 clflush dts acpi mmx fxsr sse sse2 ss ht tm syscall nx lm constant_tsc pni monitor ds_cpl vmx smx est tm2 ssse3 cx16 xtpr sse4_1 lahf_lm
bogomips	: 5332.72
clflush size	: 64
cache_alignment	: 64
address sizes	: 36 bits physical, 48 bits virtual
power management:

processor	: 2
vendor_id	: GenuineIntel
cpu family	: 6
model		: 23
model name	: Intel(R) Core(TM)2 Quad CPU    Q9400  @ 2.66GHz
stepping	: 10
cpu MHz		: 2664.000
cache size	: 3072 KB
physical id	: 0
siblings	: 4
core id		: 2
cpu cores	: 4
apicid		: 2
fpu		: yes
fpu_exception	: yes
cpuid level	: 13
wp		: yes
flags		: fpu vme de pse tsc msr pae mce cx8 apic sep mtrr pge mca cmov pat pse36 clflush dts acpi mmx fxsr sse sse2 ss ht tm syscall nx lm constant_tsc pni monitor ds_cpl vmx smx est tm2 ssse3 cx16 xtpr sse4_1 lahf_lm
bogomips	: 5332.73
clflush size	: 64
cache_alignment	: 64
address sizes	: 36 bits physical, 48 bits virtual
power management:

processor	: 3
vendor_id	: GenuineIntel
cpu family	: 6
model		: 23
model name	: Intel(R) Core(TM)2 Quad CPU    Q9400  @ 2.66GHz
stepping	: 10
cpu MHz		: 2664.000
cache size	: 3072 KB
physical id	: 0
siblings	: 4
core id		: 3
cpu cores	: 4
apicid		: 3
fpu		: yes
fpu_exception	: yes
cpuid level	: 13
wp		: yes
flags		: fpu vme de pse tsc msr pae mce cx8 apic sep mtrr pge mca cmov pat pse36 clflush dts acpi mmx fxsr sse sse2 ss ht tm syscall nx lm constant_tsc pni monitor ds_cpl vmx smx est tm2 ssse3 cx16 xtpr sse4_1 lahf_lm
bogomips	: 5332.73
clflush size	: 64
cache_alignment	: 64
address sizes	: 36 bits physical, 48 bits virtual
power management:



Memory: 4k page, physical 8108460k(46412k free), swap 10153072k(10152876k free)

vm_info: Java HotSpot(TM) 64-Bit Server VM (24.80-b11) for linux-amd64 JRE (1.7.0_80-b15), built on Apr 10 2015 19:53:14 by "java_re" with gcc 4.3.0 20080428 (Red Hat 4.3.0-8)

time: Mon Jun  8 12:31:18 2015
elapsed time: 1075 seconds

