#
# A fatal error has been detected by the Java Runtime Environment:
#
#  SIGSEGV (0xb) at pc=0x00002aebda24e233, pid=386, tid=47192824576320
#
# JRE version: Java(TM) SE Runtime Environment (8.0_51-b16) (build 1.8.0_51-b16)
# Java VM: Java HotSpot(TM) 64-Bit Server VM (25.51-b03 mixed mode linux-amd64 compressed oops)
# Problematic frame:
# V  [libjvm.so+0x977233]  oopDesc* PSPromotionManager::copy_to_survivor_space<false>(oopDesc*)+0x143
#
# Failed to write core dump. Core dumps have been disabled. To enable core dumping, try "ulimit -c unlimited" before starting Java again
#
# If you would like to submit a bug report, please visit:
#   http://bugreport.java.com/bugreport/crash.jsp
#

---------------  T H R E A D  ---------------

Current thread (0x00000000031eb000):  GCTaskThread [stack: 0x00002aebef7b7000,0x00002aebef8b8000] [id=392]

siginfo: si_signo: 11 (SIGSEGV), si_code: 1 (SEGV_MAPERR), si_addr: 0x0000000000000008

Registers:
RAX=0x00002aebda8482b0, RBX=0x0000000786891668, RCX=0x0000000000000003, RDX=0x0000000000000001
RSP=0x00002aebef8b6c90, RBP=0x00002aebef8b6d00, RSI=0x000000078d450640, RDI=0x0000000000000000
R8 =0x0000000786891b08, R9 =0x0000000786894060, R10=0x00002aebda866159, R11=0x00002aebef8b6c40
R12=0x000000078d450640, R13=0x0000000000000001, R14=0x0000000000000000, R15=0x000000000323ed68
RIP=0x00002aebda24e233, EFLAGS=0x0000000000010246, CSGSFS=0x0000000000000033, ERR=0x0000000000000004
  TRAPNO=0x000000000000000e

Top of Stack: (sp=0x00002aebef8b6c90)
0x00002aebef8b6c90:   00002aebef8b6d00 00002aebda866159
0x00002aebef8b6ca0:   000000000323ed28 000000000323ed00
0x00002aebef8b6cb0:   0000000779924101 0000000000000400
0x00002aebef8b6cc0:   000000078688c070 0000000000001000
0x00002aebef8b6cd0:   00000000031e4b30 0000000786891668
0x00002aebef8b6ce0:   000000000323ed00 00002aebda8482a0
0x00002aebef8b6cf0:   0000000000000000 000000000323ed68
0x00002aebef8b6d00:   00002aebef8b6df0 00002aebda24dab8
0x00002aebef8b6d10:   00002aebef8b6d70 00002aebef8b6d80
0x00002aebef8b6d20:   00002aebef8b6d90 00002aebef8b6d50
0x00002aebef8b6d30:   00002aebef8b6d60 00002aebef8b6db0
0x00002aebef8b6d40:   010000071ea68000 000000000323ed98
0x00002aebef8b6d50:   000000079c8b8bd8 0000000000000015
0x00002aebef8b6d60:   0000000000000000 0000000000000005
0x00002aebef8b6d70:   00002aebef8b6df0 00002aebda24e65e
0x00002aebef8b6d80:   00068b3700006151 00002aebda866159
0x00002aebef8b6d90:   0007bc7100007192 000000000323ed00
0x00002aebef8b6da0:   00074aae000066ff 000000000323ed98
0x00002aebef8b6db0:   0000000786891669 0000000000001000
0x00002aebef8b6dc0:   000000071ea69838 0000000784ec3b74
0x00002aebef8b6dd0:   00002aebda8482a0 0000000000000001
0x00002aebef8b6de0:   00002aebef8b6e10 00002aebef8b6e1c
0x00002aebef8b6df0:   00002aebef8b6e50 00002aebda2518fe
0x00002aebef8b6e00:   00002aec10ddd0f0 000000000323ed00
0x00002aebef8b6e10:   0000000784ec3b75 36c6429ad9ea10a7
0x00002aebef8b6e20:   00002aebef8b6e50 00002aec10ddd0f0
0x00002aebef8b6e30:   00000000031eb000 0000000000000001
0x00002aebef8b6e40:   00000000031eb2b0 00002aebda40ba01
0x00002aebef8b6e50:   00002aebef8b6f60 00002aebd9ea1b7f
0x00002aebef8b6e60:   0000000000000000 00002aebef8b6ea0
0x00002aebef8b6e70:   00002aebef8b6f20 0000000000000000
0x00002aebef8b6e80:   00000000031eb2f0 00000000031eb300 

Instructions: (pc=0x00002aebda24e233)
0x00002aebda24e213:   83 e0 07 48 83 f8 05 75 d3 31 db eb d6 48 8b 05
0x00002aebda24e223:   91 b1 5d 00 8b 7e 08 8b 48 08 48 d3 e7 48 03 38
0x00002aebda24e233:   8b 77 08 83 fe 00 0f 8f 0a ff ff ff 0f 85 4b 02
0x00002aebda24e243:   00 00 0f 1f 00 48 8b 07 4c 89 e6 4c 89 55 98 ff 

Register to memory mapping:

RAX=0x00002aebda8482b0: <offset 0xf712b0> in /usr/java/jdk1.8.0_51/jre/lib/amd64/server/libjvm.so at 0x00002aebd98d7000
RBX=0x0000000786891668 is an unknown value
RCX=0x0000000000000003 is an unknown value
RDX=0x0000000000000001 is an unknown value
RSP=0x00002aebef8b6c90 is an unknown value
RBP=0x00002aebef8b6d00 is an unknown value
RSI=0x000000078d450640 is an oop

[error occurred during error reporting (printing register info), id 0xb]

Stack: [0x00002aebef7b7000,0x00002aebef8b8000],  sp=0x00002aebef8b6c90,  free space=1023k
Native frames: (J=compiled Java code, j=interpreted, Vv=VM code, C=native code)
V  [libjvm.so+0x977233]  oopDesc* PSPromotionManager::copy_to_survivor_space<false>(oopDesc*)+0x143
V  [libjvm.so+0x976ab8]  PSPromotionManager::drain_stacks_depth(bool)+0x7e8
V  [libjvm.so+0x97a8fe]  StealTask::do_it(GCTaskManager*, unsigned int)+0x19e
V  [libjvm.so+0x5cab7f]  GCTaskThread::run()+0x12f
V  [libjvm.so+0x911048]  java_start(Thread*)+0x108


---------------  P R O C E S S  ---------------

Java Threads: ( => current thread )
  0x00000000032e1800 JavaThread "Service Thread" daemon [_thread_blocked, id=402, stack(0x00002aec14000000,0x00002aec18001000)]
  0x00000000032d2000 JavaThread "C1 CompilerThread2" daemon [_thread_blocked, id=401, stack(0x00002aec0d619000,0x00002aec0d71a000)]
  0x00000000032d0000 JavaThread "C2 CompilerThread1" daemon [_thread_blocked, id=400, stack(0x00002aec0d518000,0x00002aec0d619000)]
  0x0000000003288800 JavaThread "C2 CompilerThread0" daemon [_thread_blocked, id=399, stack(0x00002aec0d417000,0x00002aec0d518000)]
  0x0000000003287800 JavaThread "Signal Dispatcher" daemon [_thread_blocked, id=398, stack(0x00002aec09416000,0x00002aec0d417000)]
  0x0000000003248800 JavaThread "Finalizer" daemon [_thread_blocked, id=397, stack(0x00002aec01e3e000,0x00002aec05e3f000)]
  0x0000000003246800 JavaThread "Reference Handler" daemon [_thread_blocked, id=396, stack(0x00002aebfde3d000,0x00002aec01e3e000)]
  0x00000000031d4000 JavaThread "main" [_thread_blocked, id=390, stack(0x00002aebda8a0000,0x00002aebde8a1000)]

Other Threads:
  0x0000000003241800 VMThread [stack: 0x00002aebfdd3c000,0x00002aebfde3d000] [id=395]
  0x00000000032e4800 WatcherThread [stack: 0x00002aec18001000,0x00002aec18102000] [id=403]

=>0x00000000031eb000 (exited) GCTaskThread [stack: 0x00002aebef7b7000,0x00002aebef8b8000] [id=392]

VM state:at safepoint (normal execution)

VM Mutex/Monitor currently owned by a thread:  ([mutex/lock_event])
[0x00000000031d2440] Threads_lock - owner thread: 0x0000000003241800
[0x00000000031d2940] Heap_lock - owner thread: 0x00000000031d4000

Heap:
 PSYoungGen      total 1439744K, used 1203488K [0x0000000743000000, 0x00000007c0000000, 0x00000007c0000000)
  eden space 825344K, 100% used [0x0000000743000000,0x0000000775600000,0x0000000775600000)
  from space 614400K, 61% used [0x000000079a800000,0x00000007b1948030,0x00000007c0000000)
  to   space 608256K, 51% used [0x0000000775600000,0x000000078895c070,0x000000079a800000)
 ParOldGen       total 4096000K, used 3614470K [0x0000000649000000, 0x0000000743000000, 0x0000000743000000)
  object space 4096000K, 88% used [0x0000000649000000,0x00000007259c1838,0x0000000743000000)
 Metaspace       used 4995K, capacity 5395K, committed 5632K, reserved 1056768K
  class space    used 441K, capacity 466K, committed 512K, reserved 1048576K

Card table byte_map: [0x00002aebee32d000,0x00002aebeeee6000] byte_map_base: 0x00002aebeb0e5000

Marking Bits: (ParMarkBitMap*) 0x00002aebda875660
 Begin Bits: [0x00002aebefaba000, 0x00002aebf587a000)
 End Bits:   [0x00002aebf587a000, 0x00002aebfb63a000)

Polling page: 0x00002aebdecdc000

CodeCache: size=245760Kb used=8969Kb max_used=8993Kb free=236790Kb
 bounds [0x00002aebdef6d000, 0x00002aebdf86d000, 0x00002aebedf6d000]
 total_blobs=1291 nmethods=1020 adapters=187
 compilation: enabled

Compilation events (10 events):
Event: 529.475 Thread 0x00000000032d0000 1592       4       java.nio.charset.Charset::atBugLevel (44 bytes)
Event: 529.476 Thread 0x00000000032d0000 nmethod 1592 0x00002aebdf263d90 code [0x00002aebdf263ee0, 0x00002aebdf263fd8]
Event: 529.569 Thread 0x00000000032d0000 1593  s    4       java.io.FileDescriptor::attach (73 bytes)
Event: 529.571 Thread 0x00000000032d0000 nmethod 1593 0x00002aebdf4ee990 code [0x00002aebdf4eeae0, 0x00002aebdf4eed18]
Event: 529.585 Thread 0x0000000003288800 1594       4       java.util.TreeMap$KeySet::iterator (32 bytes)
Event: 529.589 Thread 0x0000000003288800 nmethod 1594 0x00002aebdf1191d0 code [0x00002aebdf119340, 0x00002aebdf1194d8]
Event: 529.648 Thread 0x00000000032d0000 1595   !   4       java.nio.charset.Charset::defaultCharset (65 bytes)
Event: 529.649 Thread 0x00000000032d0000 nmethod 1595 0x00002aebdf1797d0 code [0x00002aebdf179920, 0x00002aebdf179998]
Event: 529.685 Thread 0x0000000003288800 1596       4       sun.nio.cs.UTF_8::newEncoder (10 bytes)
Event: 529.686 Thread 0x0000000003288800 nmethod 1596 0x00002aebdf2ca3d0 code [0x00002aebdf2ca520, 0x00002aebdf2ca628]

GC Heap History (10 events):
Event: 517.797 GC heap after
Heap after GC invocations=183 (full 11):
 PSYoungGen      total 1521664K, used 298048K [0x0000000743000000, 0x00000007c0000000, 0x00000007c0000000)
  eden space 979456K, 0% used [0x0000000743000000,0x0000000743000000,0x000000077ec80000)
  from space 542208K, 54% used [0x000000079ee80000,0x00000007b1190040,0x00000007c0000000)
  to   space 526336K, 0% used [0x000000077ec80000,0x000000077ec80000,0x000000079ee80000)
 ParOldGen       total 4096000K, used 3322254K [0x0000000649000000, 0x0000000743000000, 0x0000000743000000)
  object space 4096000K, 81% used [0x0000000649000000,0x0000000713c63828,0x0000000743000000)
 Metaspace       used 4995K, capacity 5395K, committed 5632K, reserved 1056768K
  class space    used 441K, capacity 466K, committed 512K, reserved 1048576K
}
Event: 520.008 GC heap before
{Heap before GC invocations=184 (full 11):
 PSYoungGen      total 1521664K, used 1277504K [0x0000000743000000, 0x00000007c0000000, 0x00000007c0000000)
  eden space 979456K, 100% used [0x0000000743000000,0x000000077ec80000,0x000000077ec80000)
  from space 542208K, 54% used [0x000000079ee80000,0x00000007b1190040,0x00000007c0000000)
  to   space 526336K, 0% used [0x000000077ec80000,0x000000077ec80000,0x000000079ee80000)
 ParOldGen       total 4096000K, used 3322254K [0x0000000649000000, 0x0000000743000000, 0x0000000743000000)
  object space 4096000K, 81% used [0x0000000649000000,0x0000000713c63828,0x0000000743000000)
 Metaspace       used 4995K, capacity 5395K, committed 5632K, reserved 1056768K
  class space    used 441K, capacity 466K, committed 512K, reserved 1048576K
Event: 520.337 GC heap after
Heap after GC invocations=184 (full 11):
 PSYoungGen      total 1505792K, used 359856K [0x0000000743000000, 0x00000007c0000000, 0x00000007c0000000)
  eden space 979456K, 0% used [0x0000000743000000,0x0000000743000000,0x000000077ec80000)
  from space 526336K, 68% used [0x000000077ec80000,0x0000000794bec080,0x000000079ee80000)
  to   space 534016K, 0% used [0x000000079f680000,0x000000079f680000,0x00000007c0000000)
 ParOldGen       total 4096000K, used 3322254K [0x0000000649000000, 0x0000000743000000, 0x0000000743000000)
  object space 4096000K, 81% used [0x0000000649000000,0x0000000713c63828,0x0000000743000000)
 Metaspace       used 4995K, capacity 5395K, committed 5632K, reserved 1056768K
  class space    used 441K, capacity 466K, committed 512K, reserved 1048576K
}
Event: 523.075 GC heap before
{Heap before GC invocations=185 (full 11):
 PSYoungGen      total 1505792K, used 1339312K [0x0000000743000000, 0x00000007c0000000, 0x00000007c0000000)
  eden space 979456K, 100% used [0x0000000743000000,0x000000077ec80000,0x000000077ec80000)
  from space 526336K, 68% used [0x000000077ec80000,0x0000000794bec080,0x000000079ee80000)
  to   space 534016K, 0% used [0x000000079f680000,0x000000079f680000,0x00000007c0000000)
 ParOldGen       total 4096000K, used 3322254K [0x0000000649000000, 0x0000000743000000, 0x0000000743000000)
  object space 4096000K, 81% used [0x0000000649000000,0x0000000713c63828,0x0000000743000000)
 Metaspace       used 4995K, capacity 5395K, committed 5632K, reserved 1056768K
  class space    used 441K, capacity 466K, committed 512K, reserved 1048576K
Event: 523.476 GC heap after
Heap after GC invocations=185 (full 11):
 PSYoungGen      total 1442304K, used 443872K [0x0000000743000000, 0x00000007c0000000, 0x00000007c0000000)
  eden space 908288K, 0% used [0x0000000743000000,0x0000000743000000,0x000000077a700000)
  from space 534016K, 83% used [0x000000079f680000,0x00000007ba7f8070,0x00000007c0000000)
  to   space 569856K, 0% used [0x000000077a700000,0x000000077a700000,0x000000079d380000)
 ParOldGen       total 4096000K, used 3322254K [0x0000000649000000, 0x0000000743000000, 0x0000000743000000)
  object space 4096000K, 81% used [0x0000000649000000,0x0000000713c63828,0x0000000743000000)
 Metaspace       used 4995K, capacity 5395K, committed 5632K, reserved 1056768K
  class space    used 441K, capacity 466K, committed 512K, reserved 1048576K
}
Event: 525.326 GC heap before
{Heap before GC invocations=186 (full 11):
 PSYoungGen      total 1442304K, used 1352160K [0x0000000743000000, 0x00000007c0000000, 0x00000007c0000000)
  eden space 908288K, 100% used [0x0000000743000000,0x000000077a700000,0x000000077a700000)
  from space 534016K, 83% used [0x000000079f680000,0x00000007ba7f8070,0x00000007c0000000)
  to   space 569856K, 0% used [0x000000077a700000,0x000000077a700000,0x000000079d380000)
 ParOldGen       total 4096000K, used 3322254K [0x0000000649000000, 0x0000000743000000, 0x0000000743000000)
  object space 4096000K, 81% used [0x0000000649000000,0x0000000713c63828,0x0000000743000000)
 Metaspace       used 4995K, capacity 5395K, committed 5632K, reserved 1056768K
  class space    used 441K, capacity 466K, committed 512K, reserved 1048576K
Event: 525.806 GC heap after
Heap after GC invocations=186 (full 11):
 PSYoungGen      total 1397760K, used 489120K [0x0000000743000000, 0x00000007c0000000, 0x00000007c0000000)
  eden space 908288K, 0% used [0x0000000743000000,0x0000000743000000,0x000000077a700000)
  from space 489472K, 99% used [0x000000077a700000,0x00000007984a8060,0x0000000798500000)
  to   space 614400K, 0% used [0x000000079a800000,0x000000079a800000,0x00000007c0000000)
 ParOldGen       total 4096000K, used 3353934K [0x0000000649000000, 0x0000000743000000, 0x0000000743000000)
  object space 4096000K, 81% used [0x0000000649000000,0x0000000715b53838,0x0000000743000000)
 Metaspace       used 4995K, capacity 5395K, committed 5632K, reserved 1056768K
  class space    used 441K, capacity 466K, committed 512K, reserved 1048576K
}
Event: 528.613 GC heap before
{Heap before GC invocations=187 (full 11):
 PSYoungGen      total 1397760K, used 1397408K [0x0000000743000000, 0x00000007c0000000, 0x00000007c0000000)
  eden space 908288K, 100% used [0x0000000743000000,0x000000077a700000,0x000000077a700000)
  from space 489472K, 99% used [0x000000077a700000,0x00000007984a8060,0x0000000798500000)
  to   space 614400K, 0% used [0x000000079a800000,0x000000079a800000,0x00000007c0000000)
 ParOldGen       total 4096000K, used 3353934K [0x0000000649000000, 0x0000000743000000, 0x0000000743000000)
  object space 4096000K, 81% used [0x0000000649000000,0x0000000715b53838,0x0000000743000000)
 Metaspace       used 4995K, capacity 5395K, committed 5632K, reserved 1056768K
  class space    used 441K, capacity 466K, committed 512K, reserved 1048576K
Event: 529.129 GC heap after
Heap after GC invocations=187 (full 11):
 PSYoungGen      total 1439744K, used 378144K [0x0000000743000000, 0x00000007c0000000, 0x00000007c0000000)
  eden space 825344K, 0% used [0x0000000743000000,0x0000000743000000,0x0000000775600000)
  from space 614400K, 61% used [0x000000079a800000,0x00000007b1948030,0x00000007c0000000)
  to   space 608256K, 0% used [0x0000000775600000,0x0000000775600000,0x000000079a800000)
 ParOldGen       total 4096000K, used 3500454K [0x0000000649000000, 0x0000000743000000, 0x0000000743000000)
  object space 4096000K, 85% used [0x0000000649000000,0x000000071ea69838,0x0000000743000000)
 Metaspace       used 4995K, capacity 5395K, committed 5632K, reserved 1056768K
  class space    used 441K, capacity 466K, committed 512K, reserved 1048576K
}
Event: 530.926 GC heap before
{Heap before GC invocations=188 (full 11):
 PSYoungGen      total 1439744K, used 1203488K [0x0000000743000000, 0x00000007c0000000, 0x00000007c0000000)
  eden space 825344K, 100% used [0x0000000743000000,0x0000000775600000,0x0000000775600000)
  from space 614400K, 61% used [0x000000079a800000,0x00000007b1948030,0x00000007c0000000)
  to   space 608256K, 0% used [0x0000000775600000,0x0000000775600000,0x000000079a800000)
 ParOldGen       total 4096000K, used 3500454K [0x0000000649000000, 0x0000000743000000, 0x0000000743000000)
  object space 4096000K, 85% used [0x0000000649000000,0x000000071ea69838,0x0000000743000000)
 Metaspace       used 4995K, capacity 5395K, committed 5632K, reserved 1056768K
  class space    used 441K, capacity 466K, committed 512K, reserved 1048576K

Deoptimization events (10 events):
Event: 469.737 Thread 0x00000000031d4000 Uncommon trap: reason=unstable_if action=reinterpret pc=0x00002aebdf0fc3f8 method=java.lang.CharacterDataLatin1.digit(II)I @ 31
Event: 469.738 Thread 0x00000000031d4000 Uncommon trap: reason=unloaded action=reinterpret pc=0x00002aebdf3293a8 method=java.lang.Integer.parseInt(Ljava/lang/String;I)I @ 149
Event: 471.701 Thread 0x00000000031d4000 Uncommon trap: reason=unstable_if action=reinterpret pc=0x00002aebdf313338 method=uk.ac.leeds.ccg.andyt.projects.digitalwelfare.data.shbe.DW_SHBE_D_Record.setFamilyPremiumAwarded(I[Ljava/lang/String;)V @ 38
Event: 488.512 Thread 0x00000000031d4000 Uncommon trap: reason=unstable_if action=reinterpret pc=0x00002aebdf49d9fc method=uk.ac.leeds.ccg.andyt.projects.digitalwelfare.data.shbe.DW_SHBE_D_Record.setExtendedPaymentCase(I[Ljava/lang/String;)V @ 38
Event: 488.513 Thread 0x00000000031d4000 Uncommon trap: reason=unstable_if action=reinterpret pc=0x00002aebdf7f4f04 method=uk.ac.leeds.ccg.andyt.projects.digitalwelfare.data.shbe.DW_SHBE_DC_RecordAbstract.setWasThereABackdatedAwardMadeOnTheCTBClaim(I[Ljava/lang/String;)V @ 9
Event: 488.574 Thread 0x00000000031d4000 Uncommon trap: reason=unstable_if action=reinterpret pc=0x00002aebdf7e324c method=uk.ac.leeds.ccg.andyt.projects.digitalwelfare.data.shbe.DW_SHBE_D_Record.setSecondAdultRebate(I[Ljava/lang/String;)V @ 40
Event: 488.574 Thread 0x00000000031d4000 Uncommon trap: reason=unstable_if action=reinterpret pc=0x00002aebdf430d84 method=uk.ac.leeds.ccg.andyt.projects.digitalwelfare.data.shbe.DW_SHBE_DC_RecordAbstract.setWasThereABackdatedAwardMadeOnTheHBClaim(I[Ljava/lang/String;)V @ 9
Event: 488.753 Thread 0x00000000031d4000 Uncommon trap: reason=unstable_if action=reinterpret pc=0x00002aebdf40df48 method=sun.misc.FloatingDecimal.readJavaFormatString(Ljava/lang/String;)Lsun/misc/FloatingDecimal$ASCIIToBinaryConverter; @ 263
Event: 488.999 Thread 0x00000000031d4000 Uncommon trap: reason=unstable_if action=reinterpret pc=0x00002aebdf6aa9b4 method=uk.ac.leeds.ccg.andyt.projects.digitalwelfare.data.shbe.DW_SHBE_DAC_RecordAbstract.setPassportedStandardIndicator(I[Ljava/lang/String;)V @ 203
Event: 492.068 Thread 0x00000000031d4000 Uncommon trap: reason=null_check action=make_not_entrant pc=0x00002aebdf191ef4 method=uk.ac.leeds.ccg.andyt.projects.digitalwelfare.process.DW_DataProcessor_LCC.printOutCountsByArea(Ljava/util/TreeMap;Ljava/lang/String;Ljava/lang/String;Ljava/lang/String;

Internal exceptions (10 events):
Event: 0.208 Thread 0x00000000031d4000 Exception <a 'java/security/PrivilegedActionException'> (0x000000074335b090) thrown at [/HUDSON/workspace/8-2-build-linux-amd64/jdk8u51/3951/hotspot/src/share/vm/prims/jvm.cpp, line 1382]
Event: 0.208 Thread 0x00000000031d4000 Exception <a 'java/security/PrivilegedActionException'> (0x000000074335b248) thrown at [/HUDSON/workspace/8-2-build-linux-amd64/jdk8u51/3951/hotspot/src/share/vm/prims/jvm.cpp, line 1382]
Event: 0.208 Thread 0x00000000031d4000 Exception <a 'java/security/PrivilegedActionException'> (0x000000074335c050) thrown at [/HUDSON/workspace/8-2-build-linux-amd64/jdk8u51/3951/hotspot/src/share/vm/prims/jvm.cpp, line 1382]
Event: 0.208 Thread 0x00000000031d4000 Exception <a 'java/security/PrivilegedActionException'> (0x000000074335c208) thrown at [/HUDSON/workspace/8-2-build-linux-amd64/jdk8u51/3951/hotspot/src/share/vm/prims/jvm.cpp, line 1382]
Event: 0.208 Thread 0x00000000031d4000 Exception <a 'java/security/PrivilegedActionException'> (0x000000074335d010) thrown at [/HUDSON/workspace/8-2-build-linux-amd64/jdk8u51/3951/hotspot/src/share/vm/prims/jvm.cpp, line 1382]
Event: 0.208 Thread 0x00000000031d4000 Exception <a 'java/security/PrivilegedActionException'> (0x000000074335d1c8) thrown at [/HUDSON/workspace/8-2-build-linux-amd64/jdk8u51/3951/hotspot/src/share/vm/prims/jvm.cpp, line 1382]
Event: 23.892 Thread 0x00000000031d4000 Implicit null exception at 0x00002aebdf4bd4d5 to 0x00002aebdf4bdb25
Event: 23.932 Thread 0x00000000031d4000 Exception <a 'java/lang/NoSuchMethodError': <clinit>> (0x000000078cc71148) thrown at [/HUDSON/workspace/8-2-build-linux-amd64/jdk8u51/3951/hotspot/src/share/vm/prims/jni.cpp, line 1598]
Event: 26.478 Thread 0x00000000031d4000 Implicit null exception at 0x00002aebdf4eb7c7 to 0x00002aebdf4ebde9
Event: 85.278 Thread 0x00000000031d4000 Implicit null exception at 0x00002aebdf13b788 to 0x00002aebdf1433a9

Events (10 events):
Event: 520.337 Executing VM operation: ParallelGCFailedAllocation done
Event: 523.075 Executing VM operation: ParallelGCFailedAllocation
Event: 523.476 Executing VM operation: ParallelGCFailedAllocation done
Event: 525.326 Executing VM operation: ParallelGCFailedAllocation
Event: 525.806 Executing VM operation: ParallelGCFailedAllocation done
Event: 528.613 Executing VM operation: ParallelGCFailedAllocation
Event: 529.129 Executing VM operation: ParallelGCFailedAllocation done
Event: 529.838 Thread 0x00000000031d4000 DEOPT PACKING pc=0x00002aebdf835ad9 sp=0x00002aebde89f320
Event: 529.838 Thread 0x00000000031d4000 DEOPT UNPACKING pc=0x00002aebdefb3f73 sp=0x00002aebde89f3e8 mode 0
Event: 530.926 Executing VM operation: ParallelGCFailedAllocation


Dynamic libraries:
00400000-00401000 r-xp 00000000 08:01 693318                             /usr/java/jdk1.8.0_51/bin/java
00600000-00601000 rw-p 00000000 08:01 693318                             /usr/java/jdk1.8.0_51/bin/java
031c6000-04c5e000 rw-p 031c6000 00:00 0                                  [heap]
649000000-7c0080000 rw-p 649000000 00:00 0 
7c0080000-800000000 ---p 7c0080000 00:00 0 
3136200000-313621c000 r-xp 00000000 08:01 3953536                        /lib64/ld-2.5.so
313641c000-313641d000 r--p 0001c000 08:01 3953536                        /lib64/ld-2.5.so
313641d000-313641e000 rw-p 0001d000 08:01 3953536                        /lib64/ld-2.5.so
3136600000-313674f000 r-xp 00000000 08:01 3953537                        /lib64/libc-2.5.so
313674f000-313694f000 ---p 0014f000 08:01 3953537                        /lib64/libc-2.5.so
313694f000-3136953000 r--p 0014f000 08:01 3953537                        /lib64/libc-2.5.so
3136953000-3136954000 rw-p 00153000 08:01 3953537                        /lib64/libc-2.5.so
3136954000-3136959000 rw-p 3136954000 00:00 0 
3136a00000-3136a82000 r-xp 00000000 08:01 3953542                        /lib64/libm-2.5.so
3136a82000-3136c81000 ---p 00082000 08:01 3953542                        /lib64/libm-2.5.so
3136c81000-3136c82000 r--p 00081000 08:01 3953542                        /lib64/libm-2.5.so
3136c82000-3136c83000 rw-p 00082000 08:01 3953542                        /lib64/libm-2.5.so
3136e00000-3136e02000 r-xp 00000000 08:01 3953554                        /lib64/libdl-2.5.so
3136e02000-3137002000 ---p 00002000 08:01 3953554                        /lib64/libdl-2.5.so
3137002000-3137003000 r--p 00002000 08:01 3953554                        /lib64/libdl-2.5.so
3137003000-3137004000 rw-p 00003000 08:01 3953554                        /lib64/libdl-2.5.so
3137600000-3137616000 r-xp 00000000 08:01 3953595                        /lib64/libpthread-2.5.so
3137616000-3137816000 ---p 00016000 08:01 3953595                        /lib64/libpthread-2.5.so
3137816000-3137817000 r--p 00016000 08:01 3953595                        /lib64/libpthread-2.5.so
3137817000-3137818000 rw-p 00017000 08:01 3953595                        /lib64/libpthread-2.5.so
3137818000-313781c000 rw-p 3137818000 00:00 0 
313a600000-313a607000 r-xp 00000000 08:01 3953597                        /lib64/librt-2.5.so
313a607000-313a807000 ---p 00007000 08:01 3953597                        /lib64/librt-2.5.so
313a807000-313a808000 r--p 00007000 08:01 3953597                        /lib64/librt-2.5.so
313a808000-313a809000 rw-p 00008000 08:01 3953597                        /lib64/librt-2.5.so
2aebd9691000-2aebd9693000 rw-p 2aebd9691000 00:00 0 
2aebd96be000-2aebd96d3000 r-xp 00000000 08:01 1013081                    /usr/java/jdk1.8.0_51/lib/amd64/jli/libjli.so
2aebd96d3000-2aebd98d3000 ---p 00015000 08:01 1013081                    /usr/java/jdk1.8.0_51/lib/amd64/jli/libjli.so
2aebd98d3000-2aebd98d4000 rw-p 00015000 08:01 1013081                    /usr/java/jdk1.8.0_51/lib/amd64/jli/libjli.so
2aebd98d4000-2aebd98d7000 rw-p 2aebd98d4000 00:00 0 
2aebd98d7000-2aebda585000 r-xp 00000000 08:01 1012855                    /usr/java/jdk1.8.0_51/jre/lib/amd64/server/libjvm.so
2aebda585000-2aebda785000 ---p 00cae000 08:01 1012855                    /usr/java/jdk1.8.0_51/jre/lib/amd64/server/libjvm.so
2aebda785000-2aebda85c000 rw-p 00cae000 08:01 1012855                    /usr/java/jdk1.8.0_51/jre/lib/amd64/server/libjvm.so
2aebda85c000-2aebda8a0000 rw-p 2aebda85c000 00:00 0 
2aebda8a0000-2aebda8a3000 ---p 2aebda8a0000 00:00 0 
2aebda8a3000-2aebde8a1000 rw-p 2aebda8a3000 00:00 0 
2aebde8a1000-2aebde8ae000 r-xp 00000000 08:01 787931                     /usr/java/jdk1.8.0_51/jre/lib/amd64/libverify.so
2aebde8ae000-2aebdeaae000 ---p 0000d000 08:01 787931                     /usr/java/jdk1.8.0_51/jre/lib/amd64/libverify.so
2aebdeaae000-2aebdeab0000 rw-p 0000d000 08:01 787931                     /usr/java/jdk1.8.0_51/jre/lib/amd64/libverify.so
2aebdeab0000-2aebdeada000 r-xp 00000000 08:01 787878                     /usr/java/jdk1.8.0_51/jre/lib/amd64/libjava.so
2aebdeada000-2aebdecda000 ---p 0002a000 08:01 787878                     /usr/java/jdk1.8.0_51/jre/lib/amd64/libjava.so
2aebdecda000-2aebdecdc000 rw-p 0002a000 08:01 787878                     /usr/java/jdk1.8.0_51/jre/lib/amd64/libjava.so
2aebdecdc000-2aebdecdd000 ---p 2aebdecdc000 00:00 0 
2aebdecdd000-2aebdecde000 rw-p 2aebdecdd000 00:00 0 
2aebdecde000-2aebded4a000 r--s 00000000 08:01 425480                     /var/db/nscd/passwd
2aebded4a000-2aebded52000 rw-s 00000000 08:01 1698949                    /tmp/hsperfdata_geoagdt/386
2aebded52000-2aebded6c000 r-xp 00000000 08:01 787932                     /usr/java/jdk1.8.0_51/jre/lib/amd64/libzip.so
2aebded6c000-2aebdef6c000 ---p 0001a000 08:01 787932                     /usr/java/jdk1.8.0_51/jre/lib/amd64/libzip.so
2aebdef6c000-2aebdef6d000 rw-p 0001a000 08:01 787932                     /usr/java/jdk1.8.0_51/jre/lib/amd64/libzip.so
2aebdef6d000-2aebdf86d000 rwxp 2aebdef6d000 00:00 0 
2aebdf86d000-2aebedf6d000 ---p 2aebdf86d000 00:00 0 
2aebedf6d000-2aebedf91000 rw-p 2aebedf6d000 00:00 0 
2aebedf91000-2aebee32d000 ---p 2aebedf91000 00:00 0 
2aebee32d000-2aebef6b6000 rw-p 2aebee32d000 00:00 0 
2aebef6b6000-2aebef6b7000 ---p 2aebef6b6000 00:00 0 
2aebef6b7000-2aebef7b7000 rw-p 2aebef6b7000 00:00 0 
2aebef7b7000-2aebef7b8000 ---p 2aebef7b7000 00:00 0 
2aebef7b8000-2aebef8b8000 rw-p 2aebef7b8000 00:00 0 
2aebef8b8000-2aebef8b9000 ---p 2aebef8b8000 00:00 0 
2aebef8b9000-2aebef9b9000 rw-p 2aebef8b9000 00:00 0 
2aebef9b9000-2aebef9ba000 ---p 2aebef9b9000 00:00 0 
2aebef9ba000-2aebfc768000 rw-p 2aebef9ba000 00:00 0 
2aebfc768000-2aebfca68000 ---p 2aebfc768000 00:00 0 
2aebfca68000-2aebfcb61000 rw-p 2aebfca68000 00:00 0 
2aebfcb61000-2aebfcd39000 r--s 03cc6000 08:01 788071                     /usr/java/jdk1.8.0_51/jre/lib/rt.jar
2aebfcd39000-2aebfdd3c000 rw-p 2aebfcd39000 00:00 0 
2aebfdd3c000-2aebfdd3d000 ---p 2aebfdd3c000 00:00 0 
2aebfdd3d000-2aebfde3d000 rw-p 2aebfdd3d000 00:00 0 
2aebfde3d000-2aebfde40000 ---p 2aebfde3d000 00:00 0 
2aebfde40000-2aec01e3e000 rw-p 2aebfde40000 00:00 0 
2aec01e3e000-2aec01e41000 ---p 2aec01e3e000 00:00 0 
2aec01e41000-2aec05e3f000 rw-p 2aec01e41000 00:00 0 
2aec05e3f000-2aec09416000 r--p 00000000 08:01 5521023                    /usr/lib/locale/locale-archive
2aec09416000-2aec09419000 ---p 2aec09416000 00:00 0 
2aec09419000-2aec0d417000 rw-p 2aec09419000 00:00 0 
2aec0d417000-2aec0d41a000 ---p 2aec0d417000 00:00 0 
2aec0d41a000-2aec0d518000 rw-p 2aec0d41a000 00:00 0 
2aec0d518000-2aec0d51b000 ---p 2aec0d518000 00:00 0 
2aec0d51b000-2aec0d619000 rw-p 2aec0d51b000 00:00 0 
2aec0d619000-2aec0d61c000 ---p 2aec0d619000 00:00 0 
2aec0d61c000-2aec0d71a000 rw-p 2aec0d61c000 00:00 0 
2aec0d71a000-2aec0d72b000 r--s 000ac000 08:03 92095247                   /scratch01/.m2/repository/com/vividsolutions/jts/1.12/jts-1.12.jar
2aec0d72b000-2aec0d73d000 r--s 000c9000 08:03 89719020                   /scratch01/.m2/repository/xerces/xercesImpl/2.4.0/xercesImpl-2.4.0.jar
2aec0d73d000-2aec0d73f000 r--s 00014000 08:03 89736500                   /scratch01/.m2/repository/org/geotools/gt-data/13-SNAPSHOT/gt-data-13-SNAPSHOT.jar
2aec0d73f000-2aec0d741000 r--s 00023000 08:03 92783346                   /scratch01/.m2/repository/org/jdom/jdom/1.1.3/jdom-1.1.3.jar
2aec0d741000-2aec0d755000 r--s 001bd000 08:03 89720347                   /scratch01/.m2/repository/javax/media/jai_core/1.1.3/jai_core-1.1.3.jar
2aec0d755000-2aec0d757000 r--s 001dd000 08:03 89736287                   /scratch01/.m2/repository/org/geotools/gt-epsg-hsql/13-SNAPSHOT/gt-epsg-hsql-13-SNAPSHOT.jar
2aec0d757000-2aec0d766000 r--s 00109000 08:03 89736256                   /scratch01/.m2/repository/org/geotools/gt-referencing/13-SNAPSHOT/gt-referencing-13-SNAPSHOT.jar
2aec0d766000-2aec0d768000 r--s 0003b000 08:03 89719038                   /scratch01/.m2/repository/java3d/vecmath/1.3.2/vecmath-1.3.2.jar
2aec0d768000-2aec0d76b000 r--s 00015000 08:03 89718910                   /scratch01/.m2/repository/commons-pool/commons-pool/1.5.4/commons-pool-1.5.4.jar
2aec0d76b000-2aec0d774000 r--s 00074000 08:03 89736251                   /scratch01/.m2/repository/org/geotools/gt-metadata/13-SNAPSHOT/gt-metadata-13-SNAPSHOT.jar
2aec0d774000-2aec0d782000 r--s 00047000 08:03 89736245                   /scratch01/.m2/repository/org/geotools/gt-opengis/13-SNAPSHOT/gt-opengis-13-SNAPSHOT.jar
2aec0d782000-2aec0d785000 r--s 00014000 08:03 89718882                   /scratch01/.m2/repository/net/java/dev/jsr-275/jsr-275/1.0-beta-2/jsr-275-1.0-beta-2.jar
2aec0d785000-2aec0d786000 r--s 00002000 08:03 91784286                   /scratch01/.m2/repository/jgridshift/jgridshift/1.0/jgridshift-1.0.jar
2aec0d786000-2aec0d793000 r--s 00148000 08:03 93045540                   /scratch01/.m2/repository/org/hsqldb/hsqldb/2.2.8/hsqldb-2.2.8.jar
2aec0d793000-2aec0d79b000 r--s 0004c000 08:03 89738093                   /scratch01/.m2/repository/org/geotools/gt-swing/13-SNAPSHOT/gt-swing-13-SNAPSHOT.jar
2aec0d79b000-2aec0d7a3000 r--s 0007d000 08:03 89736625                   /scratch01/.m2/repository/org/geotools/gt-render/13-SNAPSHOT/gt-render-13-SNAPSHOT.jar
2aec0d7a3000-2aec0d7a5000 r--s 00011000 08:03 92160646                   /scratch01/.m2/repository/com/miglayout/miglayout/3.7/miglayout-3.7-swing.jar
2aec0d7a5000-2aec0d7a8000 r--s 0001f000 08:03 89737970                   /scratch01/.m2/repository/org/geotools/gt-brewer/13-SNAPSHOT/gt-brewer-13-SNAPSHOT.jar
2aec0d7a8000-2aec0d7ad000 r--s 0002b000 08:03 89736261                   /scratch01/.m2/repository/org/geotools/gt-api/13-SNAPSHOT/gt-api-13-SNAPSHOT.jar
2aec0d7ad000-2aec0d7c7000 r--s 00185000 08:03 89736292                   /scratch01/.m2/repository/org/geotools/gt-main/13-SNAPSHOT/gt-main-13-SNAPSHOT.jar
2aec0d7c7000-2aec0d7ca000 r--s 0002e000 08:03 89736494                   /scratch01/.m2/repository/org/geotools/gt-cql/13-SNAPSHOT/gt-cql-13-SNAPSHOT.jar
2aec0d7ca000-2aec0d7cc000 r--s 00006000 08:03 89736522                   /scratch01/.m2/repository/org/geotools/gt-geotiff/13-SNAPSHOT/gt-geotiff-13-SNAPSHOT.jar
2aec0d7cc000-2aec0d7dd000 r--s 00106000 08:03 89720338                   /scratch01/.m2/repository/javax/media/jai_imageio/1.1/jai_imageio-1.1.jar
2aec0d7dd000-2aec0d7e5000 r--s 00046000 08:03 110412263                  /scratch01/.m2/repository/it/geosolutions/imageio-ext/imageio-ext-tiff/1.1.11/imageio-ext-tiff-1.1.11.jar
2aec0d7e5000-2aec0d7e6000 r--s 00009000 08:03 110837798                  /scratch01/.m2/repository/it/geosolutions/imageio-ext/imageio-ext-utilities/1.1.11/imageio-ext-utilities-1.1.11.jar
2aec0d7e6000-2aec0d7ea000 r--s 0003c000 08:03 89720334                   /scratch01/.m2/repository/javax/media/jai_codec/1.1.3/jai_codec-1.1.3.jar
2aec0d7ea000-2aec0d7eb000 r--s 00005000 08:03 89736959                   /scratch01/.m2/repository/org/geotools/gt-image/13-SNAPSHOT/gt-image-13-SNAPSHOT.jar
2aec0d7eb000-2aec0d7f3000 r--s 00079000 08:03 89736510                   /scratch01/.m2/repository/org/geotools/gt-coverage/13-SNAPSHOT/gt-coverage-13-SNAPSHOT.jar
2aec0d7f3000-2aec0d7f4000 r--s 00004000 08:03 91980675                   /scratch01/.m2/repository/org/jaitools/jt-zonalstats/1.3.1/jt-zonalstats-1.3.1.jar
2aec0d7f4000-2aec0d7f8000 r--s 0002e000 08:03 92078868                   /scratch01/.m2/repository/org/jaitools/jt-utils/1.3.1/jt-utils-1.3.1.jar
2aec0d7f8000-2aec0d7fa000 r--s 00012000 08:03 89737206                   /scratch01/.m2/repository/org/geotools/gt-imageio-ext-gdal/13-SNAPSHOT/gt-imageio-ext-gdal-13-SNAPSHOT.jar
2aec0d7fa000-2aec0d7fc000 r--s 00000000 08:03 111657304                  /scratch01/.m2/repository/it/geosolutions/imageio-ext/imageio-ext-gdalarcbinarygrid/1.1.11/imageio-ext-gdalarcbinarygrid-1.1.11.jar
2aec0d7fc000-2aec0d7fe000 r--s 0000d000 08:03 111804850                  /scratch01/.m2/repository/it/geosolutions/imageio-ext/imageio-ext-gdalframework/1.1.11/imageio-ext-gdalframework-1.1.11.jar
2aec0d7fe000-2aec0d7ff000 r--s 00016000 08:03 89737162                   /scratch01/.m2/repository/it/geosolutions/imageio-ext/imageio-ext-gdal-bindings/1.9.2/imageio-ext-gdal-bindings-1.9.2.jar
2aec0d7ff000-2aec0d801000 r--s 00005000 08:03 112069021                  /scratch01/.m2/repository/it/geosolutions/imageio-ext/imageio-ext-geocore/1.1.11/imageio-ext-geocore-1.1.11.jar
2aec0d801000-2aec0d803000 r--s 00001000 08:03 112116198                  /scratch01/.m2/repository/it/geosolutions/imageio-ext/imageio-ext-gdalmrsid/1.1.11/imageio-ext-gdalmrsid-1.1.11.jar
2aec0d803000-2aec0d804000 r--s 00001000 08:03 112542080                  /scratch01/.m2/repository/it/geosolutions/imageio-ext/imageio-ext-gdalecw/1.1.11/imageio-ext-gdalecw-1.1.11.jar
2aec0d804000-2aec0d806000 r--s 00000000 08:03 112607753                  /scratch01/.m2/repository/it/geosolutions/imageio-ext/imageio-ext-gdaldted/1.1.11/imageio-ext-gdaldted-1.1.11.jar
2aec0d806000-2aec0d807000 r--s 00003000 08:03 112689646                  /scratch01/.m2/repository/it/geosolutions/imageio-ext/imageio-ext-gdalkakadujp2/1.1.11/imageio-ext-gdalkakadujp2-1.1.11.jar
2aec0d807000-2aec0d809000 r--s 00000000 08:03 112803873                  /scratch01/.m2/repository/it/geosolutions/imageio-ext/imageio-ext-gdalmrsidjp2/1.1.11/imageio-ext-gdalmrsidjp2-1.1.11.jar
2aec0d809000-2aec0d80b000 r--s 00000000 08:03 112886197                  /scratch01/.m2/repository/it/geosolutions/imageio-ext/imageio-ext-gdalecwjp2/1.1.11/imageio-ext-gdalecwjp2-1.1.11.jar
2aec0d80b000-2aec0d80d000 r--s 00000000 08:03 112967712                  /scratch01/.m2/repository/it/geosolutions/imageio-ext/imageio-ext-gdalehdr/1.1.11/imageio-ext-gdalehdr-1.1.11.jar
2aec0d80d000-2aec0d80f000 r--s 00000000 08:03 113017287                  /scratch01/.m2/repository/it/geosolutions/imageio-ext/imageio-ext-gdalenvihdr/1.1.11/imageio-ext-gdalenvihdr-1.1.11.jar
2aec0d80f000-2aec0d811000 r--s 00000000 08:03 113050051                  /scratch01/.m2/repository/it/geosolutions/imageio-ext/imageio-ext-gdalerdasimg/1.1.11/imageio-ext-gdalerdasimg-1.1.11.jar
2aec0d811000-2aec0d813000 r--s 00000000 08:03 113246719                  /scratch01/.m2/repository/it/geosolutions/imageio-ext/imageio-ext-gdalnitf/1.1.11/imageio-ext-gdalnitf-1.1.11.jar
2aec0d813000-2aec0d815000 r--s 00000000 08:03 113328161                  /scratch01/.m2/repository/it/geosolutions/imageio-ext/imageio-ext-gdalrpftoc/1.1.11/imageio-ext-gdalrpftoc-1.1.11.jar
2aec0d815000-2aec0d817000 r--s 00000000 08:03 113410571                  /scratch01/.m2/repository/it/geosolutions/imageio-ext/imageio-ext-gdalidrisi/1.1.11/imageio-ext-gdalidrisi-1.1.11.jar
2aec0d817000-2aec0d819000 r--s 00005000 08:03 113492002                  /scratch01/.m2/repository/it/geosolutions/imageio-ext/imageio-ext-imagereadmt/1.1.11/imageio-ext-imagereadmt-1.1.11.jar
2aec0d819000-2aec0d81a000 r--s 00005000 08:03 89736544                   /scratch01/.m2/repository/org/geotools/gt-arcgrid/13-SNAPSHOT/gt-arcgrid-13-SNAPSHOT.jar
2aec0d81a000-2aec0d81c000 r--s 00008000 08:03 113574521                  /scratch01/.m2/repository/it/geosolutions/imageio-ext/imageio-ext-arcgrid/1.1.11/imageio-ext-arcgrid-1.1.11.jar
2aec0d81c000-2aec0d81e000 r--s 0000b000 08:03 111853604                  /scratch01/.m2/repository/it/geosolutions/imageio-ext/imageio-ext-streams/1.1.11/imageio-ext-streams-1.1.11.jar
2aec0d81e000-2aec0d822000 r--s 00094000 08:01 787973                     /usr/java/jdk1.8.0_51/jre/lib/jsse.jar
2aec0d822000-2aec0d823000 rw-p 2aec0d822000 00:00 0 
2aec10000000-2aec13615000 rw-p 2aec10000000 00:00 0 
2aec13615000-2aec14000000 ---p 2aec13615000 00:00 0 
2aec14000000-2aec14003000 ---p 2aec14000000 00:00 0 
2aec14003000-2aec18001000 rw-p 2aec14003000 00:00 0 
2aec18001000-2aec18002000 ---p 2aec18001000 00:00 0 
2aec18002000-2aec18102000 rw-p 2aec18002000 00:00 0 
2aec1c000000-2aec1c021000 rw-p 2aec1c000000 00:00 0 
2aec1c021000-2aec20000000 ---p 2aec1c021000 00:00 0 
7ffff8684000-7ffff869b000 rw-p 7ffffffe7000 00:00 0                      [stack]
7ffff87fd000-7ffff8800000 r-xp 7ffff87fd000 00:00 0                      [vdso]
ffffffffff600000-ffffffffffe00000 ---p 00000000 00:00 0                  [vsyscall]

VM Arguments:
jvm_args: -Xms6000m -Xmx6000m -Xss64m -XX:-UseGCOverheadLimit 
java_command: uk.ac.leeds.ccg.andyt.projects.digitalwelfare.process.DW_DataProcessor_LCC n
java_class_path (initial): /nfs/see-fs-02_users/geoagdt/src/andyt/java/projects/enclosure/DigitalWelfare/target/classes:/nfs/see-fs-02_users/geoagdt/.m2/repository/com/vividsolutions/jts/1.12/jts-1.12.jar:/nfs/see-fs-02_users/geoagdt/.m2/repository/xerces/xercesImpl/2.4.0/xercesImpl-2.4.0.jar:/nfs/see-fs-02_users/geoagdt/src/geotools/geotools/modules/plugin/shapefile/target/classes:/nfs/see-fs-02_users/geoagdt/.m2/repository/org/geotools/gt-data/13-SNAPSHOT/gt-data-13-SNAPSHOT.jar:/nfs/see-fs-02_users/geoagdt/.m2/repository/org/jdom/jdom/1.1.3/jdom-1.1.3.jar:/nfs/see-fs-02_users/geoagdt/.m2/repository/javax/media/jai_core/1.1.3/jai_core-1.1.3.jar:/nfs/see-fs-02_users/geoagdt/.m2/repository/org/geotools/gt-epsg-hsql/13-SNAPSHOT/gt-epsg-hsql-13-SNAPSHOT.jar:/nfs/see-fs-02_users/geoagdt/.m2/repository/org/geotools/gt-referencing/13-SNAPSHOT/gt-referencing-13-SNAPSHOT.jar:/nfs/see-fs-02_users/geoagdt/.m2/repository/java3d/vecmath/1.3.2/vecmath-1.3.2.jar:/nfs/see-fs-02_users/geoagdt/.m2/repository/commons-pool/commons-pool/1.5.4/commons-pool-1.5.4.jar:/nfs/see-fs-02_users/geoagdt/.m2/repository/org/geotools/gt-metadata/13-SNAPSHOT/gt-metadata-13-SNAPSHOT.jar:/nfs/see-fs-02_users/geoagdt/.m2/repository/org/geotools/gt-opengis/13-SNAPSHOT/gt-opengis-13-SNAPSHOT.jar:/nfs/see-fs-02_users/geoagdt/.m2/repository/net/java/dev/jsr-275/jsr-275/1.0-beta-2/jsr-275-1.0-beta-2.jar:/nfs/see-fs-02_users/geoagdt/.m2/repository/jgridshift/jgridshift/1.0/jgridshift-1.0.jar:/nfs/see-fs-02_users/geoagdt/.m2/repository/org/hsqldb/hsqldb/2.2.8/hsqldb-2.2.8.jar:/nfs/see-fs-02_users/geoagdt/.m2/repository/org/geotools/gt-swing/13-SNAPSHOT/gt-swing-13-SNAPSHOT.jar:/nfs/see-fs-02_users/geoagdt/.m2/repository/org/geotools/gt-render/13-SNAPSHOT/gt-render-13-SNAPSHOT.jar:/nfs/see-fs-02_users/geoagdt/.m2/repository/com/miglayout/miglayout/3.7/miglayout-3.7-swing.jar:/nfs/see-fs-02_users/geoagdt/.m2/repository/org/geotools/gt-brewer/13-SNAPSHOT/gt-brewer-13-SNAPSHOT.jar:/nfs/see-fs-02_users/geoagdt/
Launcher Type: SUN_STANDARD

Environment Variables:
JAVA_HOME=/usr/java/latest
PATH=/usr/lib64/qt-3.3/bin:/opt/netbeans/bin:/usr/lib64/openmpi/1.4-gcc/bin:/opt/apache-maven/bin:/usr/kerberos/bin:/usr/local/bin:/usr/bin:/bin:/usr/X11R6/bin:.
USERNAME=geoagdt
LD_LIBRARY_PATH=/usr/java/latest/jre/lib/amd64:/usr/java/latest/jre/lib/i386:/usr/lib64/openmpi/1.4-gcc/lib:/opt/apache-maven/lib64
SHELL=/bin/csh
DISPLAY=:0.0
HOSTTYPE=x86_64-linux
OSTYPE=linux
MACHTYPE=x86_64

Signal Handlers:
SIGSEGV: [libjvm.so+0xaad540], sa_mask[0]=11111111011111111101111111111110, sa_flags=SA_RESTART|SA_SIGINFO
SIGBUS: [libjvm.so+0xaad540], sa_mask[0]=11111111011111111101111111111110, sa_flags=SA_RESTART|SA_SIGINFO
SIGFPE: [libjvm.so+0x90b6b0], sa_mask[0]=11111111011111111101111111111110, sa_flags=SA_RESTART|SA_SIGINFO
SIGPIPE: [libjvm.so+0x90b6b0], sa_mask[0]=11111111011111111101111111111110, sa_flags=SA_RESTART|SA_SIGINFO
SIGXFSZ: [libjvm.so+0x90b6b0], sa_mask[0]=11111111011111111101111111111110, sa_flags=SA_RESTART|SA_SIGINFO
SIGILL: [libjvm.so+0x90b6b0], sa_mask[0]=11111111011111111101111111111110, sa_flags=SA_RESTART|SA_SIGINFO
SIGUSR1: SIG_DFL, sa_mask[0]=00000000000000000000000000000000, sa_flags=none
SIGUSR2: [libjvm.so+0x90ccf0], sa_mask[0]=00100000000000000000000000000000, sa_flags=SA_RESTART|SA_SIGINFO
SIGHUP: [libjvm.so+0x90e040], sa_mask[0]=11111111011111111101111111111110, sa_flags=SA_RESTART|SA_SIGINFO
SIGINT: SIG_IGN, sa_mask[0]=00000000000000000000000000000000, sa_flags=none
SIGTERM: [libjvm.so+0x90e040], sa_mask[0]=11111111011111111101111111111110, sa_flags=SA_RESTART|SA_SIGINFO
SIGQUIT: [libjvm.so+0x90e040], sa_mask[0]=11111111011111111101111111111110, sa_flags=SA_RESTART|SA_SIGINFO


---------------  S Y S T E M  ---------------

OS:CentOS release 5.11 (Final)

uname:Linux 2.6.18-406.el5 #1 SMP Tue Jun 2 17:25:57 EDT 2015 x86_64
libc:glibc 2.5 NPTL 2.5 
rlimit: STACK 10240k, CORE 0k, NPROC 63324, NOFILE 1024, AS infinity
load average:2.13 2.05 1.34

/proc/meminfo:
MemTotal:      8108460 kB
MemFree:         44560 kB
Buffers:          5876 kB
Cached:         741236 kB
SwapCached:     766920 kB
Active:        6991372 kB
Inactive:       784388 kB
HighTotal:           0 kB
HighFree:            0 kB
LowTotal:      8108460 kB
LowFree:         44560 kB
SwapTotal:    10153072 kB
SwapFree:      7940012 kB
Dirty:           10704 kB
Writeback:           0 kB
AnonPages:     6886308 kB
Mapped:          32080 kB
Slab:           178928 kB
PageTables:      36016 kB
NFS_Unstable:        0 kB
Bounce:              0 kB
CommitLimit:  14207300 kB
Committed_AS: 10657880 kB
VmallocTotal: 34359738367 kB
VmallocUsed:     25628 kB
VmallocChunk: 34359712639 kB
HugePages_Total:     0
HugePages_Free:      0
HugePages_Rsvd:      0
Hugepagesize:     2048 kB


CPU:total 4 (4 cores per cpu, 1 threads per core) family 6 model 23 stepping 10, cmov, cx8, fxsr, mmx, sse, sse2, sse3, ssse3, sse4.1, tsc

/proc/cpuinfo:
processor	: 0
vendor_id	: GenuineIntel
cpu family	: 6
model		: 23
model name	: Intel(R) Core(TM)2 Quad CPU    Q9400  @ 2.66GHz
stepping	: 10
cpu MHz		: 2664.000
cache size	: 3072 KB
physical id	: 0
siblings	: 4
core id		: 0
cpu cores	: 4
apicid		: 0
fpu		: yes
fpu_exception	: yes
cpuid level	: 13
wp		: yes
flags		: fpu vme de pse tsc msr pae mce cx8 apic sep mtrr pge mca cmov pat pse36 clflush dts acpi mmx fxsr sse sse2 ss ht tm syscall nx lm constant_tsc pni monitor ds_cpl vmx smx est tm2 ssse3 cx16 xtpr sse4_1 lahf_lm
bogomips	: 5332.73
clflush size	: 64
cache_alignment	: 64
address sizes	: 36 bits physical, 48 bits virtual
power management:

processor	: 1
vendor_id	: GenuineIntel
cpu family	: 6
model		: 23
model name	: Intel(R) Core(TM)2 Quad CPU    Q9400  @ 2.66GHz
stepping	: 10
cpu MHz		: 1998.000
cache size	: 3072 KB
physical id	: 0
siblings	: 4
core id		: 1
cpu cores	: 4
apicid		: 1
fpu		: yes
fpu_exception	: yes
cpuid level	: 13
wp		: yes
flags		: fpu vme de pse tsc msr pae mce cx8 apic sep mtrr pge mca cmov pat pse36 clflush dts acpi mmx fxsr sse sse2 ss ht tm syscall nx lm constant_tsc pni monitor ds_cpl vmx smx est tm2 ssse3 cx16 xtpr sse4_1 lahf_lm
bogomips	: 5332.73
clflush size	: 64
cache_alignment	: 64
address sizes	: 36 bits physical, 48 bits virtual
power management:

processor	: 2
vendor_id	: GenuineIntel
cpu family	: 6
model		: 23
model name	: Intel(R) Core(TM)2 Quad CPU    Q9400  @ 2.66GHz
stepping	: 10
cpu MHz		: 2664.000
cache size	: 3072 KB
physical id	: 0
siblings	: 4
core id		: 2
cpu cores	: 4
apicid		: 2
fpu		: yes
fpu_exception	: yes
cpuid level	: 13
wp		: yes
flags		: fpu vme de pse tsc msr pae mce cx8 apic sep mtrr pge mca cmov pat pse36 clflush dts acpi mmx fxsr sse sse2 ss ht tm syscall nx lm constant_tsc pni monitor ds_cpl vmx smx est tm2 ssse3 cx16 xtpr sse4_1 lahf_lm
bogomips	: 5332.73
clflush size	: 64
cache_alignment	: 64
address sizes	: 36 bits physical, 48 bits virtual
power management:

processor	: 3
vendor_id	: GenuineIntel
cpu family	: 6
model		: 23
model name	: Intel(R) Core(TM)2 Quad CPU    Q9400  @ 2.66GHz
stepping	: 10
cpu MHz		: 2664.000
cache size	: 3072 KB
physical id	: 0
siblings	: 4
core id		: 3
cpu cores	: 4
apicid		: 3
fpu		: yes
fpu_exception	: yes
cpuid level	: 13
wp		: yes
flags		: fpu vme de pse tsc msr pae mce cx8 apic sep mtrr pge mca cmov pat pse36 clflush dts acpi mmx fxsr sse sse2 ss ht tm syscall nx lm constant_tsc pni monitor ds_cpl vmx smx est tm2 ssse3 cx16 xtpr sse4_1 lahf_lm
bogomips	: 5332.73
clflush size	: 64
cache_alignment	: 64
address sizes	: 36 bits physical, 48 bits virtual
power management:



Memory: 4k page, physical 8108460k(44560k free), swap 10153072k(7940012k free)

vm_info: Java HotSpot(TM) 64-Bit Server VM (25.51-b03) for linux-amd64 JRE (1.8.0_51-b16), built on Jun  8 2015 19:28:07 by "java_re" with gcc 4.3.0 20080428 (Red Hat 4.3.0-8)

time: Thu Jul 23 16:44:08 2015
elapsed time: 531 seconds (0d 0h 8m 51s)

